#
# A fatal error has been detected by the Java Runtime Environment:
#
#  EXCEPTION_ACCESS_VIOLATION (0xc0000005) at pc=0x00007ffd5a1fbaca, pid=9080, tid=6864
#
# JRE version: Java(TM) SE Runtime Environment (23.0.2+7) (build 23.0.2+7-58)
# Java VM: Java HotSpot(TM) 64-Bit Server VM (23.0.2+7-58, mixed mode, sharing, tiered, compressed oops, compressed class ptrs, g1 gc, windows-amd64)
# Problematic frame:
# V  [jvm.dll+0x6fbaca]
#
# No core dump will be written. Minidumps are not enabled by default on client versions of Windows
#
# If you would like to submit a bug report, please visit:
#   https://bugreport.java.com/bugreport/crash.jsp
#

---------------  S U M M A R Y ------------

Command Line: -Dclassworlds.conf=C:\Program Files\NetBeans-24\netbeans\java\maven\bin\m2.conf -Dmaven.home=C:\Program Files\NetBeans-24\netbeans\java\maven -Dlibrary.jansi.path=C:\Program Files\NetBeans-24\netbeans\java\maven\lib\jansi-native -Dmaven.multiModuleProjectDirectory=C:\Users\Familia Pedraza\Documents\NetBeansProjects\Scanner org.codehaus.plexus.classworlds.launcher.Launcher -Dexec.vmArgs= -Dexec.args=${exec.vmArgs} -classpath %classpath ${exec.mainClass} ${exec.appArgs} -Dexec.appArgs= -Dexec.mainClass=com.mycompany.scanner.Scanner -Dexec.executable=C:\Program Files\Java\jdk-23\bin\java.exe -Dmaven.ext.class.path=C:\Program Files\NetBeans-24\netbeans\java\maven-nblib\netbeans-eventspy.jar --no-transfer-progress process-classes org.codehaus.mojo:exec-maven-plugin:3.1.0:exec

Host: AMD Ryzen 7 3700U with Radeon Vega Mobile Gfx  , 8 cores, 5G,  Windows 11 , 64 bit Build 22621 (10.0.22621.4391)
Time: Fri Feb 14 22:00:46 2025 Hora est. Pacífico, Sudamérica elapsed time: 0.887819 seconds (0d 0h 0m 0s)

---------------  T H R E A D  ---------------

Current thread (0x000001f48458c1d0):  JavaThread "C2 CompilerThread0" daemon [_thread_in_native, id=6864, stack(0x000000c065500000,0x000000c065600000) (1024K)]


Current CompileTask:
C2:887 1112       4       java.io.WinNTFileSystem::normalize (148 bytes)

Stack: [0x000000c065500000,0x000000c065600000],  sp=0x000000c0655fd4a0,  free space=1013k
Native frames: (J=compiled Java code, j=interpreted, Vv=VM code, C=native code)
V  [jvm.dll+0x6fbaca]  (no source info available)
V  [jvm.dll+0x6f4cc3]  (no source info available)
V  [jvm.dll+0x6f6369]  (no source info available)
V  [jvm.dll+0x6f9c60]  (no source info available)
V  [jvm.dll+0x6f1fdf]  (no source info available)
V  [jvm.dll+0x6f1417]  (no source info available)
V  [jvm.dll+0x6ef5e5]  (no source info available)
V  [jvm.dll+0x1c655c]  (no source info available)
V  [jvm.dll+0x243abc]  (no source info available)
V  [jvm.dll+0x1c34b0]  (no source info available)
V  [jvm.dll+0x253df1]  (no source info available)
V  [jvm.dll+0x2520aa]  (no source info available)
V  [jvm.dll+0x3ee226]  (no source info available)
V  [jvm.dll+0x8254cb]  (no source info available)
V  [jvm.dll+0x6df345]  (no source info available)
C  [ucrtbase.dll+0x29333]  (no source info available)
C  [KERNEL32.DLL+0x1259d]  (no source info available)
C  [ntdll.dll+0x5af38]  (no source info available)


siginfo: EXCEPTION_ACCESS_VIOLATION (0xc0000005), reading address 0x0000000000000000


Registers:
RAX=0x000000007fffff00, RBX=0x000000c0655fd810, RCX=0x000000c0655fd810, RDX=0x0000000000000000
RSP=0x000000c0655fd4a0, RBP=0x0000000000000000, RSI=0x0000000000000004, RDI=0x0000000000000000
R8 =0x000001f4ca5b87c8, R9 =0x000001f4ca5798a0, R10=0x0000000000000002, R11=0x0000000000000039
R12=0x000001f4845c7240, R13=0x000001f4845c6fe0, R14=0x000001f4ca5cb1c8, R15=0x000001f4ca5bb4d0
RIP=0x00007ffd5a1fbaca, EFLAGS=0x0000000000010206


Register to memory mapping:

RAX=0x000000007fffff00 is an unknown value
RBX=0x000000c0655fd810 is pointing into the stack for thread: 0x000001f48458c1d0
RCX=0x000000c0655fd810 is pointing into the stack for thread: 0x000001f48458c1d0
RDX=0x0 is null
RSP=0x000000c0655fd4a0 is pointing into the stack for thread: 0x000001f48458c1d0
RBP=0x0 is null
RSI=0x0000000000000004 is an unknown value
RDI=0x0 is null
R8 =0x000001f4ca5b87c8 points into unknown readable memory: 0x00007ffd5a549de8 | e8 9d 54 5a fd 7f 00 00
R9 =0x000001f4ca5798a0 points into unknown readable memory: 0x000001f4ca5c2f28 | 28 2f 5c ca f4 01 00 00
R10=0x0000000000000002 is an unknown value
R11=0x0000000000000039 is an unknown value
R12=0x000001f4845c7240 points into unknown readable memory: 0x00007ffd5a579c30 | 30 9c 57 5a fd 7f 00 00
R13=0x000001f4845c6fe0 points into unknown readable memory: 0x00007ffd5a579c30 | 30 9c 57 5a fd 7f 00 00
R14=0x000001f4ca5cb1c8 points into unknown readable memory: 0x00007ffd5a4bccb0 | b0 cc 4b 5a fd 7f 00 00
R15=0x000001f4ca5bb4d0 points into unknown readable memory: 0x00007ffd5a4bc628 | 28 c6 4b 5a fd 7f 00 00

Top of Stack: (sp=0x000000c0655fd4a0)
0x000000c0655fd4a0:   000001f4ca5cb400 00007ffd59bb3c18
0x000000c0655fd4b0:   000001f4ca5cb3a8 00007ffd5a206f1b
0x000000c0655fd4c0:   0000000000000000 00007ffd5a1f4cc3
0x000000c0655fd4d0:   000001f4ca5cb400 0000000000000004
0x000000c0655fd4e0:   000001f4ca5798a0 0000000000000000
0x000000c0655fd4f0:   0000000000000000 000001f4ca5cb1c8
0x000000c0655fd500:   000000003f666666 0000000000000000
0x000000c0655fd510:   000001f4ca5798a0 0000000000000000
0x000000c0655fd520:   0000000000000000 000001f4ca5cb1c8
0x000000c0655fd530:   000000c0655fd810 00007ffd5a1f6369
0x000000c0655fd540:   000001f4ca5cb360 0000000000000001
0x000000c0655fd550:   000001f4ca5b87c8 000001f4ca5cb2f8
0x000000c0655fd560:   0000000000000000 00007ffd5a206f1b
0x000000c0655fd570:   000001f400000040 000000c0655fd810
0x000000c0655fd580:   000001f4ca5bbc98 000000c000000003
0x000000c0655fd590:   0000000000000000 0000000000000000
0x000000c0655fd5a0:   00000000444f8000 0000000000000000
0x000000c0655fd5b0:   00007ffd59b00000 000000c0655fd810
0x000000c0655fd5c0:   0000000000000070 000001f4ca5b87c8
0x000000c0655fd5d0:   000001f4ca5bb4d0 000001f4ca5cb1c8
0x000000c0655fd5e0:   0000000000000004 00007ffd5a1f9c60
0x000000c0655fd5f0:   0000000000000004 000001f4845627b8
0x000000c0655fd600:   000001f4ca5cb1c8 000001f4ca5cb288
0x000000c0655fd610:   000000c0655fd918 00007ffd5a1f3639
0x000000c0655fd620:   000001f4ca579850 0000000000000000
0x000000c0655fd630:   000000c0655fd810 000000c0655fd810
0x000000c0655fd640:   0000000000000000 00000000ffffffff
0x000000c0655fd650:   000001f4845c6708 000001f4e8352f90
0x000000c0655fd660:   00007ffd59b00000 0000000000000000
0x000000c0655fd670:   0000000000000070 000001f4845627b8
0x000000c0655fd680:   000001f4ca579850 0000000000000000
0x000000c0655fd690:   000000c0655fd810 00007ffd5a1f1fdf 

Instructions: (pc=0x00007ffd5a1fbaca)
0x00007ffd5a1fb9ca:   72 0a 8b d7 48 8b ce e8 da b2 00 00 48 8b 4e 10
0x00007ffd5a1fb9da:   48 89 2c f9 41 8b 46 30 c1 e8 04 a8 01 75 13 49
0x00007ffd5a1fb9ea:   8b 4d 10 48 8b d3 48 8b 89 a8 07 00 00 e8 a4 ce
0x00007ffd5a1fb9fa:   9c ff 44 8b 44 24 58 45 33 c9 48 8b d3 49 8b cd
0x00007ffd5a1fba0a:   e8 e1 f0 ff ff 4c 8b b4 24 50 01 00 00 41 0f 28
0x00007ffd5a1fba1a:   c5 4c 8b bc 24 58 01 00 00 0f 28 f7 48 8b 5c 24
0x00007ffd5a1fba2a:   30 48 8b 44 24 38 8b 2d be 85 5a 00 f3 45 0f 5e
0x00007ffd5a1fba3a:   c1 f3 45 0f 58 e0 f3 41 0f 5c c4 f3 44 0f 58 d8
0x00007ffd5a1fba4a:   41 83 fc 02 0f 83 ec fb ff ff 0f 28 bc 24 e0 00
0x00007ffd5a1fba5a:   00 00 44 0f 28 84 24 d0 00 00 00 44 0f 28 74 24
0x00007ffd5a1fba6a:   70 48 8b bc 24 00 01 00 00 48 8b b4 24 08 01 00
0x00007ffd5a1fba7a:   00 48 8b ac 24 40 01 00 00 44 0f 28 7c 24 60 4c
0x00007ffd5a1fba8a:   8d 9c 24 10 01 00 00 41 0f 28 73 e0 45 0f 28 4b
0x00007ffd5a1fba9a:   b0 45 0f 28 53 a0 45 0f 28 5b 90 45 0f 28 63 80
0x00007ffd5a1fbaaa:   45 0f 28 ab 70 ff ff ff 49 8b e3 41 5f 41 5e 41
0x00007ffd5a1fbaba:   5d 41 5c 5b c3 cc 48 89 74 24 10 57 48 83 ec 20
0x00007ffd5a1fbaca:   4c 8b 02 48 8b f2 48 8b f9 49 8b 40 70 48 85 c0
0x00007ffd5a1fbada:   74 50 4c 39 40 18 75 4a 4c 39 40 18 75 0e 80 78
0x00007ffd5a1fbaea:   28 00 75 3e 48 8b 00 48 85 c0 75 ec 83 7a 0c 00
0x00007ffd5a1fbafa:   75 30 48 63 81 48 01 00 00 33 d2 48 8d 0d c4 79
0x00007ffd5a1fbb0a:   2c 00 48 89 5c 24 30 0f be 1c 08 48 8b cf 29 5f
0x00007ffd5a1fbb1a:   50 e8 40 b2 c9 ff 01 5f 50 48 8b 5c 24 30 c6 46
0x00007ffd5a1fbb2a:   38 01 48 8b 74 24 38 48 83 c4 20 5f c3 cc cc cc
0x00007ffd5a1fbb3a:   cc cc cc cc cc cc 40 56 48 83 ec 10 8b 02 4c 8b
0x00007ffd5a1fbb4a:   da 48 8b f1 85 c0 0f 84 f5 00 00 00 45 33 c0 48
0x00007ffd5a1fbb5a:   89 6c 24 30 41 8b e8 45 8b c8 85 c0 0f 8e 9e 00
0x00007ffd5a1fbb6a:   00 00 48 89 5c 24 20 48 8d 51 18 48 89 7c 24 38
0x00007ffd5a1fbb7a:   41 8b d8 4c 89 74 24 08 45 8b d0 4c 89 3c 24 0f
0x00007ffd5a1fbb8a:   1f 80 00 00 00 00 f3 0f 10 42 04 48 8b fb 44 8b
0x00007ffd5a1fbb9a:   32 49 2b fa 44 8b 7a fc 48 8b cf 48 c1 e1 04 48
0x00007ffd5a1fbbaa:   03 ce 8b 41 04 ff c0 39 42 f8 75 1b 44 3b 71 08
0x00007ffd5a1fbbba:   75 15 f3 0f 58 41 0c ff c5 44 89 79 04 49 ff c2 


Stack slot to memory mapping:

stack at sp + 0 slots: 0x000001f4ca5cb400 points into unknown readable memory: 0x00007ffd5a4bcf18 | 18 cf 4b 5a fd 7f 00 00
stack at sp + 1 slots: 0x00007ffd59bb3c18 jvm.dll
stack at sp + 2 slots: 0x000001f4ca5cb3a8 points into unknown readable memory: 0x00007ffd5a54b5d0 | d0 b5 54 5a fd 7f 00 00
stack at sp + 3 slots: 0x00007ffd5a206f1b jvm.dll
stack at sp + 4 slots: 0x0 is null
stack at sp + 5 slots: 0x00007ffd5a1f4cc3 jvm.dll
stack at sp + 6 slots: 0x000001f4ca5cb400 points into unknown readable memory: 0x00007ffd5a4bcf18 | 18 cf 4b 5a fd 7f 00 00
stack at sp + 7 slots: 0x0000000000000004 is an unknown value

Lock stack of current Java thread (top to bottom):


---------------  P R O C E S S  ---------------

Threads class SMR info:
_java_thread_list=0x000001f4ca6c3b20, length=13, elements={
0x000001f4e6075520, 0x000001f484574580, 0x000001f4845764b0, 0x000001f484578bc0,
0x000001f48457b730, 0x000001f48457c7a0, 0x000001f48457f380, 0x000001f48458c1d0,
0x000001f48458cc80, 0x000001f484732f10, 0x000001f48473b0f0, 0x000001f4ca214d00,
0x000001f4cb1ab710
}

Java Threads: ( => current thread )
  0x000001f4e6075520 JavaThread "main"                              [_thread_in_vm, id=6168, stack(0x000000c064700000,0x000000c064800000) (1024K)]
  0x000001f484574580 JavaThread "Reference Handler"          daemon [_thread_blocked, id=5764, stack(0x000000c064f00000,0x000000c065000000) (1024K)]
  0x000001f4845764b0 JavaThread "Finalizer"                  daemon [_thread_blocked, id=6932, stack(0x000000c065000000,0x000000c065100000) (1024K)]
  0x000001f484578bc0 JavaThread "Signal Dispatcher"          daemon [_thread_blocked, id=6936, stack(0x000000c065100000,0x000000c065200000) (1024K)]
  0x000001f48457b730 JavaThread "Attach Listener"            daemon [_thread_blocked, id=7004, stack(0x000000c065200000,0x000000c065300000) (1024K)]
  0x000001f48457c7a0 JavaThread "Service Thread"             daemon [_thread_blocked, id=3016, stack(0x000000c065300000,0x000000c065400000) (1024K)]
  0x000001f48457f380 JavaThread "Monitor Deflation Thread"   daemon [_thread_blocked, id=3012, stack(0x000000c065400000,0x000000c065500000) (1024K)]
=>0x000001f48458c1d0 JavaThread "C2 CompilerThread0"         daemon [_thread_in_native, id=6864, stack(0x000000c065500000,0x000000c065600000) (1024K)]
  0x000001f48458cc80 JavaThread "C1 CompilerThread0"         daemon [_thread_blocked, id=3568, stack(0x000000c065600000,0x000000c065700000) (1024K)]
  0x000001f484732f10 JavaThread "Notification Thread"        daemon [_thread_blocked, id=7692, stack(0x000000c065700000,0x000000c065800000) (1024K)]
  0x000001f48473b0f0 JavaThread "Common-Cleaner"             daemon [_thread_blocked, id=12780, stack(0x000000c065800000,0x000000c065900000) (1024K)]
  0x000001f4ca214d00 JavaThread "C2 CompilerThread1"         daemon [_thread_in_native, id=17396, stack(0x000000c065900000,0x000000c065a00000) (1024K)]
  0x000001f4cb1ab710 JavaThread "C2 CompilerThread2"         daemon [_thread_in_native, id=14548, stack(0x000000c065a00000,0x000000c065b00000) (1024K)]
Total: 13

Other Threads:
  0x000001f48455d420 VMThread "VM Thread"                           [id=2880, stack(0x000000c064e00000,0x000000c064f00000) (1024K)]
  0x000001f48454a310 WatcherThread "VM Periodic Task Thread"        [id=14536, stack(0x000000c064d00000,0x000000c064e00000) (1024K)]
  0x000001f4e8385330 WorkerThread "GC Thread#0"                     [id=4696, stack(0x000000c064800000,0x000000c064900000) (1024K)]
  0x000001f4cb0c3720 WorkerThread "GC Thread#1"                     [id=15048, stack(0x000000c065b00000,0x000000c065c00000) (1024K)]
  0x000001f4cb106530 WorkerThread "GC Thread#2"                     [id=17772, stack(0x000000c065c00000,0x000000c065d00000) (1024K)]
  0x000001f4ca7f2440 WorkerThread "GC Thread#3"                     [id=18024, stack(0x000000c065d00000,0x000000c065e00000) (1024K)]
  0x000001f4cb10a600 WorkerThread "GC Thread#4"                     [id=12236, stack(0x000000c065e00000,0x000000c065f00000) (1024K)]
  0x000001f4cb10b1c0 WorkerThread "GC Thread#5"                     [id=15876, stack(0x000000c065f00000,0x000000c066000000) (1024K)]
  0x000001f4cb10b570 WorkerThread "GC Thread#6"                     [id=9776, stack(0x000000c066000000,0x000000c066100000) (1024K)]
  0x000001f4cb10b920 WorkerThread "GC Thread#7"                     [id=5680, stack(0x000000c066100000,0x000000c066200000) (1024K)]
  0x000001f4e8394ed0 ConcurrentGCThread "G1 Main Marker"            [id=16524, stack(0x000000c064900000,0x000000c064a00000) (1024K)]
  0x000001f4e8395b90 WorkerThread "G1 Conc#0"                       [id=16588, stack(0x000000c064a00000,0x000000c064b00000) (1024K)]
  0x000001f4e83fe4f0 ConcurrentGCThread "G1 Refine#0"               [id=16836, stack(0x000000c064b00000,0x000000c064c00000) (1024K)]
  0x000001f48441a250 ConcurrentGCThread "G1 Service"                [id=5072, stack(0x000000c064c00000,0x000000c064d00000) (1024K)]
Total: 14

Threads with active compile tasks:
C2 CompilerThread0  1043 1112       4       java.io.WinNTFileSystem::normalize (148 bytes)
C2 CompilerThread1  1043 1252   !   4       sun.nio.cs.StreamDecoder::read (78 bytes)
C2 CompilerThread2  1043 1201       4       sun.nio.cs.StreamDecoder::lockedRead (189 bytes)
Total: 3

VM state: not at safepoint (normal execution)

VM Mutex/Monitor currently owned by a thread: None

Heap address: 0x00000000a1e00000, size: 1506 MB, Compressed Oops mode: 32-bit

CDS archive(s) mapped at: [0x000001f485000000-0x000001f485d70000-0x000001f485d70000), size 14090240, SharedBaseAddress: 0x000001f485000000, ArchiveRelocationMode: 1.
Compressed class space mapped at: 0x000001f486000000-0x000001f4c6000000, reserved size: 1073741824
Narrow klass base: 0x000001f485000000, Narrow klass shift: 0, Narrow klass range: 0x41000000

GC Precious Log:
 CardTable entry size: 512
 Card Set container configuration: InlinePtr #cards 5 size 8 Array Of Cards #cards 10 size 36 Howl #buckets 4 coarsen threshold 1843 Howl Bitmap #cards 512 size 80 coarsen threshold 460 Card regions per heap region 1 cards per card region 2048
 CPUs: 8 total, 8 available
 Memory: 6020M
 Large Page Support: Disabled
 NUMA Support: Disabled
 Compressed Oops: Enabled (32-bit)
 Heap Region Size: 1M
 Heap Min Capacity: 8M
 Heap Initial Capacity: 96M
 Heap Max Capacity: 1506M
 Pre-touch: Disabled
 Parallel Workers: 8
 Concurrent Workers: 2
 Concurrent Refinement Workers: 8
 Periodic GC: Disabled

Heap:
 garbage-first heap   total reserved 1542144K, committed 98304K, used 5096K [0x00000000a1e00000, 0x0000000100000000)
  region size 1024K, 5 young (5120K), 3 survivors (3072K)
 Metaspace       used 5979K, committed 6208K, reserved 1114112K
  class space    used 732K, committed 832K, reserved 1048576K

Heap Regions: E=young(eden), S=young(survivor), O=old, HS=humongous(starts), HC=humongous(continues), CS=collection set, F=free, TAMS=top-at-mark-start, PB=parsable bottom
|   0|0x00000000a1e00000, 0x00000000a1efa010, 0x00000000a1f00000| 97%| O|  |TAMS 0x00000000a1e00000| PB 0x00000000a1e00000| Untracked |  0
|   1|0x00000000a1f00000, 0x00000000a1f00000, 0x00000000a2000000|  0%| F|  |TAMS 0x00000000a1f00000| PB 0x00000000a1f00000| Untracked |  0
|   2|0x00000000a2000000, 0x00000000a2000000, 0x00000000a2100000|  0%| F|  |TAMS 0x00000000a2000000| PB 0x00000000a2000000| Untracked |  0
|   3|0x00000000a2100000, 0x00000000a2100000, 0x00000000a2200000|  0%| F|  |TAMS 0x00000000a2100000| PB 0x00000000a2100000| Untracked |  0
|   4|0x00000000a2200000, 0x00000000a2200000, 0x00000000a2300000|  0%| F|  |TAMS 0x00000000a2200000| PB 0x00000000a2200000| Untracked |  0
|   5|0x00000000a2300000, 0x00000000a2300000, 0x00000000a2400000|  0%| F|  |TAMS 0x00000000a2300000| PB 0x00000000a2300000| Untracked |  0
|   6|0x00000000a2400000, 0x00000000a2400000, 0x00000000a2500000|  0%| F|  |TAMS 0x00000000a2400000| PB 0x00000000a2400000| Untracked |  0
|   7|0x00000000a2500000, 0x00000000a2500000, 0x00000000a2600000|  0%| F|  |TAMS 0x00000000a2500000| PB 0x00000000a2500000| Untracked |  0
|   8|0x00000000a2600000, 0x00000000a2600000, 0x00000000a2700000|  0%| F|  |TAMS 0x00000000a2600000| PB 0x00000000a2600000| Untracked |  0
|   9|0x00000000a2700000, 0x00000000a2700000, 0x00000000a2800000|  0%| F|  |TAMS 0x00000000a2700000| PB 0x00000000a2700000| Untracked |  0
|  10|0x00000000a2800000, 0x00000000a2800000, 0x00000000a2900000|  0%| F|  |TAMS 0x00000000a2800000| PB 0x00000000a2800000| Untracked |  0
|  11|0x00000000a2900000, 0x00000000a2900000, 0x00000000a2a00000|  0%| F|  |TAMS 0x00000000a2900000| PB 0x00000000a2900000| Untracked |  0
|  12|0x00000000a2a00000, 0x00000000a2a00000, 0x00000000a2b00000|  0%| F|  |TAMS 0x00000000a2a00000| PB 0x00000000a2a00000| Untracked |  0
|  13|0x00000000a2b00000, 0x00000000a2b00000, 0x00000000a2c00000|  0%| F|  |TAMS 0x00000000a2b00000| PB 0x00000000a2b00000| Untracked |  0
|  14|0x00000000a2c00000, 0x00000000a2c00000, 0x00000000a2d00000|  0%| F|  |TAMS 0x00000000a2c00000| PB 0x00000000a2c00000| Untracked |  0
|  15|0x00000000a2d00000, 0x00000000a2d00000, 0x00000000a2e00000|  0%| F|  |TAMS 0x00000000a2d00000| PB 0x00000000a2d00000| Untracked |  0
|  16|0x00000000a2e00000, 0x00000000a2e00000, 0x00000000a2f00000|  0%| F|  |TAMS 0x00000000a2e00000| PB 0x00000000a2e00000| Untracked |  0
|  17|0x00000000a2f00000, 0x00000000a2f00000, 0x00000000a3000000|  0%| F|  |TAMS 0x00000000a2f00000| PB 0x00000000a2f00000| Untracked |  0
|  18|0x00000000a3000000, 0x00000000a3000000, 0x00000000a3100000|  0%| F|  |TAMS 0x00000000a3000000| PB 0x00000000a3000000| Untracked |  0
|  19|0x00000000a3100000, 0x00000000a3100000, 0x00000000a3200000|  0%| F|  |TAMS 0x00000000a3100000| PB 0x00000000a3100000| Untracked |  0
|  20|0x00000000a3200000, 0x00000000a3200000, 0x00000000a3300000|  0%| F|  |TAMS 0x00000000a3200000| PB 0x00000000a3200000| Untracked |  0
|  21|0x00000000a3300000, 0x00000000a3300000, 0x00000000a3400000|  0%| F|  |TAMS 0x00000000a3300000| PB 0x00000000a3300000| Untracked |  0
|  22|0x00000000a3400000, 0x00000000a3400000, 0x00000000a3500000|  0%| F|  |TAMS 0x00000000a3400000| PB 0x00000000a3400000| Untracked |  0
|  23|0x00000000a3500000, 0x00000000a3500000, 0x00000000a3600000|  0%| F|  |TAMS 0x00000000a3500000| PB 0x00000000a3500000| Untracked |  0
|  24|0x00000000a3600000, 0x00000000a3600000, 0x00000000a3700000|  0%| F|  |TAMS 0x00000000a3600000| PB 0x00000000a3600000| Untracked |  0
|  25|0x00000000a3700000, 0x00000000a3700000, 0x00000000a3800000|  0%| F|  |TAMS 0x00000000a3700000| PB 0x00000000a3700000| Untracked |  0
|  26|0x00000000a3800000, 0x00000000a3800000, 0x00000000a3900000|  0%| F|  |TAMS 0x00000000a3800000| PB 0x00000000a3800000| Untracked |  0
|  27|0x00000000a3900000, 0x00000000a3900000, 0x00000000a3a00000|  0%| F|  |TAMS 0x00000000a3900000| PB 0x00000000a3900000| Untracked |  0
|  28|0x00000000a3a00000, 0x00000000a3a00000, 0x00000000a3b00000|  0%| F|  |TAMS 0x00000000a3a00000| PB 0x00000000a3a00000| Untracked |  0
|  29|0x00000000a3b00000, 0x00000000a3b00000, 0x00000000a3c00000|  0%| F|  |TAMS 0x00000000a3b00000| PB 0x00000000a3b00000| Untracked |  0
|  30|0x00000000a3c00000, 0x00000000a3c00000, 0x00000000a3d00000|  0%| F|  |TAMS 0x00000000a3c00000| PB 0x00000000a3c00000| Untracked |  0
|  31|0x00000000a3d00000, 0x00000000a3d00000, 0x00000000a3e00000|  0%| F|  |TAMS 0x00000000a3d00000| PB 0x00000000a3d00000| Untracked |  0
|  32|0x00000000a3e00000, 0x00000000a3e00000, 0x00000000a3f00000|  0%| F|  |TAMS 0x00000000a3e00000| PB 0x00000000a3e00000| Untracked |  0
|  33|0x00000000a3f00000, 0x00000000a3f00000, 0x00000000a4000000|  0%| F|  |TAMS 0x00000000a3f00000| PB 0x00000000a3f00000| Untracked |  0
|  34|0x00000000a4000000, 0x00000000a4000000, 0x00000000a4100000|  0%| F|  |TAMS 0x00000000a4000000| PB 0x00000000a4000000| Untracked |  0
|  35|0x00000000a4100000, 0x00000000a4100000, 0x00000000a4200000|  0%| F|  |TAMS 0x00000000a4100000| PB 0x00000000a4100000| Untracked |  0
|  36|0x00000000a4200000, 0x00000000a4200000, 0x00000000a4300000|  0%| F|  |TAMS 0x00000000a4200000| PB 0x00000000a4200000| Untracked |  0
|  37|0x00000000a4300000, 0x00000000a4300000, 0x00000000a4400000|  0%| F|  |TAMS 0x00000000a4300000| PB 0x00000000a4300000| Untracked |  0
|  38|0x00000000a4400000, 0x00000000a4400000, 0x00000000a4500000|  0%| F|  |TAMS 0x00000000a4400000| PB 0x00000000a4400000| Untracked |  0
|  39|0x00000000a4500000, 0x00000000a4500000, 0x00000000a4600000|  0%| F|  |TAMS 0x00000000a4500000| PB 0x00000000a4500000| Untracked |  0
|  40|0x00000000a4600000, 0x00000000a4600000, 0x00000000a4700000|  0%| F|  |TAMS 0x00000000a4600000| PB 0x00000000a4600000| Untracked |  0
|  41|0x00000000a4700000, 0x00000000a4700000, 0x00000000a4800000|  0%| F|  |TAMS 0x00000000a4700000| PB 0x00000000a4700000| Untracked |  0
|  42|0x00000000a4800000, 0x00000000a4800000, 0x00000000a4900000|  0%| F|  |TAMS 0x00000000a4800000| PB 0x00000000a4800000| Untracked |  0
|  43|0x00000000a4900000, 0x00000000a4900000, 0x00000000a4a00000|  0%| F|  |TAMS 0x00000000a4900000| PB 0x00000000a4900000| Untracked |  0
|  44|0x00000000a4a00000, 0x00000000a4a00000, 0x00000000a4b00000|  0%| F|  |TAMS 0x00000000a4a00000| PB 0x00000000a4a00000| Untracked |  0
|  45|0x00000000a4b00000, 0x00000000a4b00000, 0x00000000a4c00000|  0%| F|  |TAMS 0x00000000a4b00000| PB 0x00000000a4b00000| Untracked |  0
|  46|0x00000000a4c00000, 0x00000000a4c00000, 0x00000000a4d00000|  0%| F|  |TAMS 0x00000000a4c00000| PB 0x00000000a4c00000| Untracked |  0
|  47|0x00000000a4d00000, 0x00000000a4d00000, 0x00000000a4e00000|  0%| F|  |TAMS 0x00000000a4d00000| PB 0x00000000a4d00000| Untracked |  0
|  48|0x00000000a4e00000, 0x00000000a4e00000, 0x00000000a4f00000|  0%| F|  |TAMS 0x00000000a4e00000| PB 0x00000000a4e00000| Untracked |  0
|  49|0x00000000a4f00000, 0x00000000a4f00000, 0x00000000a5000000|  0%| F|  |TAMS 0x00000000a4f00000| PB 0x00000000a4f00000| Untracked |  0
|  50|0x00000000a5000000, 0x00000000a5000000, 0x00000000a5100000|  0%| F|  |TAMS 0x00000000a5000000| PB 0x00000000a5000000| Untracked |  0
|  51|0x00000000a5100000, 0x00000000a5100000, 0x00000000a5200000|  0%| F|  |TAMS 0x00000000a5100000| PB 0x00000000a5100000| Untracked |  0
|  52|0x00000000a5200000, 0x00000000a5200000, 0x00000000a5300000|  0%| F|  |TAMS 0x00000000a5200000| PB 0x00000000a5200000| Untracked |  0
|  53|0x00000000a5300000, 0x00000000a5300000, 0x00000000a5400000|  0%| F|  |TAMS 0x00000000a5300000| PB 0x00000000a5300000| Untracked |  0
|  54|0x00000000a5400000, 0x00000000a5400000, 0x00000000a5500000|  0%| F|  |TAMS 0x00000000a5400000| PB 0x00000000a5400000| Untracked |  0
|  55|0x00000000a5500000, 0x00000000a5500000, 0x00000000a5600000|  0%| F|  |TAMS 0x00000000a5500000| PB 0x00000000a5500000| Untracked |  0
|  56|0x00000000a5600000, 0x00000000a5600000, 0x00000000a5700000|  0%| F|  |TAMS 0x00000000a5600000| PB 0x00000000a5600000| Untracked |  0
|  57|0x00000000a5700000, 0x00000000a5700000, 0x00000000a5800000|  0%| F|  |TAMS 0x00000000a5700000| PB 0x00000000a5700000| Untracked |  0
|  58|0x00000000a5800000, 0x00000000a5800000, 0x00000000a5900000|  0%| F|  |TAMS 0x00000000a5800000| PB 0x00000000a5800000| Untracked |  0
|  59|0x00000000a5900000, 0x00000000a5900000, 0x00000000a5a00000|  0%| F|  |TAMS 0x00000000a5900000| PB 0x00000000a5900000| Untracked |  0
|  60|0x00000000a5a00000, 0x00000000a5a00000, 0x00000000a5b00000|  0%| F|  |TAMS 0x00000000a5a00000| PB 0x00000000a5a00000| Untracked |  0
|  61|0x00000000a5b00000, 0x00000000a5b00000, 0x00000000a5c00000|  0%| F|  |TAMS 0x00000000a5b00000| PB 0x00000000a5b00000| Untracked |  0
|  62|0x00000000a5c00000, 0x00000000a5c00000, 0x00000000a5d00000|  0%| F|  |TAMS 0x00000000a5c00000| PB 0x00000000a5c00000| Untracked |  0
|  63|0x00000000a5d00000, 0x00000000a5d00000, 0x00000000a5e00000|  0%| F|  |TAMS 0x00000000a5d00000| PB 0x00000000a5d00000| Untracked |  0
|  64|0x00000000a5e00000, 0x00000000a5e00000, 0x00000000a5f00000|  0%| F|  |TAMS 0x00000000a5e00000| PB 0x00000000a5e00000| Untracked |  0
|  65|0x00000000a5f00000, 0x00000000a5f00000, 0x00000000a6000000|  0%| F|  |TAMS 0x00000000a5f00000| PB 0x00000000a5f00000| Untracked |  0
|  66|0x00000000a6000000, 0x00000000a6000000, 0x00000000a6100000|  0%| F|  |TAMS 0x00000000a6000000| PB 0x00000000a6000000| Untracked |  0
|  67|0x00000000a6100000, 0x00000000a6100000, 0x00000000a6200000|  0%| F|  |TAMS 0x00000000a6100000| PB 0x00000000a6100000| Untracked |  0
|  68|0x00000000a6200000, 0x00000000a6200000, 0x00000000a6300000|  0%| F|  |TAMS 0x00000000a6200000| PB 0x00000000a6200000| Untracked |  0
|  69|0x00000000a6300000, 0x00000000a6400000, 0x00000000a6400000|100%| S|CS|TAMS 0x00000000a6300000| PB 0x00000000a6300000| Complete |  0
|  70|0x00000000a6400000, 0x00000000a6500000, 0x00000000a6500000|100%| S|CS|TAMS 0x00000000a6400000| PB 0x00000000a6400000| Complete |  0
|  71|0x00000000a6500000, 0x00000000a6600000, 0x00000000a6600000|100%| S|CS|TAMS 0x00000000a6500000| PB 0x00000000a6500000| Complete |  0
|  72|0x00000000a6600000, 0x00000000a6600000, 0x00000000a6700000|  0%| F|  |TAMS 0x00000000a6600000| PB 0x00000000a6600000| Untracked |  0
|  73|0x00000000a6700000, 0x00000000a6700000, 0x00000000a6800000|  0%| F|  |TAMS 0x00000000a6700000| PB 0x00000000a6700000| Untracked |  0
|  74|0x00000000a6800000, 0x00000000a6800000, 0x00000000a6900000|  0%| F|  |TAMS 0x00000000a6800000| PB 0x00000000a6800000| Untracked |  0
|  75|0x00000000a6900000, 0x00000000a6900000, 0x00000000a6a00000|  0%| F|  |TAMS 0x00000000a6900000| PB 0x00000000a6900000| Untracked |  0
|  76|0x00000000a6a00000, 0x00000000a6a00000, 0x00000000a6b00000|  0%| F|  |TAMS 0x00000000a6a00000| PB 0x00000000a6a00000| Untracked |  0
|  77|0x00000000a6b00000, 0x00000000a6b00000, 0x00000000a6c00000|  0%| F|  |TAMS 0x00000000a6b00000| PB 0x00000000a6b00000| Untracked |  0
|  78|0x00000000a6c00000, 0x00000000a6c00000, 0x00000000a6d00000|  0%| F|  |TAMS 0x00000000a6c00000| PB 0x00000000a6c00000| Untracked |  0
|  79|0x00000000a6d00000, 0x00000000a6d00000, 0x00000000a6e00000|  0%| F|  |TAMS 0x00000000a6d00000| PB 0x00000000a6d00000| Untracked |  0
|  80|0x00000000a6e00000, 0x00000000a6e00000, 0x00000000a6f00000|  0%| F|  |TAMS 0x00000000a6e00000| PB 0x00000000a6e00000| Untracked |  0
|  81|0x00000000a6f00000, 0x00000000a6f00000, 0x00000000a7000000|  0%| F|  |TAMS 0x00000000a6f00000| PB 0x00000000a6f00000| Untracked |  0
|  82|0x00000000a7000000, 0x00000000a7000000, 0x00000000a7100000|  0%| F|  |TAMS 0x00000000a7000000| PB 0x00000000a7000000| Untracked |  0
|  83|0x00000000a7100000, 0x00000000a7100000, 0x00000000a7200000|  0%| F|  |TAMS 0x00000000a7100000| PB 0x00000000a7100000| Untracked |  0
|  84|0x00000000a7200000, 0x00000000a7200000, 0x00000000a7300000|  0%| F|  |TAMS 0x00000000a7200000| PB 0x00000000a7200000| Untracked |  0
|  85|0x00000000a7300000, 0x00000000a7300000, 0x00000000a7400000|  0%| F|  |TAMS 0x00000000a7300000| PB 0x00000000a7300000| Untracked |  0
|  86|0x00000000a7400000, 0x00000000a7400000, 0x00000000a7500000|  0%| F|  |TAMS 0x00000000a7400000| PB 0x00000000a7400000| Untracked |  0
|  87|0x00000000a7500000, 0x00000000a7500000, 0x00000000a7600000|  0%| F|  |TAMS 0x00000000a7500000| PB 0x00000000a7500000| Untracked |  0
|  88|0x00000000a7600000, 0x00000000a7600000, 0x00000000a7700000|  0%| F|  |TAMS 0x00000000a7600000| PB 0x00000000a7600000| Untracked |  0
|  89|0x00000000a7700000, 0x00000000a7700000, 0x00000000a7800000|  0%| F|  |TAMS 0x00000000a7700000| PB 0x00000000a7700000| Untracked |  0
|  90|0x00000000a7800000, 0x00000000a7800000, 0x00000000a7900000|  0%| F|  |TAMS 0x00000000a7800000| PB 0x00000000a7800000| Untracked |  0
|  91|0x00000000a7900000, 0x00000000a7900000, 0x00000000a7a00000|  0%| F|  |TAMS 0x00000000a7900000| PB 0x00000000a7900000| Untracked |  0
|  92|0x00000000a7a00000, 0x00000000a7a00000, 0x00000000a7b00000|  0%| F|  |TAMS 0x00000000a7a00000| PB 0x00000000a7a00000| Untracked |  0
|  93|0x00000000a7b00000, 0x00000000a7b00000, 0x00000000a7c00000|  0%| F|  |TAMS 0x00000000a7b00000| PB 0x00000000a7b00000| Untracked |  0
|  94|0x00000000a7c00000, 0x00000000a7ccfdc0, 0x00000000a7d00000| 81%| E|  |TAMS 0x00000000a7c00000| PB 0x00000000a7c00000| Complete |  0
|  95|0x00000000a7d00000, 0x00000000a7e00000, 0x00000000a7e00000|100%| E|CS|TAMS 0x00000000a7d00000| PB 0x00000000a7d00000| Complete |  0

Card table byte_map: [0x000001f480300000,0x000001f480600000] _byte_map_base: 0x000001f47fdf1000

Marking Bits: (CMBitMap*) 0x000001f4e8385a40
 Bits: [0x000001f480600000, 0x000001f481d88000)

Polling page: 0x000001f4e6340000

Metaspace:

Usage:
  Non-class:      5.13 MB used.
      Class:    735.38 KB used.
       Both:      5.85 MB used.

Virtual space:
  Non-class space:       64.00 MB reserved,       5.25 MB (  8%) committed,  1 nodes.
      Class space:        1.00 GB reserved,     832.00 KB ( <1%) committed,  1 nodes.
             Both:        1.06 GB reserved,       6.06 MB ( <1%) committed. 

Chunk freelists:
   Non-Class:  9.16 MB
       Class:  15.02 MB
        Both:  24.17 MB

MaxMetaspaceSize: unlimited
CompressedClassSpaceSize: 1.00 GB
Initial GC threshold: 21.00 MB
Current GC threshold: 21.00 MB
CDS: on
 - commit_granule_bytes: 65536.
 - commit_granule_words: 8192.
 - virtual_space_node_default_size: 8388608.
 - enlarge_chunks_in_place: 1.
 - use_allocation_guard: 0.


Internal statistics:

num_allocs_failed_limit: 0.
num_arena_births: 58.
num_arena_deaths: 0.
num_vsnodes_births: 2.
num_vsnodes_deaths: 0.
num_space_committed: 97.
num_space_uncommitted: 0.
num_chunks_returned_to_freelist: 0.
num_chunks_taken_from_freelist: 224.
num_chunk_merges: 0.
num_chunk_splits: 140.
num_chunks_enlarged: 114.
num_inconsistent_stats: 0.

CodeHeap 'non-profiled nmethods': size=120064Kb used=353Kb max_used=353Kb free=119711Kb
 bounds [0x000001f4f8540000, 0x000001f4f87b0000, 0x000001f4ffa80000]
CodeHeap 'profiled nmethods': size=120000Kb used=1753Kb max_used=1753Kb free=118246Kb
 bounds [0x000001f4f0a80000, 0x000001f4f0cf0000, 0x000001f4f7fb0000]
CodeHeap 'non-nmethods': size=5696Kb used=1359Kb max_used=1383Kb free=4336Kb
 bounds [0x000001f4f7fb0000, 0x000001f4f8220000, 0x000001f4f8540000]
CodeCache: size=245760Kb, used=3465Kb, max_used=3489Kb, free=242293Kb
 total_blobs=1709, nmethods=1237, adapters=378, full_count=0
Compilation: enabled, stopped_count=0, restarted_count=0

Compilation events (20 events):
Event: 0.857 Thread 0x000001f48458cc80 nmethod 1099 0x000001f4f858d588 code [0x000001f4f858d6a0, 0x000001f4f858d768]
Event: 0.857 Thread 0x000001f4ca214d00 nmethod 1102 0x000001f4f858d888 code [0x000001f4f858d9a0, 0x000001f4f858db48]
Event: 0.859 Thread 0x000001f48458cc80 1103       3       java.util.jar.Attributes$Name::<init> (22 bytes)
Event: 0.859 Thread 0x000001f48458cc80 nmethod 1103 0x000001f4f0bfae08 code [0x000001f4f0bfaf40, 0x000001f4f0bfb198]
Event: 0.860 Thread 0x000001f48458cc80 1104       3       java.util.zip.ZipFile$InflaterCleanupAction::run (12 bytes)
Event: 0.861 Thread 0x000001f48458cc80 nmethod 1104 0x000001f4f0bfb208 code [0x000001f4f0bfb320, 0x000001f4f0bfb470]
Event: 0.861 Thread 0x000001f48458cc80 1105   !   3       java.util.zip.ZipFile$CleanableResource::releaseInflater (53 bytes)
Event: 0.861 Thread 0x000001f48458cc80 nmethod 1105 0x000001f4f0bfb508 code [0x000001f4f0bfb660, 0x000001f4f0bfbb60]
Event: 0.861 Thread 0x000001f48458cc80 1106   !   3       java.util.zip.Inflater::reset (64 bytes)
Event: 0.861 Thread 0x000001f48458cc80 nmethod 1106 0x000001f4f0bfbb88 code [0x000001f4f0bfbce0, 0x000001f4f0bfc0f0]
Event: 0.863 Thread 0x000001f4ca214d00 1107       4       java.lang.String::<init> (98 bytes)
Event: 0.868 Thread 0x000001f4ca214d00 nmethod 1107 0x000001f4f858db88 code [0x000001f4f858dcc0, 0x000001f4f858e248]
Event: 0.869 Thread 0x000001f4ca214d00 1109       4       java.lang.AbstractStringBuilder::<init> (39 bytes)
Event: 0.871 Thread 0x000001f4ca214d00 nmethod 1109 0x000001f4f858e608 code [0x000001f4f858e720, 0x000001f4f858e968]
Event: 0.872 Thread 0x000001f48458cc80 1110       3       java.lang.Class::cast (27 bytes)
Event: 0.872 Thread 0x000001f48458cc80 nmethod 1110 0x000001f4f0bfc188 code [0x000001f4f0bfc2c0, 0x000001f4f0bfc560]
Event: 0.875 Thread 0x000001f4ca214d00 1111 % !   4       java.util.concurrent.ConcurrentHashMap::transfer @ 96 (849 bytes)
Event: 0.876 Thread 0x000001f48458c1d0 1112       4       java.io.WinNTFileSystem::normalize (148 bytes)
Event: 0.877 Thread 0x000001f48458cc80 1113       3       java.lang.invoke.DirectMethodHandle::internalMemberName (8 bytes)
Event: 0.877 Thread 0x000001f48458cc80 nmethod 1113 0x000001f4f0bfc588 code [0x000001f4f0bfc6a0, 0x000001f4f0bfc870]

GC Heap History (0 events):
No events

Dll operation events (8 events):
Event: 0.013 Loaded shared library C:\Program Files\Java\jdk-23\bin\java.dll
Event: 0.054 Loaded shared library C:\Program Files\Java\jdk-23\bin\jsvml.dll
Event: 0.094 Loaded shared library C:\Program Files\Java\jdk-23\bin\net.dll
Event: 0.098 Loaded shared library C:\Program Files\Java\jdk-23\bin\nio.dll
Event: 0.106 Loaded shared library C:\Program Files\Java\jdk-23\bin\zip.dll
Event: 0.284 Loaded shared library C:\Program Files\Java\jdk-23\bin\jimage.dll
Event: 0.285 Loaded shared library C:\Program Files\NetBeans-24\netbeans\java\maven\lib\jansi-native\Windows\x86_64\jansi.dll
Event: 0.305 Loaded shared library C:\Program Files\Java\jdk-23\bin\verify.dll

Deoptimization events (20 events):
Event: 0.516 Thread 0x000001f4e6075520 DEOPT PACKING pc=0x000001f4f0ac6e0d sp=0x000000c0647fb7d0
Event: 0.516 Thread 0x000001f4e6075520 DEOPT UNPACKING pc=0x000001f4f8004b22 sp=0x000000c0647fac20 mode 0
Event: 0.648 Thread 0x000001f4e6075520 DEOPT PACKING pc=0x000001f4f0aadcbf sp=0x000000c0647fa6a0
Event: 0.648 Thread 0x000001f4e6075520 DEOPT UNPACKING pc=0x000001f4f8004b22 sp=0x000000c0647f9b18 mode 0
Event: 0.839 Thread 0x000001f4e6075520 Uncommon trap: trap_request=0xffffffde fr.pc=0x000001f4f8589c20 relative=0x0000000000000100
Event: 0.839 Thread 0x000001f4e6075520 Uncommon trap: reason=class_check action=maybe_recompile pc=0x000001f4f8589c20 method=jdk.internal.misc.Unsafe.allocateUninitializedArray(Ljava/lang/Class;I)Ljava/lang/Object; @ 51 c2
Event: 0.839 Thread 0x000001f4e6075520 DEOPT PACKING pc=0x000001f4f8589c20 sp=0x000000c0647fd230
Event: 0.839 Thread 0x000001f4e6075520 DEOPT UNPACKING pc=0x000001f4f8004402 sp=0x000000c0647fd1a8 mode 2
Event: 0.840 Thread 0x000001f4e6075520 Uncommon trap: trap_request=0xffffffde fr.pc=0x000001f4f8589c20 relative=0x0000000000000100
Event: 0.840 Thread 0x000001f4e6075520 Uncommon trap: reason=class_check action=maybe_recompile pc=0x000001f4f8589c20 method=jdk.internal.misc.Unsafe.allocateUninitializedArray(Ljava/lang/Class;I)Ljava/lang/Object; @ 51 c2
Event: 0.840 Thread 0x000001f4e6075520 DEOPT PACKING pc=0x000001f4f8589c20 sp=0x000000c0647fd2d0
Event: 0.840 Thread 0x000001f4e6075520 DEOPT UNPACKING pc=0x000001f4f8004402 sp=0x000000c0647fd248 mode 2
Event: 0.840 Thread 0x000001f4e6075520 Uncommon trap: trap_request=0xffffffde fr.pc=0x000001f4f8589c20 relative=0x0000000000000100
Event: 0.840 Thread 0x000001f4e6075520 Uncommon trap: reason=class_check action=maybe_recompile pc=0x000001f4f8589c20 method=jdk.internal.misc.Unsafe.allocateUninitializedArray(Ljava/lang/Class;I)Ljava/lang/Object; @ 51 c2
Event: 0.840 Thread 0x000001f4e6075520 DEOPT PACKING pc=0x000001f4f8589c20 sp=0x000000c0647fd220
Event: 0.840 Thread 0x000001f4e6075520 DEOPT UNPACKING pc=0x000001f4f8004402 sp=0x000000c0647fd198 mode 2
Event: 0.840 Thread 0x000001f4e6075520 Uncommon trap: trap_request=0xffffffde fr.pc=0x000001f4f8589c20 relative=0x0000000000000100
Event: 0.840 Thread 0x000001f4e6075520 Uncommon trap: reason=class_check action=maybe_recompile pc=0x000001f4f8589c20 method=jdk.internal.misc.Unsafe.allocateUninitializedArray(Ljava/lang/Class;I)Ljava/lang/Object; @ 51 c2
Event: 0.840 Thread 0x000001f4e6075520 DEOPT PACKING pc=0x000001f4f8589c20 sp=0x000000c0647fd2c0
Event: 0.840 Thread 0x000001f4e6075520 DEOPT UNPACKING pc=0x000001f4f8004402 sp=0x000000c0647fd238 mode 2

Classes loaded (20 events):
Event: 0.840 Loading class java/lang/annotation/ElementType
Event: 0.841 Loading class java/lang/annotation/ElementType done
Event: 0.841 Loading class java/lang/annotation/Documented
Event: 0.841 Loading class java/lang/annotation/Documented done
Event: 0.862 Loading class java/util/concurrent/TimeoutException
Event: 0.862 Loading class java/util/concurrent/TimeoutException done
Event: 0.862 Loading class java/util/concurrent/CancellationException
Event: 0.862 Loading class java/util/concurrent/CancellationException done
Event: 0.863 Loading class java/security/PrivilegedActionException
Event: 0.863 Loading class java/security/PrivilegedActionException done
Event: 0.863 Loading class sun/misc/Unsafe
Event: 0.864 Loading class sun/misc/Unsafe done
Event: 0.864 Loading class sun/misc/Unsafe$MemoryAccessOption
Event: 0.864 Loading class sun/misc/Unsafe$MemoryAccessOption done
Event: 0.865 Loading class java/lang/invoke/DirectMethodHandle$StaticAccessor
Event: 0.865 Loading class java/lang/invoke/DirectMethodHandle$StaticAccessor done
Event: 0.873 Loading class java/lang/reflect/ParameterizedType
Event: 0.873 Loading class java/lang/reflect/ParameterizedType done
Event: 0.878 Loading class java/lang/reflect/WildcardType
Event: 0.878 Loading class java/lang/reflect/WildcardType done

Classes unloaded (0 events):
No events

Classes redefined (0 events):
No events

Internal exceptions (20 events):
Event: 0.288 Thread 0x000001f4e6075520 Exception <a 'java/lang/NullPointerException'{0x00000000a79d58f8}> (0x00000000a79d58f8) 
thrown [s\open\src\hotspot\share\interpreter\linkResolver.cpp, line 1389]
Event: 0.289 Thread 0x000001f4e6075520 Exception <a 'java/lang/NullPointerException'{0x00000000a79dae08}> (0x00000000a79dae08) 
thrown [s\open\src\hotspot\share\interpreter\linkResolver.cpp, line 1389]
Event: 0.292 Thread 0x000001f4e6075520 Exception <a 'java/lang/NullPointerException'{0x00000000a79ee818}> (0x00000000a79ee818) 
thrown [s\open\src\hotspot\share\interpreter\linkResolver.cpp, line 1389]
Event: 0.292 Thread 0x000001f4e6075520 Exception <a 'java/lang/NullPointerException'{0x00000000a79eeaf8}> (0x00000000a79eeaf8) 
thrown [s\open\src\hotspot\share\interpreter\linkResolver.cpp, line 1389]
Event: 0.292 Thread 0x000001f4e6075520 Exception <a 'java/lang/NullPointerException'{0x00000000a79eedd8}> (0x00000000a79eedd8) 
thrown [s\open\src\hotspot\share\interpreter\linkResolver.cpp, line 1389]
Event: 0.292 Thread 0x000001f4e6075520 Exception <a 'java/lang/NullPointerException'{0x00000000a79ef0b8}> (0x00000000a79ef0b8) 
thrown [s\open\src\hotspot\share\interpreter\linkResolver.cpp, line 1389]
Event: 0.303 Thread 0x000001f4e6075520 Exception <a 'sun/nio/fs/WindowsException'{0x00000000a789ce10}> (0x00000000a789ce10) 
thrown [s\open\src\hotspot\share\prims\jni.cpp, line 520]
Event: 0.303 Thread 0x000001f4e6075520 Exception <a 'sun/nio/fs/WindowsException'{0x00000000a789d5a8}> (0x00000000a789d5a8) 
thrown [s\open\src\hotspot\share\prims\jni.cpp, line 520]
Event: 0.304 Thread 0x000001f4e6075520 Exception <a 'sun/nio/fs/WindowsException'{0x00000000a789dba8}> (0x00000000a789dba8) 
thrown [s\open\src\hotspot\share\prims\jni.cpp, line 520]
Event: 0.304 Thread 0x000001f4e6075520 Exception <a 'sun/nio/fs/WindowsException'{0x00000000a789e128}> (0x00000000a789e128) 
thrown [s\open\src\hotspot\share\prims\jni.cpp, line 520]
Event: 0.304 Thread 0x000001f4e6075520 Exception <a 'sun/nio/fs/WindowsException'{0x00000000a789e630}> (0x00000000a789e630) 
thrown [s\open\src\hotspot\share\prims\jni.cpp, line 520]
Event: 0.304 Thread 0x000001f4e6075520 Exception <a 'sun/nio/fs/WindowsException'{0x00000000a789eaf0}> (0x00000000a789eaf0) 
thrown [s\open\src\hotspot\share\prims\jni.cpp, line 520]
Event: 0.318 Thread 0x000001f4e6075520 Exception <a 'java/lang/NoSuchMethodError'{0x00000000a78eb420}: 'void java.lang.invoke.DirectMethodHandle$Holder.invokeStatic(java.lang.Object, java.lang.Object)'> (0x00000000a78eb420) 
thrown [s\open\src\hotspot\share\interpreter\linkResolver.cpp, line 796]
Event: 0.319 Thread 0x000001f4e6075520 Exception <a 'java/lang/NoSuchMethodError'{0x00000000a78ee838}: 'void java.lang.invoke.DirectMethodHandle$Holder.invokeStaticInit(java.lang.Object, java.lang.Object)'> (0x00000000a78ee838) 
thrown [s\open\src\hotspot\share\interpreter\linkResolver.cpp, line 796]
Event: 0.406 Thread 0x000001f4e6075520 Exception <a 'java/lang/NoSuchMethodError'{0x00000000a76a5090}: 'java.lang.Object java.lang.invoke.DirectMethodHandle$Holder.invokeSpecialIFC(java.lang.Object, java.lang.Object, java.lang.Object, java.lang.Object)'> (0x00000000a76a5090) 
thrown [s\open\src\hotspot\share\interpreter\linkResolver.cpp, line 796]
Event: 0.642 Thread 0x000001f4e6075520 Exception <a 'java/lang/NoSuchMethodError'{0x00000000a7049140}: 'void java.lang.invoke.DirectMethodHandle$Holder.invokeSpecial(java.lang.Object, java.lang.Object, java.lang.Object)'> (0x00000000a7049140) 
thrown [s\open\src\hotspot\share\interpreter\linkResolver.cpp, line 796]
Event: 0.692 Thread 0x000001f4e6075520 Exception <a 'java/lang/NoSuchMethodError'{0x00000000a6f943f8}: 'java.lang.Object java.lang.invoke.DirectMethodHandle$Holder.invokeInterface(java.lang.Object, java.lang.Object)'> (0x00000000a6f943f8) 
thrown [s\open\src\hotspot\share\interpreter\linkResolver.cpp, line 796]
Event: 0.716 Thread 0x000001f4e6075520 Exception <a 'java/lang/NoSuchMethodError'{0x00000000a6e2da28}: 'int java.lang.invoke.DirectMethodHandle$Holder.invokeStatic(java.lang.Object, java.lang.Object, java.lang.Object, java.lang.Object)'> (0x00000000a6e2da28) 
thrown [s\open\src\hotspot\share\interpreter\linkResolver.cpp, line 796]
Event: 0.720 Thread 0x000001f4e6075520 Exception <a 'java/lang/NoSuchMethodError'{0x00000000a6e3c378}: 'int java.lang.invoke.DirectMethodHandle$Holder.invokeSpecialIFC(java.lang.Object, java.lang.Object, java.lang.Object, java.lang.Object, java.lang.Object)'> (0x00000000a6e3c378) 
thrown [s\open\src\hotspot\share\interpreter\linkResolver.cpp, line 796]
Event: 0.815 Thread 0x000001f4e6075520 Exception <a 'java/lang/NoSuchMethodError'{0x00000000a6dcdf08}: 'void java.lang.invoke.DirectMethodHandle$Holder.invokeStatic(java.lang.Object, int, java.lang.Object)'> (0x00000000a6dcdf08) 
thrown [s\open\src\hotspot\share\interpreter\linkResolver.cpp, line 796]

VM Operations (6 events):
Event: 0.107 Executing VM operation: HandshakeAllThreads (Deoptimize)
Event: 0.107 Executing VM operation: HandshakeAllThreads (Deoptimize) done
Event: 0.276 Executing VM operation: HandshakeAllThreads (Deoptimize)
Event: 0.276 Executing VM operation: HandshakeAllThreads (Deoptimize) done
Event: 0.288 Executing VM operation: HandshakeAllThreads (Deoptimize)
Event: 0.288 Executing VM operation: HandshakeAllThreads (Deoptimize) done

Memory protections (0 events):
No events

Nmethod flushes (0 events):
No events

Events (14 events):
Event: 0.031 Thread 0x000001f4e6075520 Thread added: 0x000001f4e6075520
Event: 0.050 Thread 0x000001f4e6075520 Thread added: 0x000001f484574580
Event: 0.050 Thread 0x000001f4e6075520 Thread added: 0x000001f4845764b0
Event: 0.051 Thread 0x000001f4e6075520 Thread added: 0x000001f484578bc0
Event: 0.051 Thread 0x000001f4e6075520 Thread added: 0x000001f48457b730
Event: 0.051 Thread 0x000001f4e6075520 Thread added: 0x000001f48457c7a0
Event: 0.051 Thread 0x000001f4e6075520 Thread added: 0x000001f48457f380
Event: 0.051 Thread 0x000001f4e6075520 Thread added: 0x000001f48458c1d0
Event: 0.051 Thread 0x000001f4e6075520 Thread added: 0x000001f48458cc80
Event: 0.084 Thread 0x000001f4e6075520 Thread added: 0x000001f484732f10
Event: 0.089 Thread 0x000001f4e6075520 Thread added: 0x000001f48473b0f0
Event: 0.281 Thread 0x000001f4e6075520 Thread added: 0x000001f4849c97b0
Event: 0.312 Thread 0x000001f4849c97b0 Thread exited: 0x000001f4849c97b0
Event: 0.465 Thread 0x000001f48458cc80 Thread added: 0x000001f4ca214d00


Dynamic libraries:
0x00007ff6f1520000 - 0x00007ff6f1530000 	C:\Program Files\Java\jdk-23\bin\java.exe
0x00007ffd6efd0000 - 0x00007ffd6f1e7000 	C:\WINDOWS\SYSTEM32\ntdll.dll
0x00007ffd6d7c0000 - 0x00007ffd6d884000 	C:\WINDOWS\System32\KERNEL32.DLL
0x00007ffd6c8d0000 - 0x00007ffd6cc8a000 	C:\WINDOWS\System32\KERNELBASE.dll
0x00007ffd6c390000 - 0x00007ffd6c4a1000 	C:\WINDOWS\System32\ucrtbase.dll
0x00007ffd59ae0000 - 0x00007ffd59afb000 	C:\Program Files\Java\jdk-23\bin\VCRUNTIME140.dll
0x00007ffd57400000 - 0x00007ffd57417000 	C:\Program Files\Java\jdk-23\bin\jli.dll
0x00007ffd6cee0000 - 0x00007ffd6d08e000 	C:\WINDOWS\System32\USER32.dll
0x00007ffd6c360000 - 0x00007ffd6c386000 	C:\WINDOWS\System32\win32u.dll
0x00007ffd569b0000 - 0x00007ffd56c42000 	C:\WINDOWS\WinSxS\amd64_microsoft.windows.common-controls_6595b64144ccf1df_6.0.22621.4541_none_2710d1c57384c085\COMCTL32.dll
0x00007ffd6e720000 - 0x00007ffd6e749000 	C:\WINDOWS\System32\GDI32.dll
0x00007ffd6e8b0000 - 0x00007ffd6e957000 	C:\WINDOWS\System32\msvcrt.dll
0x00007ffd6c780000 - 0x00007ffd6c89b000 	C:\WINDOWS\System32\gdi32full.dll
0x00007ffd6c620000 - 0x00007ffd6c6ba000 	C:\WINDOWS\System32\msvcp_win.dll
0x00007ffd6ea60000 - 0x00007ffd6ea91000 	C:\WINDOWS\System32\IMM32.DLL
0x00007ffd59ad0000 - 0x00007ffd59adc000 	C:\Program Files\Java\jdk-23\bin\vcruntime140_1.dll
0x00007ffd596f0000 - 0x00007ffd5977e000 	C:\Program Files\Java\jdk-23\bin\msvcp140.dll
0x00007ffd59b00000 - 0x00007ffd5a850000 	C:\Program Files\Java\jdk-23\bin\server\jvm.dll
0x00007ffd6d240000 - 0x00007ffd6d2f2000 	C:\WINDOWS\System32\ADVAPI32.dll
0x00007ffd6eaa0000 - 0x00007ffd6eb47000 	C:\WINDOWS\System32\sechost.dll
0x00007ffd6c8a0000 - 0x00007ffd6c8c8000 	C:\WINDOWS\System32\bcrypt.dll
0x00007ffd6cc90000 - 0x00007ffd6cda4000 	C:\WINDOWS\System32\RPCRT4.dll
0x00007ffd6ee80000 - 0x00007ffd6eef1000 	C:\WINDOWS\System32\WS2_32.dll
0x00007ffd6c130000 - 0x00007ffd6c17d000 	C:\WINDOWS\SYSTEM32\POWRPROF.dll
0x00007ffd67fd0000 - 0x00007ffd68004000 	C:\WINDOWS\SYSTEM32\WINMM.dll
0x00007ffd64e60000 - 0x00007ffd64e6a000 	C:\WINDOWS\SYSTEM32\VERSION.dll
0x00007ffd6c110000 - 0x00007ffd6c123000 	C:\WINDOWS\SYSTEM32\UMPDC.dll
0x00007ffd6b2a0000 - 0x00007ffd6b2b8000 	C:\WINDOWS\SYSTEM32\kernel.appcore.dll
0x00007ffd59a60000 - 0x00007ffd59a6a000 	C:\Program Files\Java\jdk-23\bin\jimage.dll
0x00007ffd69e00000 - 0x00007ffd6a032000 	C:\WINDOWS\SYSTEM32\DBGHELP.DLL
0x00007ffd6d400000 - 0x00007ffd6d791000 	C:\WINDOWS\System32\combase.dll
0x00007ffd6cdb0000 - 0x00007ffd6ce87000 	C:\WINDOWS\System32\OLEAUT32.dll
0x00007ffd469f0000 - 0x00007ffd46a22000 	C:\WINDOWS\SYSTEM32\dbgcore.DLL
0x00007ffd6c2e0000 - 0x00007ffd6c35b000 	C:\WINDOWS\System32\bcryptPrimitives.dll
0x00007ffd59a70000 - 0x00007ffd59a8e000 	C:\Program Files\Java\jdk-23\bin\java.dll
0x00007ffd6d090000 - 0x00007ffd6d235000 	C:\WINDOWS\System32\ole32.dll
0x00007ffd6dea0000 - 0x00007ffd6e719000 	C:\WINDOWS\System32\SHELL32.dll
0x00007ffd6a1a0000 - 0x00007ffd6aaa9000 	C:\WINDOWS\SYSTEM32\windows.storage.dll
0x00007ffd6a060000 - 0x00007ffd6a19f000 	C:\WINDOWS\SYSTEM32\wintypes.dll
0x00007ffd6dd80000 - 0x00007ffd6de7a000 	C:\WINDOWS\System32\SHCORE.dll
0x00007ffd6ef00000 - 0x00007ffd6ef5e000 	C:\WINDOWS\System32\shlwapi.dll
0x00007ffd6c190000 - 0x00007ffd6c1bb000 	C:\WINDOWS\SYSTEM32\profapi.dll
0x00007ffd59980000 - 0x00007ffd59a57000 	C:\Program Files\Java\jdk-23\bin\jsvml.dll
0x00007ffd59970000 - 0x00007ffd59980000 	C:\Program Files\Java\jdk-23\bin\net.dll
0x00007ffd6b720000 - 0x00007ffd6b789000 	C:\WINDOWS\system32\mswsock.dll
0x00007ffd59950000 - 0x00007ffd59966000 	C:\Program Files\Java\jdk-23\bin\nio.dll
0x00007ffd59930000 - 0x00007ffd59947000 	C:\Program Files\Java\jdk-23\bin\zip.dll
0x00007ffd57330000 - 0x00007ffd57354000 	C:\Program Files\NetBeans-24\netbeans\java\maven\lib\jansi-native\Windows\x86_64\jansi.dll
0x00007ffd59920000 - 0x00007ffd59930000 	C:\Program Files\Java\jdk-23\bin\verify.dll

dbghelp: loaded successfully - version: 4.0.5 - missing functions: none
symbol engine: initialized successfully - sym options: 0x614 - pdb path: .;C:\Program Files\Java\jdk-23\bin;C:\WINDOWS\SYSTEM32;C:\WINDOWS\WinSxS\amd64_microsoft.windows.common-controls_6595b64144ccf1df_6.0.22621.4541_none_2710d1c57384c085;C:\Program Files\Java\jdk-23\bin\server;C:\Program Files\NetBeans-24\netbeans\java\maven\lib\jansi-native\Windows\x86_64

VM Arguments:
jvm_args: -Dclassworlds.conf=C:\Program Files\NetBeans-24\netbeans\java\maven\bin\m2.conf -Dmaven.home=C:\Program Files\NetBeans-24\netbeans\java\maven -Dlibrary.jansi.path=C:\Program Files\NetBeans-24\netbeans\java\maven\lib\jansi-native -Dmaven.multiModuleProjectDirectory=C:\Users\Familia Pedraza\Documents\NetBeansProjects\Scanner 
java_command: org.codehaus.plexus.classworlds.launcher.Launcher -Dexec.vmArgs= -Dexec.args=${exec.vmArgs} -classpath %classpath ${exec.mainClass} ${exec.appArgs} -Dexec.appArgs= -Dexec.mainClass=com.mycompany.scanner.Scanner -Dexec.executable=C:\Program Files\Java\jdk-23\bin\java.exe -Dmaven.ext.class.path=C:\Program Files\NetBeans-24\netbeans\java\maven-nblib\netbeans-eventspy.jar --no-transfer-progress process-classes org.codehaus.mojo:exec-maven-plugin:3.1.0:exec
java_class_path (initial): C:\Program Files\NetBeans-24\netbeans\java\maven\boot\plexus-classworlds-2.8.0.jar
Launcher Type: SUN_STANDARD

[Global flags]
     intx CICompilerCount                          = 4                                         {product} {ergonomic}
     uint ConcGCThreads                            = 2                                         {product} {ergonomic}
     uint G1ConcRefinementThreads                  = 8                                         {product} {ergonomic}
   size_t G1HeapRegionSize                         = 1048576                                   {product} {ergonomic}
   size_t InitialHeapSize                          = 100663296                                 {product} {ergonomic}
   size_t MarkStackSize                            = 4194304                                   {product} {ergonomic}
   size_t MarkStackSizeMax                         = 536870912                                 {product} {ergonomic}
   size_t MaxHeapSize                              = 1579155456                                {product} {ergonomic}
   size_t MaxNewSize                               = 946864128                                 {product} {ergonomic}
   size_t MinHeapDeltaBytes                        = 1048576                                   {product} {ergonomic}
   size_t MinHeapSize                              = 8388608                                   {product} {ergonomic}
    uintx NonNMethodCodeHeapSize                   = 5832704                                {pd product} {ergonomic}
    uintx NonProfiledCodeHeapSize                  = 122945536                              {pd product} {ergonomic}
    uintx ProfiledCodeHeapSize                     = 122880000                              {pd product} {ergonomic}
    uintx ReservedCodeCacheSize                    = 251658240                              {pd product} {ergonomic}
     bool SegmentedCodeCache                       = true                                      {product} {ergonomic}
   size_t SoftMaxHeapSize                          = 1579155456                             {manageable} {ergonomic}
     bool UseCompressedOops                        = true                           {product lp64_product} {ergonomic}
     bool UseG1GC                                  = true                                      {product} {ergonomic}
     bool UseLargePagesIndividualAllocation        = false                                  {pd product} {ergonomic}

Logging:
Log output configuration:
 #0: stdout all=warning uptime,level,tags foldmultilines=false
 #1: stderr all=off uptime,level,tags foldmultilines=false

Environment Variables:
JAVA_HOME=C:\Program Files\Java\jdk-23
PATH=C:\Program Files\Common Files\Oracle\Java\javapath;C:\WINDOWS\system32;C:\WINDOWS;C:\WINDOWS\System32\Wbem;C:\WINDOWS\System32\WindowsPowerShell\v1.0\;C:\WINDOWS\System32\OpenSSH\;C:\Program Files (x86)\dotnet\;C:\Users\Familia Pedraza\AppData\Local\Microsoft\WindowsApps;
USERNAME=Familia Pedraza
TMPDIR=C:\Users\Public\Documents\Wondershare\CreatorTemp
OS=Windows_NT
PROCESSOR_IDENTIFIER=AMD64 Family 23 Model 24 Stepping 1, AuthenticAMD
TMP=C:\Users\FAMILI~1\AppData\Local\Temp
TEMP=C:\Users\FAMILI~1\AppData\Local\Temp




Periodic native trim disabled

---------------  S Y S T E M  ---------------

OS:
 Windows 11 , 64 bit Build 22621 (10.0.22621.4391)
OS uptime: 1 days 6:58 hours

CPU: total 8 (initial active 8) (8 cores per cpu, 2 threads per core) family 23 model 24 stepping 1 microcode 0x0, cx8, cmov, fxsr, ht, mmx, 3dnowpref, sse, sse2, sse3, ssse3, sse4a, sse4.1, sse4.2, popcnt, lzcnt, tsc, tscinvbit, avx, avx2, aes, clmul, bmi1, bmi2, adx, sha, fma, vzeroupper, clflush, clflushopt, rdtscp, f16c
Processor Information for the first 8 processors :
  Max Mhz: 2300, Current Mhz: 2300, Mhz Limit: 2300

Memory: 4k page, system-wide physical 6020M (1098M free)
TotalPageFile size 15236M (AvailPageFile size 8916M)
current process WorkingSet (physical memory assigned to process): 89M, peak: 89M
current process commit charge ("private bytes"): 200M, peak: 200M

vm_info: Java HotSpot(TM) 64-Bit Server VM (23.0.2+7-58) for windows-amd64 JRE (23.0.2+7-58), built on 2024-11-29T09:34:55Z with MS VC++ 17.6 (VS2022)

END.
