#
# A fatal error has been detected by the Java Runtime Environment:
#
#  EXCEPTION_ACCESS_VIOLATION (0xc0000005) at pc=0x00007ff9a07b6d82, pid=15652, tid=13036
#
# JRE version: Java(TM) SE Runtime Environment (23.0.2+7) (build 23.0.2+7-58)
# Java VM: Java HotSpot(TM) 64-Bit Server VM (23.0.2+7-58, mixed mode, sharing, tiered, compressed oops, compressed class ptrs, g1 gc, windows-amd64)
# Problematic frame:
# V  [jvm.dll+0x156d82]
#
# No core dump will be written. Minidumps are not enabled by default on client versions of Windows
#
# If you would like to submit a bug report, please visit:
#   https://bugreport.java.com/bugreport/crash.jsp
#

---------------  S U M M A R Y ------------

Command Line: -Dclassworlds.conf=C:\Program Files\NetBeans-24\netbeans\java\maven\bin\m2.conf -Dmaven.home=C:\Program Files\NetBeans-24\netbeans\java\maven -Dlibrary.jansi.path=C:\Program Files\NetBeans-24\netbeans\java\maven\lib\jansi-native -Dmaven.multiModuleProjectDirectory=C:\Users\Familia Pedraza\Documents\NetBeansProjects\Scanner org.codehaus.plexus.classworlds.launcher.Launcher -Dexec.vmArgs= -Dexec.args=${exec.vmArgs} -classpath %classpath ${exec.mainClass} ${exec.appArgs} -Dexec.appArgs= -Dexec.mainClass=com.mycompany.scanner.Scanner -Dexec.executable=C:\Program Files\Java\jdk-23\bin\java.exe -Dmaven.ext.class.path=C:\Program Files\NetBeans-24\netbeans\java\maven-nblib\netbeans-eventspy.jar --no-transfer-progress process-classes org.codehaus.mojo:exec-maven-plugin:3.1.0:exec

Host: AMD Ryzen 7 3700U with Radeon Vega Mobile Gfx  , 8 cores, 5G,  Windows 11 , 64 bit Build 22621 (10.0.22621.4391)
Time: Thu Feb 13 13:14:15 2025 Hora est. Pacífico, Sudamérica elapsed time: 4.880876 seconds (0d 0h 0m 4s)

---------------  T H R E A D  ---------------

Current thread (0x000001759f031600):  JavaThread "C1 CompilerThread0" daemon [_thread_in_native, id=13036, stack(0x0000003429d00000,0x0000003429e00000) (1024K)]


Current CompileTask:
C1:4881 5376   !   3       com.sun.tools.javac.comp.Attr::attribTree (183 bytes)

Stack: [0x0000003429d00000,0x0000003429e00000],  sp=0x0000003429dfe5c0,  free space=1017k
Native frames: (J=compiled Java code, j=interpreted, Vv=VM code, C=native code)
V  [jvm.dll+0x156d82]  (no source info available)
V  [jvm.dll+0x15c4c3]  (no source info available)
V  [jvm.dll+0x15b115]  (no source info available)
V  [jvm.dll+0x15463f]  (no source info available)
V  [jvm.dll+0x164cf1]  (no source info available)
V  [jvm.dll+0x14fd7b]  (no source info available)
V  [jvm.dll+0x150173]  (no source info available)
V  [jvm.dll+0x1504db]  (no source info available)
V  [jvm.dll+0x14f8a8]  (no source info available)
V  [jvm.dll+0x1516ed]  (no source info available)
V  [jvm.dll+0x253df1]  (no source info available)
V  [jvm.dll+0x2520aa]  (no source info available)
V  [jvm.dll+0x3ee226]  (no source info available)
V  [jvm.dll+0x8254cb]  (no source info available)
V  [jvm.dll+0x6df345]  (no source info available)
C  [ucrtbase.dll+0x29333]  (no source info available)
C  [KERNEL32.DLL+0x1259d]  (no source info available)
C  [ntdll.dll+0x5af38]  (no source info available)


siginfo: EXCEPTION_ACCESS_VIOLATION (0xc0000005), reading address 0x0000000000000018


Registers:
RAX=0x000001759f279688, RBX=0x000001759f279688, RCX=0x000001759f279700, RDX=0x0000000000000078
RSP=0x0000003429dfe5c0, RBP=0x0000000000000000, RSI=0x00007ff9a129d9c0, RDI=0x0000003429dfe870
R8 =0x000001759f279530, R9 =0x000001759f024a50, R10=0x00007ff9de350000, R11=0x00007ff9de351b94
R12=0x0000000000000061, R13=0x0000000000000000, R14=0x0000000000000000, R15=0x0000000000000000
RIP=0x00007ff9a07b6d82, EFLAGS=0x0000000000010206


Register to memory mapping:

RAX=0x000001759f279688 points into unknown readable memory: 0x000001759f8b2068 | 68 20 8b 9f 75 01 00 00
RBX=0x000001759f279688 points into unknown readable memory: 0x000001759f8b2068 | 68 20 8b 9f 75 01 00 00
RCX=0x000001759f279700 points into unknown readable memory: 0x2e6e75732e6d6f63 | 63 6f 6d 2e 73 75 6e 2e
RDX=0x0000000000000078 is an unknown value
RSP=0x0000003429dfe5c0 is pointing into the stack for thread: 0x000001759f031600
RBP=0x0 is null
RSI=0x00007ff9a129d9c0 jvm.dll
RDI=0x0000003429dfe870 is pointing into the stack for thread: 0x000001759f031600
R8 =0x000001759f279530 points into unknown readable memory: 0x00000175e5b7fa30 | 30 fa b7 e5 75 01 00 00
R9 =0x000001759f024a50 points into unknown readable memory: 0x0000000100000007 | 07 00 00 00 01 00 00 00
R10=0x00007ff9de350000 VCRUNTIME140.dll
R11=0x00007ff9de351b94 VCRUNTIME140.dll
R12=0x0000000000000061 is an unknown value
R13=0x0 is null
R14=0x0 is null
R15=0x0 is null

Top of Stack: (sp=0x0000003429dfe5c0)
0x0000003429dfe5c0:   000001759f30bb30 00007ff9a07b7f89
0x0000003429dfe5d0:   00000175e5b83a90 0000003429dfe870
0x0000003429dfe5e0:   0000000000000000 0000000000000000
0x0000003429dfe5f0:   ffffffffffffff00 00007ff9a07bc4c3
0x0000003429dfe600:   000001759f30bb30 0000003429dfe680
0x0000003429dfe610:   0000000000000061 0000003429dfe870
0x0000003429dfe620:   0000003429dfec70 0000000000000000
0x0000003429dfe630:   000001759f308770 000001759f3086c0
0x0000003429dfe640:   000001759f30bb30 0000000000000000
0x0000003429dfe650:   0000000000000005 000001759f30bac8
0x0000003429dfe660:   000001759f30bb7f 000001759f30bb31
0x0000003429dfe670:   0000006100000061 0000000000000009
0x0000003429dfe680:   0000003429dfec70 0000000000000000
0x0000003429dfe690:   0000000000000000 ffffffffffffffff
0x0000003429dfe6a0:   0000000000000000 00007ff9a07bb115
0x0000003429dfe6b0:   0000003429dfe870 0000000000000000
0x0000003429dfe6c0:   00000175e69f6980 00000175e5b82f70
0x0000003429dfe6d0:   00000175e5b7fa30 00007ff9a07b463f
0x0000003429dfe6e0:   0000003429dfe870 0000003429dfe7e0
0x0000003429dfe6f0:   00000175e5b81f30 000001759f308770
0x0000003429dfe700:   0000000000000000 000001759f003460
0x0000003429dfe710:   0000003429dfec70 00000175e5b7fa30
0x0000003429dfe720:   000000100000000d 00000175e5b7fc28
0x0000003429dfe730:   0000000000000000 00000175e5b7fca8
0x0000003429dfe740:   000000b7000000a9 00000175e5b80278
0x0000003429dfe750:   0000000000000000 0000000000000000
0x0000003429dfe760:   0000000000000000 0000000000000000
0x0000003429dfe770:   0000000000000000 0000000d00000000
0x0000003429dfe780:   00000175e5b83948 0000000000000000
0x0000003429dfe790:   0000000000000000 00007ff900000000
0x0000003429dfe7a0:   00000000000000a6 00007ff9a0851040
0x0000003429dfe7b0:   00000000000000a6 00000034000000b6 

Instructions: (pc=0x00007ff9a07b6d82)
0x00007ff9a07b6c82:   03 75 60 40 38 3d fe f3 a8 00 74 57 e8 7d 20 54
0x00007ff9a07b6c92:   00 84 c0 74 4e 48 85 ed 74 49 48 8b cd e8 fc a4
0x00007ff9a07b6ca2:   09 00 48 85 c0 74 3c 48 8b cd e8 ef a4 09 00 48
0x00007ff9a07b6cb2:   8b c8 e8 77 d8 09 00 48 85 c0 74 27 48 8b cd e8
0x00007ff9a07b6cc2:   da a4 09 00 48 8b c8 e8 62 d8 09 00 48 8b 48 08
0x00007ff9a07b6cd2:   8b 41 08 99 2b c2 d1 f8 41 2b 04 24 3b f0 0f 4f
0x00007ff9a07b6ce2:   c6 8b f0 4c 8b 64 24 50 48 8b 6c 24 48 85 f6 7e
0x00007ff9a07b6cf2:   26 33 d2 8d 4a 18 e8 83 1c 5e 00 48 85 c0 74 0d
0x00007ff9a07b6d02:   8b d6 48 8b c8 e8 74 cc ff ff 48 8b f8 48 8b c7
0x00007ff9a07b6d12:   48 83 c4 28 5f 5e c3 33 c0 48 83 c4 28 5f 5e c3
0x00007ff9a07b6d22:   cc cc cc cc cc cc cc cc cc cc cc cc cc cc 48 89
0x00007ff9a07b6d32:   5c 24 08 48 89 6c 24 10 48 89 74 24 18 48 89 7c
0x00007ff9a07b6d42:   24 20 41 54 41 56 41 57 48 83 ec 20 4d 8b f9 45
0x00007ff9a07b6d52:   8b e0 48 8b f2 48 8b f9 e8 31 90 00 00 48 8b d6
0x00007ff9a07b6d62:   48 8b cf 48 8b e8 e8 23 90 00 00 b9 78 00 00 00
0x00007ff9a07b6d72:   4c 8b f0 e8 f6 88 fd ff 48 8b d8 48 85 c0 74 46
0x00007ff9a07b6d82:   48 8b 55 18 49 8b 4e 18 e8 21 d7 fd ff 45 33 c9
0x00007ff9a07b6d92:   4d 8b c7 48 8b d0 48 8b cb e8 10 45 ff ff 48 8d
0x00007ff9a07b6da2:   05 b1 15 87 00 44 89 63 60 48 8b cb 48 89 03 4c
0x00007ff9a07b6db2:   89 73 68 48 89 6b 70 e8 72 07 01 00 84 c0 74 08
0x00007ff9a07b6dc2:   83 4b 10 01 eb 02 33 db 48 8b 07 48 8b d3 48 8b
0x00007ff9a07b6dd2:   48 20 4c 8b 41 10 4c 2b 41 28 48 8b cf e8 fc fa
0x00007ff9a07b6de2:   ff ff 48 8b 4f 50 4c 8b c0 48 8b d6 48 8b 5c 24
0x00007ff9a07b6df2:   40 48 8b 6c 24 48 48 8b 74 24 50 48 8b 7c 24 58
0x00007ff9a07b6e02:   48 83 c4 20 41 5f 41 5e 41 5c e9 1f 94 00 00 cc
0x00007ff9a07b6e12:   cc cc cc cc cc cc cc cc cc cc cc cc cc cc 8b c1
0x00007ff9a07b6e22:   c3 cc cc cc cc cc cc cc cc cc cc cc cc cc 48 89
0x00007ff9a07b6e32:   5c 24 08 48 89 74 24 10 57 48 83 ec 20 48 63 7a
0x00007ff9a07b6e42:   28 49 8b f0 48 8b d9 3b 39 7c 3e 3b 79 04 7c 07
0x00007ff9a07b6e52:   8b d7 e8 37 c8 f5 ff 48 63 0b 48 3b cf 7d 1f 45
0x00007ff9a07b6e62:   33 c0 0f 1f 40 00 0f 1f 84 00 00 00 00 00 48 8b
0x00007ff9a07b6e72:   43 08 4c 89 04 c8 48 ff c1 48 3b cf 7c f0 48 8b 


Stack slot to memory mapping:

stack at sp + 0 slots: 0x000001759f30bb30 points into unknown readable memory: 0xd30419dc063a0061 | 61 00 3a 06 dc 19 04 d3
stack at sp + 1 slots: 0x00007ff9a07b7f89 jvm.dll
stack at sp + 2 slots: 0x00000175e5b83a90 points into unknown readable memory: 0x00007ff9a1027738 | 38 77 02 a1 f9 7f 00 00
stack at sp + 3 slots: 0x0000003429dfe870 is pointing into the stack for thread: 0x000001759f031600
stack at sp + 4 slots: 0x0 is null
stack at sp + 5 slots: 0x0 is null
stack at sp + 6 slots: 0xffffffffffffff00 is an unknown value
stack at sp + 7 slots: 0x00007ff9a07bc4c3 jvm.dll

Lock stack of current Java thread (top to bottom):


---------------  P R O C E S S  ---------------

Threads class SMR info:
_java_thread_list=0x00000175e601dd80, length=13, elements={
0x0000017582e29760, 0x000001759f023660, 0x000001759f025890, 0x000001759f028190,
0x000001759f02b600, 0x000001759f02c2e0, 0x000001759f02cd40, 0x000001759f02e3a0,
0x000001759f031600, 0x000001759f184580, 0x000001759f18c0d0, 0x00000175e5d17280,
0x00000175e6de2200
}

Java Threads: ( => current thread )
  0x0000017582e29760 JavaThread "main"                              [_thread_in_native, id=15804, stack(0x0000003428e00000,0x0000003428f00000) (1024K)]
  0x000001759f023660 JavaThread "Reference Handler"          daemon [_thread_blocked, id=20124, stack(0x0000003429600000,0x0000003429700000) (1024K)]
  0x000001759f025890 JavaThread "Finalizer"                  daemon [_thread_blocked, id=16376, stack(0x0000003429700000,0x0000003429800000) (1024K)]
  0x000001759f028190 JavaThread "Signal Dispatcher"          daemon [_thread_blocked, id=18520, stack(0x0000003429800000,0x0000003429900000) (1024K)]
  0x000001759f02b600 JavaThread "Attach Listener"            daemon [_thread_blocked, id=17820, stack(0x0000003429900000,0x0000003429a00000) (1024K)]
  0x000001759f02c2e0 JavaThread "Service Thread"             daemon [_thread_blocked, id=19648, stack(0x0000003429a00000,0x0000003429b00000) (1024K)]
  0x000001759f02cd40 JavaThread "Monitor Deflation Thread"   daemon [_thread_blocked, id=14108, stack(0x0000003429b00000,0x0000003429c00000) (1024K)]
  0x000001759f02e3a0 JavaThread "C2 CompilerThread0"         daemon [_thread_in_native, id=18844, stack(0x0000003429c00000,0x0000003429d00000) (1024K)]
=>0x000001759f031600 JavaThread "C1 CompilerThread0"         daemon [_thread_in_native, id=13036, stack(0x0000003429d00000,0x0000003429e00000) (1024K)]
  0x000001759f184580 JavaThread "Notification Thread"        daemon [_thread_blocked, id=8156, stack(0x0000003429e00000,0x0000003429f00000) (1024K)]
  0x000001759f18c0d0 JavaThread "Common-Cleaner"             daemon [_thread_blocked, id=6428, stack(0x0000003429f00000,0x000000342a000000) (1024K)]
  0x00000175e5d17280 JavaThread "C2 CompilerThread1"         daemon [_thread_in_native, id=16452, stack(0x000000342a000000,0x000000342a100000) (1024K)]
  0x00000175e6de2200 JavaThread "C2 CompilerThread2"         daemon [_thread_in_native, id=17616, stack(0x000000342a100000,0x000000342a200000) (1024K)]
Total: 13

Other Threads:
  0x000001759f00b160 VMThread "VM Thread"                           [id=16988, stack(0x0000003429500000,0x0000003429600000) (1024K)]
  0x000001759eff7210 WatcherThread "VM Periodic Task Thread"        [id=20404, stack(0x0000003429400000,0x0000003429500000) (1024K)]
  0x0000017582e76810 WorkerThread "GC Thread#0"                     [id=18932, stack(0x0000003428f00000,0x0000003429000000) (1024K)]
  0x00000175e55d8fc0 WorkerThread "GC Thread#1"                     [id=18816, stack(0x000000342a200000,0x000000342a300000) (1024K)]
  0x00000175e53eda70 WorkerThread "GC Thread#2"                     [id=17264, stack(0x000000342a300000,0x000000342a400000) (1024K)]
  0x00000175e5327930 WorkerThread "GC Thread#3"                     [id=10524, stack(0x000000342a400000,0x000000342a500000) (1024K)]
  0x00000175e53a3410 WorkerThread "GC Thread#4"                     [id=20120, stack(0x000000342a500000,0x000000342a600000) (1024K)]
  0x00000175e5791000 WorkerThread "GC Thread#5"                     [id=3896, stack(0x000000342a600000,0x000000342a700000) (1024K)]
  0x00000175e57913b0 WorkerThread "GC Thread#6"                     [id=17900, stack(0x000000342a700000,0x000000342a800000) (1024K)]
  0x00000175e53b13d0 WorkerThread "GC Thread#7"                     [id=17836, stack(0x000000342a800000,0x000000342a900000) (1024K)]
  0x0000017582e86c80 ConcurrentGCThread "G1 Main Marker"            [id=16416, stack(0x0000003429000000,0x0000003429100000) (1024K)]
  0x0000017582e87e40 WorkerThread "G1 Conc#0"                       [id=17080, stack(0x0000003429100000,0x0000003429200000) (1024K)]
  0x00000175e5ae9850 WorkerThread "G1 Conc#1"                       [id=6352, stack(0x000000342a900000,0x000000342aa00000) (1024K)]
  0x000001759eecb110 ConcurrentGCThread "G1 Refine#0"               [id=8200, stack(0x0000003429200000,0x0000003429300000) (1024K)]
  0x000001759eecb7b0 ConcurrentGCThread "G1 Service"                [id=17932, stack(0x0000003429300000,0x0000003429400000) (1024K)]
Total: 15

Threads with active compile tasks:
C2 CompilerThread0  5033 5433       4       org.apache.maven.model.interpolation.StringVisitorModelInterpolator$ModelVisitor::visit (117 bytes)
C1 CompilerThread0  5033 5376   !   3       com.sun.tools.javac.comp.Attr::attribTree (183 bytes)
C2 CompilerThread1  5033 5168   !   4       com.sun.tools.javac.jvm.ClassReader::classSigToType (530 bytes)
C2 CompilerThread2  5033 5409   !   4       org.apache.maven.model.Plugin::clone (204 bytes)
Total: 4

VM state: not at safepoint (normal execution)

VM Mutex/Monitor currently owned by a thread: None

Heap address: 0x00000000a1e00000, size: 1506 MB, Compressed Oops mode: 32-bit

CDS archive(s) mapped at: [0x00000175a0000000-0x00000175a0d70000-0x00000175a0d70000), size 14090240, SharedBaseAddress: 0x00000175a0000000, ArchiveRelocationMode: 1.
Compressed class space mapped at: 0x00000175a1000000-0x00000175e1000000, reserved size: 1073741824
Narrow klass base: 0x00000175a0000000, Narrow klass shift: 0, Narrow klass range: 0x41000000

GC Precious Log:
 CardTable entry size: 512
 Card Set container configuration: InlinePtr #cards 5 size 8 Array Of Cards #cards 10 size 36 Howl #buckets 4 coarsen threshold 1843 Howl Bitmap #cards 512 size 80 coarsen threshold 460 Card regions per heap region 1 cards per card region 2048
 CPUs: 8 total, 8 available
 Memory: 6020M
 Large Page Support: Disabled
 NUMA Support: Disabled
 Compressed Oops: Enabled (32-bit)
 Heap Region Size: 1M
 Heap Min Capacity: 8M
 Heap Initial Capacity: 96M
 Heap Max Capacity: 1506M
 Pre-touch: Disabled
 Parallel Workers: 8
 Concurrent Workers: 2
 Concurrent Refinement Workers: 8
 Periodic GC: Disabled

Heap:
 garbage-first heap   total reserved 1542144K, committed 65536K, used 43397K [0x00000000a1e00000, 0x0000000100000000)
  region size 1024K, 26 young (26624K), 1 survivors (1024K)
 Metaspace       used 26969K, committed 27392K, reserved 1114112K
  class space    used 3314K, committed 3520K, reserved 1048576K

Heap Regions: E=young(eden), S=young(survivor), O=old, HS=humongous(starts), HC=humongous(continues), CS=collection set, F=free, TAMS=top-at-mark-start, PB=parsable bottom
|   0|0x00000000a1e00000, 0x00000000a1f00000, 0x00000000a1f00000|100%| O|  |TAMS 0x00000000a1e00000| PB 0x00000000a1e00000| Untracked |  0
|   1|0x00000000a1f00000, 0x00000000a2000000, 0x00000000a2000000|100%| O|  |TAMS 0x00000000a1f00000| PB 0x00000000a1f00000| Untracked |  0
|   2|0x00000000a2000000, 0x00000000a2100000, 0x00000000a2100000|100%| O|  |TAMS 0x00000000a2000000| PB 0x00000000a2000000| Untracked |  0
|   3|0x00000000a2100000, 0x00000000a2200000, 0x00000000a2200000|100%| O|  |TAMS 0x00000000a2100000| PB 0x00000000a2100000| Untracked |  0
|   4|0x00000000a2200000, 0x00000000a2200000, 0x00000000a2300000|  0%| F|  |TAMS 0x00000000a2200000| PB 0x00000000a2200000| Untracked |  0
|   5|0x00000000a2300000, 0x00000000a2300000, 0x00000000a2400000|  0%| F|  |TAMS 0x00000000a2300000| PB 0x00000000a2300000| Untracked |  0
|   6|0x00000000a2400000, 0x00000000a2500000, 0x00000000a2500000|100%|HS|  |TAMS 0x00000000a2400000| PB 0x00000000a2400000| Complete |  0
|   7|0x00000000a2500000, 0x00000000a2600000, 0x00000000a2600000|100%|HC|  |TAMS 0x00000000a2500000| PB 0x00000000a2500000| Complete |  0
|   8|0x00000000a2600000, 0x00000000a2700000, 0x00000000a2700000|100%| O|  |TAMS 0x00000000a2600000| PB 0x00000000a2600000| Untracked |  0
|   9|0x00000000a2700000, 0x00000000a2800000, 0x00000000a2800000|100%| O|  |TAMS 0x00000000a2700000| PB 0x00000000a2700000| Untracked |  0
|  10|0x00000000a2800000, 0x00000000a2900000, 0x00000000a2900000|100%| O|  |TAMS 0x00000000a2800000| PB 0x00000000a2800000| Untracked |  0
|  11|0x00000000a2900000, 0x00000000a2a00000, 0x00000000a2a00000|100%| O|  |TAMS 0x00000000a2900000| PB 0x00000000a2900000| Untracked |  0
|  12|0x00000000a2a00000, 0x00000000a2b00000, 0x00000000a2b00000|100%| O|Cm|TAMS 0x00000000a2a00000| PB 0x00000000a2a00000| Complete |  0
|  13|0x00000000a2b00000, 0x00000000a2c00000, 0x00000000a2c00000|100%| O|  |TAMS 0x00000000a2b00000| PB 0x00000000a2b00000| Untracked |  0
|  14|0x00000000a2c00000, 0x00000000a2d00000, 0x00000000a2d00000|100%| O|  |TAMS 0x00000000a2c00000| PB 0x00000000a2c00000| Untracked |  0
|  15|0x00000000a2d00000, 0x00000000a2e00000, 0x00000000a2e00000|100%| O|  |TAMS 0x00000000a2d00000| PB 0x00000000a2d00000| Untracked |  0
|  16|0x00000000a2e00000, 0x00000000a2f00000, 0x00000000a2f00000|100%| O|  |TAMS 0x00000000a2e00000| PB 0x00000000a2e00000| Untracked |  0
|  17|0x00000000a2f00000, 0x00000000a3000000, 0x00000000a3000000|100%| O|  |TAMS 0x00000000a2f00000| PB 0x00000000a2f00000| Untracked |  0
|  18|0x00000000a3000000, 0x00000000a3100000, 0x00000000a3100000|100%| O|  |TAMS 0x00000000a3000000| PB 0x00000000a3000000| Untracked |  0
|  19|0x00000000a3100000, 0x00000000a3161670, 0x00000000a3200000| 38%| O|  |TAMS 0x00000000a3100000| PB 0x00000000a3100000| Untracked |  0
|  20|0x00000000a3200000, 0x00000000a3200000, 0x00000000a3300000|  0%| F|  |TAMS 0x00000000a3200000| PB 0x00000000a3200000| Untracked |  0
|  21|0x00000000a3300000, 0x00000000a3300000, 0x00000000a3400000|  0%| F|  |TAMS 0x00000000a3300000| PB 0x00000000a3300000| Untracked |  0
|  22|0x00000000a3400000, 0x00000000a3400000, 0x00000000a3500000|  0%| F|  |TAMS 0x00000000a3400000| PB 0x00000000a3400000| Untracked |  0
|  23|0x00000000a3500000, 0x00000000a3500000, 0x00000000a3600000|  0%| F|  |TAMS 0x00000000a3500000| PB 0x00000000a3500000| Untracked |  0
|  24|0x00000000a3600000, 0x00000000a3600000, 0x00000000a3700000|  0%| F|  |TAMS 0x00000000a3600000| PB 0x00000000a3600000| Untracked |  0
|  25|0x00000000a3700000, 0x00000000a3700000, 0x00000000a3800000|  0%| F|  |TAMS 0x00000000a3700000| PB 0x00000000a3700000| Untracked |  0
|  26|0x00000000a3800000, 0x00000000a3800000, 0x00000000a3900000|  0%| F|  |TAMS 0x00000000a3800000| PB 0x00000000a3800000| Untracked |  0
|  27|0x00000000a3900000, 0x00000000a3900000, 0x00000000a3a00000|  0%| F|  |TAMS 0x00000000a3900000| PB 0x00000000a3900000| Untracked |  0
|  28|0x00000000a3a00000, 0x00000000a3a00000, 0x00000000a3b00000|  0%| F|  |TAMS 0x00000000a3a00000| PB 0x00000000a3a00000| Untracked |  0
|  29|0x00000000a3b00000, 0x00000000a3b00000, 0x00000000a3c00000|  0%| F|  |TAMS 0x00000000a3b00000| PB 0x00000000a3b00000| Untracked |  0
|  30|0x00000000a3c00000, 0x00000000a3c00000, 0x00000000a3d00000|  0%| F|  |TAMS 0x00000000a3c00000| PB 0x00000000a3c00000| Untracked |  0
|  31|0x00000000a3d00000, 0x00000000a3d00000, 0x00000000a3e00000|  0%| F|  |TAMS 0x00000000a3d00000| PB 0x00000000a3d00000| Untracked |  0
|  32|0x00000000a3e00000, 0x00000000a3e00000, 0x00000000a3f00000|  0%| F|  |TAMS 0x00000000a3e00000| PB 0x00000000a3e00000| Untracked |  0
|  33|0x00000000a3f00000, 0x00000000a3f00000, 0x00000000a4000000|  0%| F|  |TAMS 0x00000000a3f00000| PB 0x00000000a3f00000| Untracked |  0
|  34|0x00000000a4000000, 0x00000000a4000000, 0x00000000a4100000|  0%| F|  |TAMS 0x00000000a4000000| PB 0x00000000a4000000| Untracked |  0
|  35|0x00000000a4100000, 0x00000000a4100000, 0x00000000a4200000|  0%| F|  |TAMS 0x00000000a4100000| PB 0x00000000a4100000| Untracked |  0
|  36|0x00000000a4200000, 0x00000000a4200000, 0x00000000a4300000|  0%| F|  |TAMS 0x00000000a4200000| PB 0x00000000a4200000| Untracked |  0
|  37|0x00000000a4300000, 0x00000000a4300000, 0x00000000a4400000|  0%| F|  |TAMS 0x00000000a4300000| PB 0x00000000a4300000| Untracked |  0
|  38|0x00000000a4400000, 0x00000000a4500000, 0x00000000a4500000|100%| E|  |TAMS 0x00000000a4400000| PB 0x00000000a4400000| Complete |  0
|  39|0x00000000a4500000, 0x00000000a4600000, 0x00000000a4600000|100%| E|CS|TAMS 0x00000000a4500000| PB 0x00000000a4500000| Complete |  0
|  40|0x00000000a4600000, 0x00000000a4700000, 0x00000000a4700000|100%| E|CS|TAMS 0x00000000a4600000| PB 0x00000000a4600000| Complete |  0
|  41|0x00000000a4700000, 0x00000000a4800000, 0x00000000a4800000|100%| E|CS|TAMS 0x00000000a4700000| PB 0x00000000a4700000| Complete |  0
|  42|0x00000000a4800000, 0x00000000a4900000, 0x00000000a4900000|100%| E|CS|TAMS 0x00000000a4800000| PB 0x00000000a4800000| Complete |  0
|  43|0x00000000a4900000, 0x00000000a4a00000, 0x00000000a4a00000|100%| E|CS|TAMS 0x00000000a4900000| PB 0x00000000a4900000| Complete |  0
|  44|0x00000000a4a00000, 0x00000000a4b00000, 0x00000000a4b00000|100%| E|CS|TAMS 0x00000000a4a00000| PB 0x00000000a4a00000| Complete |  0
|  45|0x00000000a4b00000, 0x00000000a4c00000, 0x00000000a4c00000|100%| E|CS|TAMS 0x00000000a4b00000| PB 0x00000000a4b00000| Complete |  0
|  46|0x00000000a4c00000, 0x00000000a4d00000, 0x00000000a4d00000|100%| E|CS|TAMS 0x00000000a4c00000| PB 0x00000000a4c00000| Complete |  0
|  47|0x00000000a4d00000, 0x00000000a4e00000, 0x00000000a4e00000|100%| E|CS|TAMS 0x00000000a4d00000| PB 0x00000000a4d00000| Complete |  0
|  48|0x00000000a4e00000, 0x00000000a4f00000, 0x00000000a4f00000|100%| E|CS|TAMS 0x00000000a4e00000| PB 0x00000000a4e00000| Complete |  0
|  49|0x00000000a4f00000, 0x00000000a5000000, 0x00000000a5000000|100%| E|CS|TAMS 0x00000000a4f00000| PB 0x00000000a4f00000| Complete |  0
|  50|0x00000000a5000000, 0x00000000a5100000, 0x00000000a5100000|100%| E|CS|TAMS 0x00000000a5000000| PB 0x00000000a5000000| Complete |  0
|  51|0x00000000a5100000, 0x00000000a5200000, 0x00000000a5200000|100%| E|CS|TAMS 0x00000000a5100000| PB 0x00000000a5100000| Complete |  0
|  52|0x00000000a5200000, 0x00000000a5300000, 0x00000000a5300000|100%| E|CS|TAMS 0x00000000a5200000| PB 0x00000000a5200000| Complete |  0
|  53|0x00000000a5300000, 0x00000000a5400000, 0x00000000a5400000|100%| E|CS|TAMS 0x00000000a5300000| PB 0x00000000a5300000| Complete |  0
|  54|0x00000000a5400000, 0x00000000a5500000, 0x00000000a5500000|100%| E|CS|TAMS 0x00000000a5400000| PB 0x00000000a5400000| Complete |  0
|  55|0x00000000a5500000, 0x00000000a5600000, 0x00000000a5600000|100%| E|CS|TAMS 0x00000000a5500000| PB 0x00000000a5500000| Complete |  0
|  56|0x00000000a5600000, 0x00000000a5700000, 0x00000000a5700000|100%| E|CS|TAMS 0x00000000a5600000| PB 0x00000000a5600000| Complete |  0
|  57|0x00000000a5700000, 0x00000000a5800000, 0x00000000a5800000|100%| E|CS|TAMS 0x00000000a5700000| PB 0x00000000a5700000| Complete |  0
|  58|0x00000000a5800000, 0x00000000a5900000, 0x00000000a5900000|100%| E|CS|TAMS 0x00000000a5800000| PB 0x00000000a5800000| Complete |  0
|  59|0x00000000a5900000, 0x00000000a5a00000, 0x00000000a5a00000|100%| E|CS|TAMS 0x00000000a5900000| PB 0x00000000a5900000| Complete |  0
|  60|0x00000000a5a00000, 0x00000000a5b00000, 0x00000000a5b00000|100%| E|CS|TAMS 0x00000000a5a00000| PB 0x00000000a5a00000| Complete |  0
|  61|0x00000000a5b00000, 0x00000000a5c00000, 0x00000000a5c00000|100%| E|CS|TAMS 0x00000000a5b00000| PB 0x00000000a5b00000| Complete |  0
|  94|0x00000000a7c00000, 0x00000000a7d00000, 0x00000000a7d00000|100%| S|CS|TAMS 0x00000000a7c00000| PB 0x00000000a7c00000| Complete |  0
|  95|0x00000000a7d00000, 0x00000000a7e00000, 0x00000000a7e00000|100%| E|CS|TAMS 0x00000000a7d00000| PB 0x00000000a7d00000| Complete |  0

Card table byte_map: [0x000001759aba0000,0x000001759aea0000] _byte_map_base: 0x000001759a691000

Marking Bits: (CMBitMap*) 0x0000017582e76e30
 Bits: [0x000001759aea0000, 0x000001759c628000)

Polling page: 0x0000017580c70000

Metaspace:

Usage:
  Non-class:     23.10 MB used.
      Class:      3.24 MB used.
       Both:     26.34 MB used.

Virtual space:
  Non-class space:       64.00 MB reserved,      23.31 MB ( 36%) committed,  1 nodes.
      Class space:        1.00 GB reserved,       3.44 MB ( <1%) committed,  1 nodes.
             Both:        1.06 GB reserved,      26.75 MB (  2%) committed. 

Chunk freelists:
   Non-Class:  8.50 MB
       Class:  12.62 MB
        Both:  21.12 MB

MaxMetaspaceSize: unlimited
CompressedClassSpaceSize: 1.00 GB
Initial GC threshold: 21.00 MB
Current GC threshold: 35.31 MB
CDS: on
 - commit_granule_bytes: 65536.
 - commit_granule_words: 8192.
 - virtual_space_node_default_size: 8388608.
 - enlarge_chunks_in_place: 1.
 - use_allocation_guard: 0.


Internal statistics:

num_allocs_failed_limit: 3.
num_arena_births: 264.
num_arena_deaths: 0.
num_vsnodes_births: 2.
num_vsnodes_deaths: 0.
num_space_committed: 428.
num_space_uncommitted: 0.
num_chunks_returned_to_freelist: 3.
num_chunks_taken_from_freelist: 1198.
num_chunk_merges: 3.
num_chunk_splits: 864.
num_chunks_enlarged: 692.
num_inconsistent_stats: 0.

CodeHeap 'non-profiled nmethods': size=120064Kb used=2005Kb max_used=2005Kb free=118058Kb
 bounds [0x0000017593030000, 0x00000175932a0000, 0x000001759a570000]
CodeHeap 'profiled nmethods': size=120000Kb used=8216Kb max_used=8216Kb free=111783Kb
 bounds [0x000001758b570000, 0x000001758bd80000, 0x0000017592aa0000]
CodeHeap 'non-nmethods': size=5696Kb used=1455Kb max_used=1498Kb free=4240Kb
 bounds [0x0000017592aa0000, 0x0000017592d10000, 0x0000017593030000]
CodeCache: size=245760Kb, used=11676Kb, max_used=11719Kb, free=234081Kb
 total_blobs=5939, nmethods=5391, adapters=453, full_count=0
Compilation: enabled, stopped_count=0, restarted_count=0

Compilation events (20 events):
Event: 4.861 Thread 0x000001759f031600 nmethod 5369 0x000001758bd6fb88 code [0x000001758bd6fca0, 0x000001758bd6fe10]
Event: 4.861 Thread 0x000001759f031600 5368       3       com.sun.tools.javac.code.Type::constValue (13 bytes)
Event: 4.862 Thread 0x000001759f031600 nmethod 5368 0x000001758bd6fe88 code [0x000001758bd6ffc0, 0x000001758bd702b0]
Event: 4.862 Thread 0x000001759f031600 5367       3       com.sun.tools.javac.tree.TreeInfo::skipParens (20 bytes)
Event: 4.862 Thread 0x000001759f031600 nmethod 5367 0x000001758bd70308 code [0x000001758bd70480, 0x000001758bd70c70]
Event: 4.862 Thread 0x000001759f031600 5364       3       com.sun.tools.javac.code.Types$5::visitClassType (10 bytes)
Event: 4.862 Thread 0x000001759f031600 nmethod 5364 0x000001758bd70d08 code [0x000001758bd70e40, 0x000001758bd71068]
Event: 4.862 Thread 0x000001759f031600 5365       3       com.sun.tools.javac.code.Types$5::visitClassType (366 bytes)
Event: 4.864 Thread 0x000001759f031600 nmethod 5365 0x000001758bd71088 code [0x000001758bd71640, 0x000001758bd752b8]
Event: 4.864 Thread 0x000001759f031600 5372       3       sun.nio.fs.WindowsPath::getFileSystem (5 bytes)
Event: 4.865 Thread 0x000001759f031600 nmethod 5372 0x000001758bd75388 code [0x000001758bd754a0, 0x000001758bd75648]
Event: 4.865 Thread 0x000001759f031600 5373       3       com.sun.tools.javac.code.Scope$ScopeImpl$1::hasNext (70 bytes)
Event: 4.865 Thread 0x000001759f031600 nmethod 5373 0x000001758bd75688 code [0x000001758bd757c0, 0x000001758bd75ae0]
Event: 4.865 Thread 0x000001759f031600 5371       1       com.sun.tools.javac.util.Name::poolTag (2 bytes)
Event: 4.865 Thread 0x000001759f031600 nmethod 5371 0x0000017593218188 code [0x00000175932182a0, 0x0000017593218368]
Event: 4.865 Thread 0x000001759f031600 5370       3       com.sun.tools.javac.tree.JCTree$JCMethodInvocation::getTag (4 bytes)
Event: 4.865 Thread 0x000001759f031600 nmethod 5370 0x000001758bd75b08 code [0x000001758bd75c20, 0x000001758bd75d38]
Event: 4.865 Thread 0x000001759f031600 5374       3       com.sun.tools.javac.code.Type$StructuralTypeMapping::visitMethodType (7 bytes)
Event: 4.865 Thread 0x000001759f031600 nmethod 5374 0x000001758bd75e08 code [0x000001758bd75f20, 0x000001758bd760e8]
Event: 4.865 Thread 0x000001759f031600 5376   !   3       com.sun.tools.javac.comp.Attr::attribTree (183 bytes)

GC Heap History (10 events):
Event: 1.156 GC heap before
{Heap before GC invocations=0 (full 0):
 garbage-first heap   total reserved 1542144K, committed 98304K, used 24576K [0x00000000a1e00000, 0x0000000100000000)
  region size 1024K, 24 young (24576K), 0 survivors (0K)
 Metaspace       used 5935K, committed 6144K, reserved 1114112K
  class space    used 730K, committed 832K, reserved 1048576K
}
Event: 1.165 GC heap after
{Heap after GC invocations=1 (full 0):
 garbage-first heap   total reserved 1542144K, committed 98304K, used 3776K [0x00000000a1e00000, 0x0000000100000000)
  region size 1024K, 3 young (3072K), 3 survivors (3072K)
 Metaspace       used 5935K, committed 6144K, reserved 1114112K
  class space    used 730K, committed 832K, reserved 1048576K
}
Event: 1.713 GC heap before
{Heap before GC invocations=1 (full 0):
 garbage-first heap   total reserved 1542144K, committed 98304K, used 26304K [0x00000000a1e00000, 0x0000000100000000)
  region size 1024K, 25 young (25600K), 3 survivors (3072K)
 Metaspace       used 8421K, committed 8640K, reserved 1114112K
  class space    used 1019K, committed 1152K, reserved 1048576K
}
Event: 1.721 GC heap after
{Heap after GC invocations=2 (full 0):
 garbage-first heap   total reserved 1542144K, committed 98304K, used 5177K [0x00000000a1e00000, 0x0000000100000000)
  region size 1024K, 2 young (2048K), 2 survivors (2048K)
 Metaspace       used 8421K, committed 8640K, reserved 1114112K
  class space    used 1019K, committed 1152K, reserved 1048576K
}
Event: 3.135 GC heap before
{Heap before GC invocations=2 (full 0):
 garbage-first heap   total reserved 1542144K, committed 98304K, used 53305K [0x00000000a1e00000, 0x0000000100000000)
  region size 1024K, 50 young (51200K), 2 survivors (2048K)
 Metaspace       used 15730K, committed 16000K, reserved 1114112K
  class space    used 1936K, committed 2048K, reserved 1048576K
}
Event: 3.147 GC heap after
{Heap after GC invocations=3 (full 0):
 garbage-first heap   total reserved 1542144K, committed 98304K, used 9268K [0x00000000a1e00000, 0x0000000100000000)
  region size 1024K, 6 young (6144K), 6 survivors (6144K)
 Metaspace       used 15730K, committed 16000K, reserved 1114112K
  class space    used 1936K, committed 2048K, reserved 1048576K
}
Event: 4.118 GC heap before
{Heap before GC invocations=3 (full 0):
 garbage-first heap   total reserved 1542144K, committed 98304K, used 59444K [0x00000000a1e00000, 0x0000000100000000)
  region size 1024K, 51 young (52224K), 6 survivors (6144K)
 Metaspace       used 19945K, committed 20224K, reserved 1114112K
  class space    used 2414K, committed 2560K, reserved 1048576K
}
Event: 4.136 GC heap after
{Heap after GC invocations=4 (full 0):
 garbage-first heap   total reserved 1542144K, committed 98304K, used 20480K [0x00000000a1e00000, 0x0000000100000000)
  region size 1024K, 7 young (7168K), 7 survivors (7168K)
 Metaspace       used 19945K, committed 20224K, reserved 1114112K
  class space    used 2414K, committed 2560K, reserved 1048576K
}
Event: 4.185 GC heap before
{Heap before GC invocations=4 (full 0):
 garbage-first heap   total reserved 1542144K, committed 98304K, used 20480K [0x00000000a1e00000, 0x0000000100000000)
  region size 1024K, 8 young (8192K), 7 survivors (7168K)
 Metaspace       used 21181K, committed 21504K, reserved 1114112K
  class space    used 2598K, committed 2688K, reserved 1048576K
}
Event: 4.194 GC heap after
{Heap after GC invocations=5 (full 0):
 garbage-first heap   total reserved 1542144K, committed 98304K, used 18821K [0x00000000a1e00000, 0x0000000100000000)
  region size 1024K, 1 young (1024K), 1 survivors (1024K)
 Metaspace       used 21181K, committed 21504K, reserved 1114112K
  class space    used 2598K, committed 2688K, reserved 1048576K
}

Dll operation events (8 events):
Event: 0.015 Loaded shared library C:\Program Files\Java\jdk-23\bin\java.dll
Event: 0.067 Loaded shared library C:\Program Files\Java\jdk-23\bin\jsvml.dll
Event: 0.105 Loaded shared library C:\Program Files\Java\jdk-23\bin\net.dll
Event: 0.108 Loaded shared library C:\Program Files\Java\jdk-23\bin\nio.dll
Event: 0.114 Loaded shared library C:\Program Files\Java\jdk-23\bin\zip.dll
Event: 0.289 Loaded shared library C:\Program Files\Java\jdk-23\bin\jimage.dll
Event: 0.290 Loaded shared library C:\Program Files\NetBeans-24\netbeans\java\maven\lib\jansi-native\Windows\x86_64\jansi.dll
Event: 0.307 Loaded shared library C:\Program Files\Java\jdk-23\bin\verify.dll

Deoptimization events (20 events):
Event: 4.602 Thread 0x0000017582e29760 Uncommon trap: trap_request=0xffffff45 fr.pc=0x00000175931e9adc relative=0x000000000000005c
Event: 4.602 Thread 0x0000017582e29760 Uncommon trap: reason=unstable_if action=reinterpret pc=0x00000175931e9adc method=com.sun.tools.javac.jvm.PoolReader.sizeof(I)I @ 1 c2
Event: 4.602 Thread 0x0000017582e29760 DEOPT PACKING pc=0x00000175931e9adc sp=0x0000003428efcac0
Event: 4.602 Thread 0x0000017582e29760 DEOPT UNPACKING pc=0x0000017592af4402 sp=0x0000003428efca50 mode 2
Event: 4.606 Thread 0x0000017582e29760 DEOPT PACKING pc=0x000001758bc280f4 sp=0x0000003428efc290
Event: 4.606 Thread 0x0000017582e29760 DEOPT UNPACKING pc=0x0000017592af4b22 sp=0x0000003428efb718 mode 0
Event: 4.630 Thread 0x0000017582e29760 DEOPT PACKING pc=0x000001758bcab4d1 sp=0x0000003428efc960
Event: 4.630 Thread 0x0000017582e29760 DEOPT UNPACKING pc=0x0000017592af4b22 sp=0x0000003428efbe00 mode 0
Event: 4.636 Thread 0x0000017582e29760 DEOPT PACKING pc=0x000001758bc2a50c sp=0x0000003428efc510
Event: 4.636 Thread 0x0000017582e29760 DEOPT UNPACKING pc=0x0000017592af4b22 sp=0x0000003428efb9a8 mode 0
Event: 4.649 Thread 0x0000017582e29760 DEOPT PACKING pc=0x000001758bc2a50c sp=0x0000003428efca70
Event: 4.649 Thread 0x0000017582e29760 DEOPT UNPACKING pc=0x0000017592af4b22 sp=0x0000003428efbf08 mode 0
Event: 4.825 Thread 0x0000017582e29760 Uncommon trap: trap_request=0xffffff3d fr.pc=0x00000175931f7d44 relative=0x0000000000000244
Event: 4.825 Thread 0x0000017582e29760 Uncommon trap: reason=unstable_fused_if action=reinterpret pc=0x00000175931f7d44 method=com.sun.tools.javac.util.Convert.chars2utf([CI[BII)I @ 28 c2
Event: 4.825 Thread 0x0000017582e29760 DEOPT PACKING pc=0x00000175931f7d44 sp=0x0000003428efc7e0
Event: 4.825 Thread 0x0000017582e29760 DEOPT UNPACKING pc=0x0000017592af4402 sp=0x0000003428efc740 mode 2
Event: 4.832 Thread 0x0000017582e29760 Uncommon trap: trap_request=0xffffff45 fr.pc=0x0000017593189160 relative=0x0000000000000120
Event: 4.832 Thread 0x0000017582e29760 Uncommon trap: reason=unstable_if action=reinterpret pc=0x0000017593189160 method=java.util.HashMap.getNode(Ljava/lang/Object;)Ljava/util/HashMap$Node; @ 66 c2
Event: 4.832 Thread 0x0000017582e29760 DEOPT PACKING pc=0x0000017593189160 sp=0x0000003428efd370
Event: 4.832 Thread 0x0000017582e29760 DEOPT UNPACKING pc=0x0000017592af4402 sp=0x0000003428efd280 mode 2

Classes loaded (20 events):
Event: 4.451 Loading class sun/nio/fs/WindowsFileStore
Event: 4.451 Loading class sun/nio/fs/WindowsFileStore done
Event: 4.455 Loading class java/nio/file/SimpleFileVisitor
Event: 4.455 Loading class java/nio/file/SimpleFileVisitor done
Event: 4.455 Loading class java/nio/file/Files$3
Event: 4.455 Loading class java/nio/file/Files$3 done
Event: 4.455 Loading class java/nio/file/FileVisitResult
Event: 4.455 Loading class java/nio/file/FileVisitResult done
Event: 4.455 Loading class sun/nio/fs/BasicFileAttributesHolder
Event: 4.455 Loading class sun/nio/fs/BasicFileAttributesHolder done
Event: 4.554 Loading class java/util/ComparableTimSort
Event: 4.555 Loading class java/util/ComparableTimSort done
Event: 4.557 Loading class java/nio/file/Files$2
Event: 4.557 Loading class java/nio/file/Files$2 done
Event: 4.560 Loading class sun/nio/fs/WindowsPath$WindowsPathWithAttributes
Event: 4.560 Loading class sun/nio/fs/WindowsPath$WindowsPathWithAttributes done
Event: 4.592 Loading class java/nio/file/FileTreeWalker$1
Event: 4.592 Loading class java/nio/file/FileTreeWalker$1 done
Event: 4.823 Loading class java/util/function/ToIntBiFunction
Event: 4.823 Loading class java/util/function/ToIntBiFunction done

Classes unloaded (0 events):
No events

Classes redefined (0 events):
No events

Internal exceptions (20 events):
Event: 4.596 Thread 0x0000017582e29760 Exception <a 'sun/nio/fs/WindowsException'{0x00000000a54a6700}> (0x00000000a54a6700) 
thrown [s\open\src\hotspot\share\prims\jni.cpp, line 520]
Event: 4.598 Thread 0x0000017582e29760 Exception <a 'sun/nio/fs/WindowsException'{0x00000000a54af020}> (0x00000000a54af020) 
thrown [s\open\src\hotspot\share\prims\jni.cpp, line 520]
Event: 4.599 Thread 0x0000017582e29760 Exception <a 'sun/nio/fs/WindowsException'{0x00000000a54b0690}> (0x00000000a54b0690) 
thrown [s\open\src\hotspot\share\prims\jni.cpp, line 520]
Event: 4.599 Thread 0x0000017582e29760 Exception <a 'sun/nio/fs/WindowsException'{0x00000000a54b1490}> (0x00000000a54b1490) 
thrown [s\open\src\hotspot\share\prims\jni.cpp, line 520]
Event: 4.599 Thread 0x0000017582e29760 Exception <a 'sun/nio/fs/WindowsException'{0x00000000a54b2148}> (0x00000000a54b2148) 
thrown [s\open\src\hotspot\share\prims\jni.cpp, line 520]
Event: 4.599 Thread 0x0000017582e29760 Exception <a 'sun/nio/fs/WindowsException'{0x00000000a54b3f48}> (0x00000000a54b3f48) 
thrown [s\open\src\hotspot\share\prims\jni.cpp, line 520]
Event: 4.600 Thread 0x0000017582e29760 Exception <a 'sun/nio/fs/WindowsException'{0x00000000a54bd020}> (0x00000000a54bd020) 
thrown [s\open\src\hotspot\share\prims\jni.cpp, line 520]
Event: 4.601 Thread 0x0000017582e29760 Exception <a 'sun/nio/fs/WindowsException'{0x00000000a54d2b60}> (0x00000000a54d2b60) 
thrown [s\open\src\hotspot\share\prims\jni.cpp, line 520]
Event: 4.601 Thread 0x0000017582e29760 Exception <a 'sun/nio/fs/WindowsException'{0x00000000a54d3848}> (0x00000000a54d3848) 
thrown [s\open\src\hotspot\share\prims\jni.cpp, line 520]
Event: 4.605 Thread 0x0000017582e29760 Exception <a 'java/lang/NoSuchMethodError'{0x00000000a54ec568}: 'java.lang.Object java.lang.invoke.DirectMethodHandle$Holder.invokeVirtual(java.lang.Object, java.lang.Object, java.lang.Object, int, int)'> (0x00000000a54ec568) 
thrown [s\open\src\hotspot\share\interpreter\linkResolver.cpp, line 796]
Event: 4.611 Thread 0x0000017582e29760 Exception <a 'sun/nio/fs/WindowsException'{0x00000000a5313d90}> (0x00000000a5313d90) 
thrown [s\open\src\hotspot\share\prims\jni.cpp, line 520]
Event: 4.611 Thread 0x0000017582e29760 Exception <a 'sun/nio/fs/WindowsException'{0x00000000a5314928}> (0x00000000a5314928) 
thrown [s\open\src\hotspot\share\prims\jni.cpp, line 520]
Event: 4.611 Thread 0x0000017582e29760 Exception <a 'sun/nio/fs/WindowsException'{0x00000000a53156a8}> (0x00000000a53156a8) 
thrown [s\open\src\hotspot\share\prims\jni.cpp, line 520]
Event: 4.611 Thread 0x0000017582e29760 Exception <a 'sun/nio/fs/WindowsException'{0x00000000a5316330}> (0x00000000a5316330) 
thrown [s\open\src\hotspot\share\prims\jni.cpp, line 520]
Event: 4.625 Thread 0x0000017582e29760 Exception <a 'sun/nio/fs/WindowsException'{0x00000000a5241160}> (0x00000000a5241160) 
thrown [s\open\src\hotspot\share\prims\jni.cpp, line 520]
Event: 4.625 Thread 0x0000017582e29760 Exception <a 'sun/nio/fs/WindowsException'{0x00000000a5241cf8}> (0x00000000a5241cf8) 
thrown [s\open\src\hotspot\share\prims\jni.cpp, line 520]
Event: 4.625 Thread 0x0000017582e29760 Exception <a 'sun/nio/fs/WindowsException'{0x00000000a5242a78}> (0x00000000a5242a78) 
thrown [s\open\src\hotspot\share\prims\jni.cpp, line 520]
Event: 4.625 Thread 0x0000017582e29760 Exception <a 'sun/nio/fs/WindowsException'{0x00000000a5243700}> (0x00000000a5243700) 
thrown [s\open\src\hotspot\share\prims\jni.cpp, line 520]
Event: 4.830 Thread 0x0000017582e29760 Exception <a 'sun/nio/fs/WindowsException'{0x00000000a4a5f9a0}> (0x00000000a4a5f9a0) 
thrown [s\open\src\hotspot\share\prims\jni.cpp, line 520]
Event: 4.862 Thread 0x0000017582e29760 Exception <a 'sun/nio/fs/WindowsException'{0x00000000a495f4a0}> (0x00000000a495f4a0) 
thrown [s\open\src\hotspot\share\prims\jni.cpp, line 520]

VM Operations (20 events):
Event: 3.922 Executing VM operation: HandshakeAllThreads (Deoptimize)
Event: 3.922 Executing VM operation: HandshakeAllThreads (Deoptimize) done
Event: 3.957 Executing VM operation: HandshakeAllThreads (Deoptimize)
Event: 3.957 Executing VM operation: HandshakeAllThreads (Deoptimize) done
Event: 4.002 Executing VM operation: HandshakeAllThreads (Deoptimize)
Event: 4.002 Executing VM operation: HandshakeAllThreads (Deoptimize) done
Event: 4.010 Executing VM operation: HandshakeAllThreads (Deoptimize)
Event: 4.010 Executing VM operation: HandshakeAllThreads (Deoptimize) done
Event: 4.011 Executing VM operation: HandshakeAllThreads (Deoptimize)
Event: 4.011 Executing VM operation: HandshakeAllThreads (Deoptimize) done
Event: 4.118 Executing VM operation: G1CollectForAllocation (G1 Evacuation Pause)
Event: 4.136 Executing VM operation: G1CollectForAllocation (G1 Evacuation Pause) done
Event: 4.185 Executing VM operation: CollectForMetadataAllocation (Metadata GC Threshold)
Event: 4.194 Executing VM operation: CollectForMetadataAllocation (Metadata GC Threshold) done
Event: 4.207 Executing VM operation: G1PauseRemark
Event: 4.212 Executing VM operation: G1PauseRemark done
Event: 4.217 Executing VM operation: G1PauseCleanup
Event: 4.217 Executing VM operation: G1PauseCleanup done
Event: 4.561 Executing VM operation: HandshakeAllThreads (Deoptimize)
Event: 4.561 Executing VM operation: HandshakeAllThreads (Deoptimize) done

Memory protections (0 events):
No events

Nmethod flushes (0 events):
No events

Events (20 events):
Event: 0.062 Thread 0x0000017582e29760 Thread added: 0x000001759f023660
Event: 0.062 Thread 0x0000017582e29760 Thread added: 0x000001759f025890
Event: 0.063 Thread 0x0000017582e29760 Thread added: 0x000001759f028190
Event: 0.063 Thread 0x0000017582e29760 Thread added: 0x000001759f02b600
Event: 0.063 Thread 0x0000017582e29760 Thread added: 0x000001759f02c2e0
Event: 0.063 Thread 0x0000017582e29760 Thread added: 0x000001759f02cd40
Event: 0.063 Thread 0x0000017582e29760 Thread added: 0x000001759f02e3a0
Event: 0.063 Thread 0x0000017582e29760 Thread added: 0x000001759f031600
Event: 0.095 Thread 0x0000017582e29760 Thread added: 0x000001759f184580
Event: 0.101 Thread 0x0000017582e29760 Thread added: 0x000001759f18c0d0
Event: 0.286 Thread 0x0000017582e29760 Thread added: 0x000001759f4772f0
Event: 0.311 Thread 0x000001759f4772f0 Thread exited: 0x000001759f4772f0
Event: 0.423 Thread 0x000001759f02e3a0 Thread added: 0x000001759f734600
Event: 0.705 Thread 0x000001759f734600 Thread exited: 0x000001759f734600
Event: 1.046 Thread 0x000001759f02e3a0 Thread added: 0x00000175e51405e0
Event: 1.080 Thread 0x000001759f031600 Thread added: 0x00000175e51da0c0
Event: 4.273 Thread 0x00000175e51da0c0 Thread exited: 0x00000175e51da0c0
Event: 4.273 Thread 0x00000175e51405e0 Thread exited: 0x00000175e51405e0
Event: 4.480 Thread 0x000001759f031600 Thread added: 0x00000175e5d17280
Event: 4.482 Thread 0x000001759f031600 Thread added: 0x00000175e6de2200


Dynamic libraries:
0x00007ff7d3c00000 - 0x00007ff7d3c10000 	C:\Program Files\Java\jdk-23\bin\java.exe
0x00007ff9e4750000 - 0x00007ff9e4967000 	C:\WINDOWS\SYSTEM32\ntdll.dll
0x00007ff9e39f0000 - 0x00007ff9e3ab4000 	C:\WINDOWS\System32\KERNEL32.DLL
0x00007ff9e1b30000 - 0x00007ff9e1eea000 	C:\WINDOWS\System32\KERNELBASE.dll
0x00007ff9e1f90000 - 0x00007ff9e20a1000 	C:\WINDOWS\System32\ucrtbase.dll
0x00007ff9aff60000 - 0x00007ff9aff77000 	C:\Program Files\Java\jdk-23\bin\jli.dll
0x00007ff9de350000 - 0x00007ff9de36b000 	C:\Program Files\Java\jdk-23\bin\VCRUNTIME140.dll
0x00007ff9e2f70000 - 0x00007ff9e311e000 	C:\WINDOWS\System32\USER32.dll
0x00007ff9e2130000 - 0x00007ff9e2156000 	C:\WINDOWS\System32\win32u.dll
0x00007ff9d8ab0000 - 0x00007ff9d8d42000 	C:\WINDOWS\WinSxS\amd64_microsoft.windows.common-controls_6595b64144ccf1df_6.0.22621.4541_none_2710d1c57384c085\COMCTL32.dll
0x00007ff9e2f40000 - 0x00007ff9e2f69000 	C:\WINDOWS\System32\GDI32.dll
0x00007ff9e4130000 - 0x00007ff9e41d7000 	C:\WINDOWS\System32\msvcrt.dll
0x00007ff9e1a10000 - 0x00007ff9e1b2b000 	C:\WINDOWS\System32\gdi32full.dll
0x00007ff9e1ef0000 - 0x00007ff9e1f8a000 	C:\WINDOWS\System32\msvcp_win.dll
0x00007ff9e3120000 - 0x00007ff9e3151000 	C:\WINDOWS\System32\IMM32.DLL
0x00007ff9de3b0000 - 0x00007ff9de3bc000 	C:\Program Files\Java\jdk-23\bin\vcruntime140_1.dll
0x00007ff9bf8c0000 - 0x00007ff9bf94e000 	C:\Program Files\Java\jdk-23\bin\msvcp140.dll
0x00007ff9a0660000 - 0x00007ff9a13b0000 	C:\Program Files\Java\jdk-23\bin\server\jvm.dll
0x00007ff9e3ac0000 - 0x00007ff9e3b72000 	C:\WINDOWS\System32\ADVAPI32.dll
0x00007ff9e4000000 - 0x00007ff9e40a7000 	C:\WINDOWS\System32\sechost.dll
0x00007ff9e19e0000 - 0x00007ff9e1a08000 	C:\WINDOWS\System32\bcrypt.dll
0x00007ff9e25c0000 - 0x00007ff9e26d4000 	C:\WINDOWS\System32\RPCRT4.dll
0x00007ff9e2dc0000 - 0x00007ff9e2e31000 	C:\WINDOWS\System32\WS2_32.dll
0x00007ff9e18b0000 - 0x00007ff9e18fd000 	C:\WINDOWS\SYSTEM32\POWRPROF.dll
0x00007ff9dd750000 - 0x00007ff9dd784000 	C:\WINDOWS\SYSTEM32\WINMM.dll
0x00007ff9d9160000 - 0x00007ff9d916a000 	C:\WINDOWS\SYSTEM32\VERSION.dll
0x00007ff9e1890000 - 0x00007ff9e18a3000 	C:\WINDOWS\SYSTEM32\UMPDC.dll
0x00007ff9e0a20000 - 0x00007ff9e0a38000 	C:\WINDOWS\SYSTEM32\kernel.appcore.dll
0x00007ff9ddc30000 - 0x00007ff9ddc3a000 	C:\Program Files\Java\jdk-23\bin\jimage.dll
0x00007ff9df410000 - 0x00007ff9df642000 	C:\WINDOWS\SYSTEM32\DBGHELP.DLL
0x00007ff9e26e0000 - 0x00007ff9e2a71000 	C:\WINDOWS\System32\combase.dll
0x00007ff9e4200000 - 0x00007ff9e42d7000 	C:\WINDOWS\System32\OLEAUT32.dll
0x00007ff9d9d80000 - 0x00007ff9d9db2000 	C:\WINDOWS\SYSTEM32\dbgcore.DLL
0x00007ff9e20b0000 - 0x00007ff9e212b000 	C:\WINDOWS\System32\bcryptPrimitives.dll
0x00007ff9de270000 - 0x00007ff9de28e000 	C:\Program Files\Java\jdk-23\bin\java.dll
0x00007ff9e2410000 - 0x00007ff9e25b5000 	C:\WINDOWS\System32\ole32.dll
0x00007ff9e3170000 - 0x00007ff9e39e9000 	C:\WINDOWS\System32\SHELL32.dll
0x00007ff9df920000 - 0x00007ff9e0229000 	C:\WINDOWS\SYSTEM32\windows.storage.dll
0x00007ff9df7e0000 - 0x00007ff9df91f000 	C:\WINDOWS\SYSTEM32\wintypes.dll
0x00007ff9e2e40000 - 0x00007ff9e2f3a000 	C:\WINDOWS\System32\SHCORE.dll
0x00007ff9e4510000 - 0x00007ff9e456e000 	C:\WINDOWS\System32\shlwapi.dll
0x00007ff9e1910000 - 0x00007ff9e193b000 	C:\WINDOWS\SYSTEM32\profapi.dll
0x00007ff9db0b0000 - 0x00007ff9db187000 	C:\Program Files\Java\jdk-23\bin\jsvml.dll
0x00007ff9ddc20000 - 0x00007ff9ddc30000 	C:\Program Files\Java\jdk-23\bin\net.dll
0x00007ff9e0ea0000 - 0x00007ff9e0f09000 	C:\WINDOWS\system32\mswsock.dll
0x00007ff9dcc40000 - 0x00007ff9dcc56000 	C:\Program Files\Java\jdk-23\bin\nio.dll
0x00007ff9dcc20000 - 0x00007ff9dcc37000 	C:\Program Files\Java\jdk-23\bin\zip.dll
0x00007ff9a9e60000 - 0x00007ff9a9e84000 	C:\Program Files\NetBeans-24\netbeans\java\maven\lib\jansi-native\Windows\x86_64\jansi.dll
0x00007ff9dcc10000 - 0x00007ff9dcc20000 	C:\Program Files\Java\jdk-23\bin\verify.dll

dbghelp: loaded successfully - version: 4.0.5 - missing functions: none
symbol engine: initialized successfully - sym options: 0x614 - pdb path: .;C:\Program Files\Java\jdk-23\bin;C:\WINDOWS\SYSTEM32;C:\WINDOWS\WinSxS\amd64_microsoft.windows.common-controls_6595b64144ccf1df_6.0.22621.4541_none_2710d1c57384c085;C:\Program Files\Java\jdk-23\bin\server;C:\Program Files\NetBeans-24\netbeans\java\maven\lib\jansi-native\Windows\x86_64

VM Arguments:
jvm_args: -Dclassworlds.conf=C:\Program Files\NetBeans-24\netbeans\java\maven\bin\m2.conf -Dmaven.home=C:\Program Files\NetBeans-24\netbeans\java\maven -Dlibrary.jansi.path=C:\Program Files\NetBeans-24\netbeans\java\maven\lib\jansi-native -Dmaven.multiModuleProjectDirectory=C:\Users\Familia Pedraza\Documents\NetBeansProjects\Scanner 
java_command: org.codehaus.plexus.classworlds.launcher.Launcher -Dexec.vmArgs= -Dexec.args=${exec.vmArgs} -classpath %classpath ${exec.mainClass} ${exec.appArgs} -Dexec.appArgs= -Dexec.mainClass=com.mycompany.scanner.Scanner -Dexec.executable=C:\Program Files\Java\jdk-23\bin\java.exe -Dmaven.ext.class.path=C:\Program Files\NetBeans-24\netbeans\java\maven-nblib\netbeans-eventspy.jar --no-transfer-progress process-classes org.codehaus.mojo:exec-maven-plugin:3.1.0:exec
java_class_path (initial): C:\Program Files\NetBeans-24\netbeans\java\maven\boot\plexus-classworlds-2.8.0.jar
Launcher Type: SUN_STANDARD

[Global flags]
     intx CICompilerCount                          = 4                                         {product} {ergonomic}
     uint ConcGCThreads                            = 2                                         {product} {ergonomic}
     uint G1ConcRefinementThreads                  = 8                                         {product} {ergonomic}
   size_t G1HeapRegionSize                         = 1048576                                   {product} {ergonomic}
   size_t InitialHeapSize                          = 100663296                                 {product} {ergonomic}
   size_t MarkStackSize                            = 4194304                                   {product} {ergonomic}
   size_t MarkStackSizeMax                         = 536870912                                 {product} {ergonomic}
   size_t MaxHeapSize                              = 1579155456                                {product} {ergonomic}
   size_t MaxNewSize                               = 946864128                                 {product} {ergonomic}
   size_t MinHeapDeltaBytes                        = 1048576                                   {product} {ergonomic}
   size_t MinHeapSize                              = 8388608                                   {product} {ergonomic}
    uintx NonNMethodCodeHeapSize                   = 5832704                                {pd product} {ergonomic}
    uintx NonProfiledCodeHeapSize                  = 122945536                              {pd product} {ergonomic}
    uintx ProfiledCodeHeapSize                     = 122880000                              {pd product} {ergonomic}
    uintx ReservedCodeCacheSize                    = 251658240                              {pd product} {ergonomic}
     bool SegmentedCodeCache                       = true                                      {product} {ergonomic}
   size_t SoftMaxHeapSize                          = 1579155456                             {manageable} {ergonomic}
     bool UseCompressedOops                        = true                           {product lp64_product} {ergonomic}
     bool UseG1GC                                  = true                                      {product} {ergonomic}
     bool UseLargePagesIndividualAllocation        = false                                  {pd product} {ergonomic}

Logging:
Log output configuration:
 #0: stdout all=warning uptime,level,tags foldmultilines=false
 #1: stderr all=off uptime,level,tags foldmultilines=false

Environment Variables:
JAVA_HOME=C:\Program Files\Java\jdk-23
PATH=C:\Program Files\Common Files\Oracle\Java\javapath;C:\WINDOWS\system32;C:\WINDOWS;C:\WINDOWS\System32\Wbem;C:\WINDOWS\System32\WindowsPowerShell\v1.0\;C:\WINDOWS\System32\OpenSSH\;C:\Program Files (x86)\dotnet\;C:\Users\Familia Pedraza\AppData\Local\Microsoft\WindowsApps;
USERNAME=Familia Pedraza
TMPDIR=C:\Users\Public\Documents\Wondershare\CreatorTemp
OS=Windows_NT
PROCESSOR_IDENTIFIER=AMD64 Family 23 Model 24 Stepping 1, AuthenticAMD
TMP=C:\Users\FAMILI~1\AppData\Local\Temp
TEMP=C:\Users\FAMILI~1\AppData\Local\Temp




Periodic native trim disabled

---------------  S Y S T E M  ---------------

OS:
 Windows 11 , 64 bit Build 22621 (10.0.22621.4391)
OS uptime: 0 days 0:40 hours

CPU: total 8 (initial active 8) (8 cores per cpu, 2 threads per core) family 23 model 24 stepping 1 microcode 0x0, cx8, cmov, fxsr, ht, mmx, 3dnowpref, sse, sse2, sse3, ssse3, sse4a, sse4.1, sse4.2, popcnt, lzcnt, tsc, tscinvbit, avx, avx2, aes, clmul, bmi1, bmi2, adx, sha, fma, vzeroupper, clflush, clflushopt, rdtscp, f16c
Processor Information for the first 8 processors :
  Max Mhz: 2300, Current Mhz: 2300, Mhz Limit: 2300

Memory: 4k page, system-wide physical 6020M (904M free)
TotalPageFile size 15236M (AvailPageFile size 7520M)
current process WorkingSet (physical memory assigned to process): 180M, peak: 186M
current process commit charge ("private bytes"): 231M, peak: 244M

vm_info: Java HotSpot(TM) 64-Bit Server VM (23.0.2+7-58) for windows-amd64 JRE (23.0.2+7-58), built on 2024-11-29T09:34:55Z with MS VC++ 17.6 (VS2022)

END.
