#
# A fatal error has been detected by the Java Runtime Environment:
#
#  EXCEPTION_ACCESS_VIOLATION (0xc0000005) at pc=0x00007ffced96790d, pid=12092, tid=11856
#
# JRE version: Java(TM) SE Runtime Environment (23.0.2+7) (build 23.0.2+7-58)
# Java VM: Java HotSpot(TM) 64-Bit Server VM (23.0.2+7-58, mixed mode, sharing, tiered, compressed oops, compressed class ptrs, g1 gc, windows-amd64)
# Problematic frame:
# V  [jvm.dll+0x5e790d]
#
# No core dump will be written. Minidumps are not enabled by default on client versions of Windows
#
# If you would like to submit a bug report, please visit:
#   https://bugreport.java.com/bugreport/crash.jsp
#

---------------  S U M M A R Y ------------

Command Line: -Dclassworlds.conf=C:\Program Files\NetBeans-24\netbeans\java\maven\bin\m2.conf -Dmaven.home=C:\Program Files\NetBeans-24\netbeans\java\maven -Dlibrary.jansi.path=C:\Program Files\NetBeans-24\netbeans\java\maven\lib\jansi-native -Dmaven.multiModuleProjectDirectory=C:\Users\Familia Pedraza\Documents\NetBeansProjects\Scanner org.codehaus.plexus.classworlds.launcher.Launcher -Dexec.vmArgs= -Dexec.args=${exec.vmArgs} -classpath %classpath ${exec.mainClass} ${exec.appArgs} -Dexec.appArgs= -Dexec.mainClass=com.mycompany.scanner.Scanner -Dexec.executable=C:\Program Files\Java\jdk-23\bin\java.exe -Dmaven.ext.class.path=C:\Program Files\NetBeans-24\netbeans\java\maven-nblib\netbeans-eventspy.jar --no-transfer-progress process-classes org.codehaus.mojo:exec-maven-plugin:3.1.0:exec

Host: AMD Ryzen 7 3700U with Radeon Vega Mobile Gfx  , 8 cores, 5G,  Windows 11 , 64 bit Build 22621 (10.0.22621.4391)
Time: Thu Feb 13 11:33:14 2025 Hora est. Pacífico, Sudamérica elapsed time: 5.352068 seconds (0d 0h 0m 5s)

---------------  T H R E A D  ---------------

Current thread (0x000001f4ff8fc510):  JavaThread "C2 CompilerThread0" daemon [_thread_in_native, id=11856, stack(0x000000a5fd700000,0x000000a5fd800000) (1024K)]


Current CompileTask:
C2:5352 3523   !   4       org.apache.maven.model.interpolation.StringVisitorModelInterpolator$1::interpolate (97 bytes)

Stack: [0x000000a5fd700000,0x000000a5fd800000],  sp=0x000000a5fd7fc630,  free space=1009k
Native frames: (J=compiled Java code, j=interpreted, Vv=VM code, C=native code)
V  [jvm.dll+0x5e790d]  (no source info available)
V  [jvm.dll+0x5e81e5]  (no source info available)
V  [jvm.dll+0x38a58a]  (no source info available)
V  [jvm.dll+0x3899ca]  (no source info available)
V  [jvm.dll+0x244ba1]  (no source info available)
V  [jvm.dll+0x243eff]  (no source info available)
V  [jvm.dll+0x1c34b0]  (no source info available)
V  [jvm.dll+0x253df1]  (no source info available)
V  [jvm.dll+0x2520aa]  (no source info available)
V  [jvm.dll+0x3ee226]  (no source info available)
V  [jvm.dll+0x8254cb]  (no source info available)
V  [jvm.dll+0x6df345]  (no source info available)
C  [ucrtbase.dll+0x29333]  (no source info available)
C  [KERNEL32.DLL+0x1259d]  (no source info available)
C  [ntdll.dll+0x5af38]  (no source info available)


siginfo: EXCEPTION_ACCESS_VIOLATION (0xc0000005), reading address 0xffffffffffffffff


Registers:
RAX=0x000000a5fd7fc770, RBX=0x000001f4999c6268, RCX=0x000000a5fd7fca70, RDX=0x000000a5fd7fc720
RSP=0x000000a5fd7fc630, RBP=0x000000a5fd7fc779, RSI=0x010001f4dfb32f20, RDI=0x000000a5fd7fca70
R8 =0x010001f4dfb32f20, R9 =0x000001f4999c6268, R10=0x000001f4dfb35058, R11=0x00007ffcedfcc698
R12=0x000001f4dfb35058, R13=0x0000000000000001, R14=0x0000000000000008, R15=0x0000000000000001
RIP=0x00007ffced96790d, EFLAGS=0x0000000000010206


Register to memory mapping:

RAX=0x000000a5fd7fc770 is pointing into the stack for thread: 0x000001f4ff8fc510
RBX=0x000001f4999c6268 points into unknown readable memory: 0x0000000400000003 | 03 00 00 00 04 00 00 00
RCX=0x000000a5fd7fca70 is pointing into the stack for thread: 0x000001f4ff8fc510
RDX=0x000000a5fd7fc720 is pointing into the stack for thread: 0x000001f4ff8fc510
RSP=0x000000a5fd7fc630 is pointing into the stack for thread: 0x000001f4ff8fc510
RBP=0x000000a5fd7fc779 is pointing into the stack for thread: 0x000001f4ff8fc510
RSI=0x010001f4dfb32f20 is an unknown value
RDI=0x000000a5fd7fca70 is pointing into the stack for thread: 0x000001f4ff8fc510
R8 =0x010001f4dfb32f20 is an unknown value
R9 =0x000001f4999c6268 points into unknown readable memory: 0x0000000400000003 | 03 00 00 00 04 00 00 00
R10=0x000001f4dfb35058 points into unknown readable memory: 0x00007ffcedd411c0 | c0 11 d4 ed fc 7f 00 00
R11=0x00007ffcedfcc698 jvm.dll
R12=0x000001f4dfb35058 points into unknown readable memory: 0x00007ffcedd411c0 | c0 11 d4 ed fc 7f 00 00
R13=0x0000000000000001 is an unknown value
R14=0x0000000000000008 is an unknown value
R15=0x0000000000000001 is an unknown value

Top of Stack: (sp=0x000000a5fd7fc630)
0x000000a5fd7fc630:   000000000000035e 0000000040000000
0x000000a5fd7fc640:   000001f4999c6268 00007ffced73961d
0x000000a5fd7fc650:   0000000000000000 0000000000000000
0x000000a5fd7fc660:   000000020000035e 0000000400000004
0x000000a5fd7fc670:   000001f4e07fa000 000001f4999c5698
0x000000a5fd7fc680:   000001f4999c5688 000000a5fd7fc779
0x000000a5fd7fc690:   0000000000000018 0000000000000006
0x000000a5fd7fc6a0:   000001f4dfb31fb0 000000a5fd7fca70
0x000000a5fd7fc6b0:   0000000000000008 0000000000000001
0x000000a5fd7fc6c0:   010001f4dfb32f20 000000a5fd7fc779
0x000000a5fd7fc6d0:   000001f4999c6268 00007ffced9681e5
0x000000a5fd7fc6e0:   000000a5fd7fca70 000000a5fd7fc720
0x000000a5fd7fc6f0:   010001f4dfb32f20 000000a5fd7fc779
0x000000a5fd7fc700:   000000a5fd7fc770 00007ffcedaafe7e
0x000000a5fd7fc710:   0000000000000008 000001f4ff8fd3a0
0x000000a5fd7fc720:   00007ffc00000008 000001f4ff8f23c0
0x000000a5fd7fc730:   000001f4999c5460 00007ffc00000000
0x000000a5fd7fc740:   000001f4df57f330 000001f4ff8f23c0
0x000000a5fd7fc750:   000001f49983ad60 0000000000078108
0x000000a5fd7fc760:   000001f49983cd70 000001f499842d48
0x000000a5fd7fc770:   000001f400000002 000001f4999c54a0
0x000000a5fd7fc780:   0000000000000002 000001f4ff8f23c0
0x000000a5fd7fc790:   0000000000042bb0 000001f49978eb80
0x000000a5fd7fc7a0:   0000000000000000 000001f49978ef68
0x000000a5fd7fc7b0:   000001f49978eb90 000000a5fd7fccb0
0x000000a5fd7fc7c0:   00000000000003d8 0000000000000612
0x000000a5fd7fc7d0:   000000a5fd7fc8e0 00007ffced70a58a
0x000000a5fd7fc7e0:   000000a5000000dc 0000000000000001
0x000000a5fd7fc7f0:   000001f4999c6268 000001f4ff8fd350
0x000000a5fd7fc800:   000000007fffff01 0000000000000000
0x000000a5fd7fc810:   0000000000000000 0000000000000000
0x000000a5fd7fc820:   0000000000000000 0000000100000007 

Instructions: (pc=0x00007ffced96790d)
0x00007ffced96780d:   00 48 8d 15 db a5 45 00 49 8b cd e8 03 e0 d1 ff
0x00007ffced96781d:   48 8d 4c 24 50 e8 d9 9f 0f 00 48 83 3e 00 74 15
0x00007ffced96782d:   48 8b 54 24 40 48 8b cf e8 b6 4c ad ff 48 8b ce
0x00007ffced96783d:   e8 8e 4c ad ff 4c 39 7f 18 74 0c 48 89 77 10 4c
0x00007ffced96784d:   89 7f 18 4c 89 67 20 48 8b 8c 24 d0 00 00 00 48
0x00007ffced96785d:   33 cc e8 bc 5d 33 00 48 81 c4 e8 00 00 00 41 5f
0x00007ffced96786d:   41 5e 41 5d 41 5c 5f 5e 5d 5b c3 cc cc cc cc cc
0x00007ffced96787d:   cc cc cc 48 8b 12 e9 c8 f3 dd ff cc cc cc cc cc
0x00007ffced96788d:   cc cc cc 48 89 5c 24 08 48 89 6c 24 10 48 89 74
0x00007ffced96789d:   24 18 57 48 83 ec 20 48 8b da 49 8b f1 ba 0a 00
0x00007ffced9678ad:   00 00 49 8b f8 48 8b e9 e8 96 c4 11 00 33 c0 48
0x00007ffced9678bd:   89 5d 38 48 8b 5c 24 30 48 89 45 10 48 89 45 18
0x00007ffced9678cd:   0f b6 44 24 50 88 45 58 48 8b c5 48 89 75 50 48
0x00007ffced9678dd:   8b 74 24 40 48 89 7d 40 48 8b 6c 24 38 48 83 c4
0x00007ffced9678ed:   20 5f c3 4c 89 44 24 18 48 89 54 24 10 48 89 4c
0x00007ffced9678fd:   24 08 53 55 56 41 55 41 56 48 81 ec 80 00 00 00
0x00007ffced96790d:   41 8b 40 4c 49 8b d8 ff c8 48 89 7c 24 78 44 8b
0x00007ffced96791d:   d8 49 8b f9 4c 89 7c 24 68 4c 8b f2 4c 8b 79 10
0x00007ffced96792d:   4c 8b e9 4c 8d 14 80 48 8b 41 20 49 c1 e2 05 49
0x00007ffced96793d:   03 c2 4d 03 fa 48 89 84 24 c8 00 00 00 48 8b 41
0x00007ffced96794d:   28 4a 8b 2c d8 48 89 6c 24 20 48 85 ed 74 05 48
0x00007ffced96795d:   8b f5 eb 08 e8 7a 0e 00 00 48 8b f0 83 3f 00 0f
0x00007ffced96796d:   84 8e 01 00 00 48 8b 47 08 4c 8d 0d 1b 4d 66 00
0x00007ffced96797d:   8b 4f 04 33 d2 4c 8b ac 24 c8 00 00 00 8b da 48
0x00007ffced96798d:   89 54 24 28 89 54 24 30 48 89 54 24 40 48 89 44
0x00007ffced96799d:   24 48 48 c7 44 24 34 04 00 00 00 89 4c 24 3c 48
0x00007ffced9679ad:   89 7c 24 50 4c 89 64 24 70 48 85 d2 74 19 48 0f
0x00007ffced9679bd:   bc c2 8b c8 48 d3 ea 48 ff ca 03 d8 48 89 54 24
0x00007ffced9679cd:   28 89 5c 24 30 eb 28 83 7c 24 34 04 72 0e 8b 44
0x00007ffced9679dd:   24 3c 39 44 24 38 0f 83 f5 00 00 00 48 8d 4c 24
0x00007ffced9679ed:   28 e8 bd 12 dd ff 8b d8 4c 8d 0d 9c 4c 66 00 85
0x00007ffced9679fd:   db 0f 84 da 00 00 00 8b c3 48 c1 e8 08 8b fb 4c 


Stack slot to memory mapping:

stack at sp + 0 slots: 0x000000000000035e is an unknown value
stack at sp + 1 slots: 0x0000000040000000 is an unknown value
stack at sp + 2 slots: 0x000001f4999c6268 points into unknown readable memory: 0x0000000400000003 | 03 00 00 00 04 00 00 00
stack at sp + 3 slots: 0x00007ffced73961d jvm.dll
stack at sp + 4 slots: 0x0 is null
stack at sp + 5 slots: 0x0 is null
stack at sp + 6 slots: 0x000000020000035e is an unknown value
stack at sp + 7 slots: 0x0000000400000004 is an unknown value

Lock stack of current Java thread (top to bottom):


---------------  P R O C E S S  ---------------

Threads class SMR info:
_java_thread_list=0x000001f4e0841b30, length=13, elements={
0x000001f4fcd69770, 0x000001f4ff8f1710, 0x000001f4ff8f37f0, 0x000001f4ff8f62a0,
0x000001f4ff8f9ae0, 0x000001f4ff8fa9c0, 0x000001f4ff8fb420, 0x000001f4ff8fc510,
0x000001f4ff8fd4d0, 0x000001f4997566c0, 0x000001f49975d170, 0x000001f4df87d5d0,
0x000001f4e09013d0
}

Java Threads: ( => current thread )
  0x000001f4fcd69770 JavaThread "main"                              [_thread_in_Java, id=13592, stack(0x000000a5fc900000,0x000000a5fca00000) (1024K)]
  0x000001f4ff8f1710 JavaThread "Reference Handler"          daemon [_thread_blocked, id=2360, stack(0x000000a5fd100000,0x000000a5fd200000) (1024K)]
  0x000001f4ff8f37f0 JavaThread "Finalizer"                  daemon [_thread_blocked, id=7248, stack(0x000000a5fd200000,0x000000a5fd300000) (1024K)]
  0x000001f4ff8f62a0 JavaThread "Signal Dispatcher"          daemon [_thread_blocked, id=3308, stack(0x000000a5fd300000,0x000000a5fd400000) (1024K)]
  0x000001f4ff8f9ae0 JavaThread "Attach Listener"            daemon [_thread_blocked, id=3196, stack(0x000000a5fd400000,0x000000a5fd500000) (1024K)]
  0x000001f4ff8fa9c0 JavaThread "Service Thread"             daemon [_thread_blocked, id=2168, stack(0x000000a5fd500000,0x000000a5fd600000) (1024K)]
  0x000001f4ff8fb420 JavaThread "Monitor Deflation Thread"   daemon [_thread_blocked, id=2208, stack(0x000000a5fd600000,0x000000a5fd700000) (1024K)]
=>0x000001f4ff8fc510 JavaThread "C2 CompilerThread0"         daemon [_thread_in_native, id=11856, stack(0x000000a5fd700000,0x000000a5fd800000) (1024K)]
  0x000001f4ff8fd4d0 JavaThread "C1 CompilerThread0"         daemon [_thread_in_native, id=9740, stack(0x000000a5fd800000,0x000000a5fd900000) (1024K)]
  0x000001f4997566c0 JavaThread "Notification Thread"        daemon [_thread_blocked, id=5008, stack(0x000000a5fd900000,0x000000a5fda00000) (1024K)]
  0x000001f49975d170 JavaThread "Common-Cleaner"             daemon [_thread_blocked, id=9832, stack(0x000000a5fda00000,0x000000a5fdb00000) (1024K)]
  0x000001f4df87d5d0 JavaThread "C2 CompilerThread1"         daemon [_thread_in_native, id=11412, stack(0x000000a5fdb00000,0x000000a5fdc00000) (1024K)]
  0x000001f4e09013d0 JavaThread "C2 CompilerThread2"         daemon [_thread_in_native, id=10940, stack(0x000000a5fdc00000,0x000000a5fdd00000) (1024K)]
Total: 13

Other Threads:
  0x000001f4ff8d7af0 VMThread "VM Thread"                           [id=3220, stack(0x000000a5fd000000,0x000000a5fd100000) (1024K)]
  0x000001f4ff8c5ca0 WatcherThread "VM Periodic Task Thread"        [id=9892, stack(0x000000a5fcf00000,0x000000a5fd000000) (1024K)]
  0x000001f4fcdb57b0 WorkerThread "GC Thread#0"                     [id=10224, stack(0x000000a5fca00000,0x000000a5fcb00000) (1024K)]
  0x000001f4df848190 WorkerThread "GC Thread#1"                     [id=15224, stack(0x000000a5fdd00000,0x000000a5fde00000) (1024K)]
  0x000001f4dfa58400 WorkerThread "GC Thread#2"                     [id=6376, stack(0x000000a5fde00000,0x000000a5fdf00000) (1024K)]
  0x000001f4dfc2c5e0 WorkerThread "GC Thread#3"                     [id=11664, stack(0x000000a5fdf00000,0x000000a5fe000000) (1024K)]
  0x000001f4dfc5ca30 WorkerThread "GC Thread#4"                     [id=2488, stack(0x000000a5fe000000,0x000000a5fe100000) (1024K)]
  0x000001f4dfc459d0 WorkerThread "GC Thread#5"                     [id=5444, stack(0x000000a5fe100000,0x000000a5fe200000) (1024K)]
  0x000001f4dfc45d80 WorkerThread "GC Thread#6"                     [id=9036, stack(0x000000a5fe200000,0x000000a5fe300000) (1024K)]
  0x000001f4dfc46130 WorkerThread "GC Thread#7"                     [id=3700, stack(0x000000a5fe300000,0x000000a5fe400000) (1024K)]
  0x000001f4fcdc5350 ConcurrentGCThread "G1 Main Marker"            [id=15240, stack(0x000000a5fcb00000,0x000000a5fcc00000) (1024K)]
  0x000001f4fcdc5e60 WorkerThread "G1 Conc#0"                       [id=14316, stack(0x000000a5fcc00000,0x000000a5fcd00000) (1024K)]
  0x000001f4fce2e6b0 ConcurrentGCThread "G1 Refine#0"               [id=3116, stack(0x000000a5fcd00000,0x000000a5fce00000) (1024K)]
  0x000001f4ff799340 ConcurrentGCThread "G1 Service"                [id=9488, stack(0x000000a5fce00000,0x000000a5fcf00000) (1024K)]
Total: 14

Threads with active compile tasks:
C2 CompilerThread0  5514 3523   !   4       org.apache.maven.model.interpolation.StringVisitorModelInterpolator$1::interpolate (97 bytes)
C1 CompilerThread0  5514 3746       3       org.apache.maven.model.normalization.DefaultModelNormalizer::injectDependencyDefaults (46 bytes)
C2 CompilerThread1  5515 3675       4       org.codehaus.plexus.util.xml.Xpp3Dom::<init> (125 bytes)
C2 CompilerThread2  5515 3731       4       org.codehaus.plexus.util.xml.pull.MXParser::nextImpl (1203 bytes)
Total: 4

VM state: not at safepoint (normal execution)

VM Mutex/Monitor currently owned by a thread:  ([mutex/lock_event])
[0x00007ffcedff3408] MethodCompileQueue_lock - owner thread: 0x0000000000000000

Heap address: 0x00000000a1e00000, size: 1506 MB, Compressed Oops mode: 32-bit

CDS archive(s) mapped at: [0x000001f49a000000-0x000001f49ad70000-0x000001f49ad70000), size 14090240, SharedBaseAddress: 0x000001f49a000000, ArchiveRelocationMode: 1.
Compressed class space mapped at: 0x000001f49b000000-0x000001f4db000000, reserved size: 1073741824
Narrow klass base: 0x000001f49a000000, Narrow klass shift: 0, Narrow klass range: 0x41000000

GC Precious Log:
 CardTable entry size: 512
 Card Set container configuration: InlinePtr #cards 5 size 8 Array Of Cards #cards 10 size 36 Howl #buckets 4 coarsen threshold 1843 Howl Bitmap #cards 512 size 80 coarsen threshold 460 Card regions per heap region 1 cards per card region 2048
 CPUs: 8 total, 8 available
 Memory: 6020M
 Large Page Support: Disabled
 NUMA Support: Disabled
 Compressed Oops: Enabled (32-bit)
 Heap Region Size: 1M
 Heap Min Capacity: 8M
 Heap Initial Capacity: 96M
 Heap Max Capacity: 1506M
 Pre-touch: Disabled
 Parallel Workers: 8
 Concurrent Workers: 2
 Concurrent Refinement Workers: 8
 Periodic GC: Disabled

Heap:
 garbage-first heap   total reserved 1542144K, committed 98304K, used 15831K [0x00000000a1e00000, 0x0000000100000000)
  region size 1024K, 13 young (13312K), 6 survivors (6144K)
 Metaspace       used 15818K, committed 16064K, reserved 1114112K
  class space    used 1940K, committed 2048K, reserved 1048576K

Heap Regions: E=young(eden), S=young(survivor), O=old, HS=humongous(starts), HC=humongous(continues), CS=collection set, F=free, TAMS=top-at-mark-start, PB=parsable bottom
|   0|0x00000000a1e00000, 0x00000000a1f00000, 0x00000000a1f00000|100%| O|  |TAMS 0x00000000a1e00000| PB 0x00000000a1e00000| Untracked |  0
|   1|0x00000000a1f00000, 0x00000000a2000000, 0x00000000a2000000|100%| O|  |TAMS 0x00000000a1f00000| PB 0x00000000a1f00000| Untracked |  0
|   2|0x00000000a2000000, 0x00000000a2100000, 0x00000000a2100000|100%| O|  |TAMS 0x00000000a2000000| PB 0x00000000a2000000| Untracked |  0
|   3|0x00000000a2100000, 0x00000000a21e9920, 0x00000000a2200000| 91%| O|  |TAMS 0x00000000a2100000| PB 0x00000000a2100000| Untracked |  0
|   4|0x00000000a2200000, 0x00000000a2200000, 0x00000000a2300000|  0%| F|  |TAMS 0x00000000a2200000| PB 0x00000000a2200000| Untracked |  0
|   5|0x00000000a2300000, 0x00000000a2300000, 0x00000000a2400000|  0%| F|  |TAMS 0x00000000a2300000| PB 0x00000000a2300000| Untracked |  0
|   6|0x00000000a2400000, 0x00000000a2400000, 0x00000000a2500000|  0%| F|  |TAMS 0x00000000a2400000| PB 0x00000000a2400000| Untracked |  0
|   7|0x00000000a2500000, 0x00000000a2500000, 0x00000000a2600000|  0%| F|  |TAMS 0x00000000a2500000| PB 0x00000000a2500000| Untracked |  0
|   8|0x00000000a2600000, 0x00000000a2600000, 0x00000000a2700000|  0%| F|  |TAMS 0x00000000a2600000| PB 0x00000000a2600000| Untracked |  0
|   9|0x00000000a2700000, 0x00000000a2700000, 0x00000000a2800000|  0%| F|  |TAMS 0x00000000a2700000| PB 0x00000000a2700000| Untracked |  0
|  10|0x00000000a2800000, 0x00000000a2800000, 0x00000000a2900000|  0%| F|  |TAMS 0x00000000a2800000| PB 0x00000000a2800000| Untracked |  0
|  11|0x00000000a2900000, 0x00000000a2900000, 0x00000000a2a00000|  0%| F|  |TAMS 0x00000000a2900000| PB 0x00000000a2900000| Untracked |  0
|  12|0x00000000a2a00000, 0x00000000a2a00000, 0x00000000a2b00000|  0%| F|  |TAMS 0x00000000a2a00000| PB 0x00000000a2a00000| Untracked |  0
|  13|0x00000000a2b00000, 0x00000000a2b00000, 0x00000000a2c00000|  0%| F|  |TAMS 0x00000000a2b00000| PB 0x00000000a2b00000| Untracked |  0
|  14|0x00000000a2c00000, 0x00000000a2c00000, 0x00000000a2d00000|  0%| F|  |TAMS 0x00000000a2c00000| PB 0x00000000a2c00000| Untracked |  0
|  15|0x00000000a2d00000, 0x00000000a2d00000, 0x00000000a2e00000|  0%| F|  |TAMS 0x00000000a2d00000| PB 0x00000000a2d00000| Untracked |  0
|  16|0x00000000a2e00000, 0x00000000a2e00000, 0x00000000a2f00000|  0%| F|  |TAMS 0x00000000a2e00000| PB 0x00000000a2e00000| Untracked |  0
|  17|0x00000000a2f00000, 0x00000000a2f00000, 0x00000000a3000000|  0%| F|  |TAMS 0x00000000a2f00000| PB 0x00000000a2f00000| Untracked |  0
|  18|0x00000000a3000000, 0x00000000a3000000, 0x00000000a3100000|  0%| F|  |TAMS 0x00000000a3000000| PB 0x00000000a3000000| Untracked |  0
|  19|0x00000000a3100000, 0x00000000a3100000, 0x00000000a3200000|  0%| F|  |TAMS 0x00000000a3100000| PB 0x00000000a3100000| Untracked |  0
|  20|0x00000000a3200000, 0x00000000a3200000, 0x00000000a3300000|  0%| F|  |TAMS 0x00000000a3200000| PB 0x00000000a3200000| Untracked |  0
|  21|0x00000000a3300000, 0x00000000a3300000, 0x00000000a3400000|  0%| F|  |TAMS 0x00000000a3300000| PB 0x00000000a3300000| Untracked |  0
|  22|0x00000000a3400000, 0x00000000a3400000, 0x00000000a3500000|  0%| F|  |TAMS 0x00000000a3400000| PB 0x00000000a3400000| Untracked |  0
|  23|0x00000000a3500000, 0x00000000a3500000, 0x00000000a3600000|  0%| F|  |TAMS 0x00000000a3500000| PB 0x00000000a3500000| Untracked |  0
|  24|0x00000000a3600000, 0x00000000a3600000, 0x00000000a3700000|  0%| F|  |TAMS 0x00000000a3600000| PB 0x00000000a3600000| Untracked |  0
|  25|0x00000000a3700000, 0x00000000a3700000, 0x00000000a3800000|  0%| F|  |TAMS 0x00000000a3700000| PB 0x00000000a3700000| Untracked |  0
|  26|0x00000000a3800000, 0x00000000a3800000, 0x00000000a3900000|  0%| F|  |TAMS 0x00000000a3800000| PB 0x00000000a3800000| Untracked |  0
|  27|0x00000000a3900000, 0x00000000a3900000, 0x00000000a3a00000|  0%| F|  |TAMS 0x00000000a3900000| PB 0x00000000a3900000| Untracked |  0
|  28|0x00000000a3a00000, 0x00000000a3a00000, 0x00000000a3b00000|  0%| F|  |TAMS 0x00000000a3a00000| PB 0x00000000a3a00000| Untracked |  0
|  29|0x00000000a3b00000, 0x00000000a3b00000, 0x00000000a3c00000|  0%| F|  |TAMS 0x00000000a3b00000| PB 0x00000000a3b00000| Untracked |  0
|  30|0x00000000a3c00000, 0x00000000a3c00000, 0x00000000a3d00000|  0%| F|  |TAMS 0x00000000a3c00000| PB 0x00000000a3c00000| Untracked |  0
|  31|0x00000000a3d00000, 0x00000000a3d00000, 0x00000000a3e00000|  0%| F|  |TAMS 0x00000000a3d00000| PB 0x00000000a3d00000| Untracked |  0
|  32|0x00000000a3e00000, 0x00000000a3e00000, 0x00000000a3f00000|  0%| F|  |TAMS 0x00000000a3e00000| PB 0x00000000a3e00000| Untracked |  0
|  33|0x00000000a3f00000, 0x00000000a3f00000, 0x00000000a4000000|  0%| F|  |TAMS 0x00000000a3f00000| PB 0x00000000a3f00000| Untracked |  0
|  34|0x00000000a4000000, 0x00000000a4000000, 0x00000000a4100000|  0%| F|  |TAMS 0x00000000a4000000| PB 0x00000000a4000000| Untracked |  0
|  35|0x00000000a4100000, 0x00000000a4100000, 0x00000000a4200000|  0%| F|  |TAMS 0x00000000a4100000| PB 0x00000000a4100000| Untracked |  0
|  36|0x00000000a4200000, 0x00000000a4200000, 0x00000000a4300000|  0%| F|  |TAMS 0x00000000a4200000| PB 0x00000000a4200000| Untracked |  0
|  37|0x00000000a4300000, 0x00000000a4300000, 0x00000000a4400000|  0%| F|  |TAMS 0x00000000a4300000| PB 0x00000000a4300000| Untracked |  0
|  38|0x00000000a4400000, 0x00000000a4400000, 0x00000000a4500000|  0%| F|  |TAMS 0x00000000a4400000| PB 0x00000000a4400000| Untracked |  0
|  39|0x00000000a4500000, 0x00000000a4500000, 0x00000000a4600000|  0%| F|  |TAMS 0x00000000a4500000| PB 0x00000000a4500000| Untracked |  0
|  40|0x00000000a4600000, 0x00000000a468c540, 0x00000000a4700000| 54%| S|CS|TAMS 0x00000000a4600000| PB 0x00000000a4600000| Complete |  0
|  41|0x00000000a4700000, 0x00000000a4800000, 0x00000000a4800000|100%| S|CS|TAMS 0x00000000a4700000| PB 0x00000000a4700000| Complete |  0
|  42|0x00000000a4800000, 0x00000000a4900000, 0x00000000a4900000|100%| S|CS|TAMS 0x00000000a4800000| PB 0x00000000a4800000| Complete |  0
|  43|0x00000000a4900000, 0x00000000a4a00000, 0x00000000a4a00000|100%| S|CS|TAMS 0x00000000a4900000| PB 0x00000000a4900000| Complete |  0
|  44|0x00000000a4a00000, 0x00000000a4b00000, 0x00000000a4b00000|100%| S|CS|TAMS 0x00000000a4a00000| PB 0x00000000a4a00000| Complete |  0
|  45|0x00000000a4b00000, 0x00000000a4c00000, 0x00000000a4c00000|100%| S|CS|TAMS 0x00000000a4b00000| PB 0x00000000a4b00000| Complete |  0
|  46|0x00000000a4c00000, 0x00000000a4c00000, 0x00000000a4d00000|  0%| F|  |TAMS 0x00000000a4c00000| PB 0x00000000a4c00000| Untracked |  0
|  47|0x00000000a4d00000, 0x00000000a4d00000, 0x00000000a4e00000|  0%| F|  |TAMS 0x00000000a4d00000| PB 0x00000000a4d00000| Untracked |  0
|  48|0x00000000a4e00000, 0x00000000a4e00000, 0x00000000a4f00000|  0%| F|  |TAMS 0x00000000a4e00000| PB 0x00000000a4e00000| Untracked |  0
|  49|0x00000000a4f00000, 0x00000000a4f00000, 0x00000000a5000000|  0%| F|  |TAMS 0x00000000a4f00000| PB 0x00000000a4f00000| Untracked |  0
|  50|0x00000000a5000000, 0x00000000a5000000, 0x00000000a5100000|  0%| F|  |TAMS 0x00000000a5000000| PB 0x00000000a5000000| Untracked |  0
|  51|0x00000000a5100000, 0x00000000a5100000, 0x00000000a5200000|  0%| F|  |TAMS 0x00000000a5100000| PB 0x00000000a5100000| Untracked |  0
|  52|0x00000000a5200000, 0x00000000a5200000, 0x00000000a5300000|  0%| F|  |TAMS 0x00000000a5200000| PB 0x00000000a5200000| Untracked |  0
|  53|0x00000000a5300000, 0x00000000a5300000, 0x00000000a5400000|  0%| F|  |TAMS 0x00000000a5300000| PB 0x00000000a5300000| Untracked |  0
|  54|0x00000000a5400000, 0x00000000a5400000, 0x00000000a5500000|  0%| F|  |TAMS 0x00000000a5400000| PB 0x00000000a5400000| Untracked |  0
|  55|0x00000000a5500000, 0x00000000a5500000, 0x00000000a5600000|  0%| F|  |TAMS 0x00000000a5500000| PB 0x00000000a5500000| Untracked |  0
|  56|0x00000000a5600000, 0x00000000a5600000, 0x00000000a5700000|  0%| F|  |TAMS 0x00000000a5600000| PB 0x00000000a5600000| Untracked |  0
|  57|0x00000000a5700000, 0x00000000a5700000, 0x00000000a5800000|  0%| F|  |TAMS 0x00000000a5700000| PB 0x00000000a5700000| Untracked |  0
|  58|0x00000000a5800000, 0x00000000a5800000, 0x00000000a5900000|  0%| F|  |TAMS 0x00000000a5800000| PB 0x00000000a5800000| Untracked |  0
|  59|0x00000000a5900000, 0x00000000a5900000, 0x00000000a5a00000|  0%| F|  |TAMS 0x00000000a5900000| PB 0x00000000a5900000| Untracked |  0
|  60|0x00000000a5a00000, 0x00000000a5a00000, 0x00000000a5b00000|  0%| F|  |TAMS 0x00000000a5a00000| PB 0x00000000a5a00000| Untracked |  0
|  61|0x00000000a5b00000, 0x00000000a5b00000, 0x00000000a5c00000|  0%| F|  |TAMS 0x00000000a5b00000| PB 0x00000000a5b00000| Untracked |  0
|  62|0x00000000a5c00000, 0x00000000a5c00000, 0x00000000a5d00000|  0%| F|  |TAMS 0x00000000a5c00000| PB 0x00000000a5c00000| Untracked |  0
|  63|0x00000000a5d00000, 0x00000000a5d00000, 0x00000000a5e00000|  0%| F|  |TAMS 0x00000000a5d00000| PB 0x00000000a5d00000| Untracked |  0
|  64|0x00000000a5e00000, 0x00000000a5e00000, 0x00000000a5f00000|  0%| F|  |TAMS 0x00000000a5e00000| PB 0x00000000a5e00000| Untracked |  0
|  65|0x00000000a5f00000, 0x00000000a5f00000, 0x00000000a6000000|  0%| F|  |TAMS 0x00000000a5f00000| PB 0x00000000a5f00000| Untracked |  0
|  66|0x00000000a6000000, 0x00000000a6000000, 0x00000000a6100000|  0%| F|  |TAMS 0x00000000a6000000| PB 0x00000000a6000000| Untracked |  0
|  67|0x00000000a6100000, 0x00000000a6100000, 0x00000000a6200000|  0%| F|  |TAMS 0x00000000a6100000| PB 0x00000000a6100000| Untracked |  0
|  68|0x00000000a6200000, 0x00000000a6200000, 0x00000000a6300000|  0%| F|  |TAMS 0x00000000a6200000| PB 0x00000000a6200000| Untracked |  0
|  69|0x00000000a6300000, 0x00000000a6300000, 0x00000000a6400000|  0%| F|  |TAMS 0x00000000a6300000| PB 0x00000000a6300000| Untracked |  0
|  70|0x00000000a6400000, 0x00000000a6400000, 0x00000000a6500000|  0%| F|  |TAMS 0x00000000a6400000| PB 0x00000000a6400000| Untracked |  0
|  71|0x00000000a6500000, 0x00000000a6500000, 0x00000000a6600000|  0%| F|  |TAMS 0x00000000a6500000| PB 0x00000000a6500000| Untracked |  0
|  72|0x00000000a6600000, 0x00000000a6600000, 0x00000000a6700000|  0%| F|  |TAMS 0x00000000a6600000| PB 0x00000000a6600000| Untracked |  0
|  73|0x00000000a6700000, 0x00000000a6700000, 0x00000000a6800000|  0%| F|  |TAMS 0x00000000a6700000| PB 0x00000000a6700000| Untracked |  0
|  74|0x00000000a6800000, 0x00000000a6800000, 0x00000000a6900000|  0%| F|  |TAMS 0x00000000a6800000| PB 0x00000000a6800000| Untracked |  0
|  75|0x00000000a6900000, 0x00000000a6900000, 0x00000000a6a00000|  0%| F|  |TAMS 0x00000000a6900000| PB 0x00000000a6900000| Untracked |  0
|  76|0x00000000a6a00000, 0x00000000a6a00000, 0x00000000a6b00000|  0%| F|  |TAMS 0x00000000a6a00000| PB 0x00000000a6a00000| Untracked |  0
|  77|0x00000000a6b00000, 0x00000000a6b00000, 0x00000000a6c00000|  0%| F|  |TAMS 0x00000000a6b00000| PB 0x00000000a6b00000| Untracked |  0
|  78|0x00000000a6c00000, 0x00000000a6c00000, 0x00000000a6d00000|  0%| F|  |TAMS 0x00000000a6c00000| PB 0x00000000a6c00000| Untracked |  0
|  79|0x00000000a6d00000, 0x00000000a6d00000, 0x00000000a6e00000|  0%| F|  |TAMS 0x00000000a6d00000| PB 0x00000000a6d00000| Untracked |  0
|  80|0x00000000a6e00000, 0x00000000a6e00000, 0x00000000a6f00000|  0%| F|  |TAMS 0x00000000a6e00000| PB 0x00000000a6e00000| Untracked |  0
|  81|0x00000000a6f00000, 0x00000000a6f00000, 0x00000000a7000000|  0%| F|  |TAMS 0x00000000a6f00000| PB 0x00000000a6f00000| Untracked |  0
|  82|0x00000000a7000000, 0x00000000a7000000, 0x00000000a7100000|  0%| F|  |TAMS 0x00000000a7000000| PB 0x00000000a7000000| Untracked |  0
|  83|0x00000000a7100000, 0x00000000a7100000, 0x00000000a7200000|  0%| F|  |TAMS 0x00000000a7100000| PB 0x00000000a7100000| Untracked |  0
|  84|0x00000000a7200000, 0x00000000a7200000, 0x00000000a7300000|  0%| F|  |TAMS 0x00000000a7200000| PB 0x00000000a7200000| Untracked |  0
|  85|0x00000000a7300000, 0x00000000a7300000, 0x00000000a7400000|  0%| F|  |TAMS 0x00000000a7300000| PB 0x00000000a7300000| Untracked |  0
|  86|0x00000000a7400000, 0x00000000a7400000, 0x00000000a7500000|  0%| F|  |TAMS 0x00000000a7400000| PB 0x00000000a7400000| Untracked |  0
|  87|0x00000000a7500000, 0x00000000a7500000, 0x00000000a7600000|  0%| F|  |TAMS 0x00000000a7500000| PB 0x00000000a7500000| Untracked |  0
|  88|0x00000000a7600000, 0x00000000a7600000, 0x00000000a7700000|  0%| F|  |TAMS 0x00000000a7600000| PB 0x00000000a7600000| Untracked |  0
|  89|0x00000000a7700000, 0x00000000a7780000, 0x00000000a7800000| 50%| E|  |TAMS 0x00000000a7700000| PB 0x00000000a7700000| Complete |  0
|  90|0x00000000a7800000, 0x00000000a7900000, 0x00000000a7900000|100%| E|CS|TAMS 0x00000000a7800000| PB 0x00000000a7800000| Complete |  0
|  91|0x00000000a7900000, 0x00000000a7a00000, 0x00000000a7a00000|100%| E|CS|TAMS 0x00000000a7900000| PB 0x00000000a7900000| Complete |  0
|  92|0x00000000a7a00000, 0x00000000a7b00000, 0x00000000a7b00000|100%| E|CS|TAMS 0x00000000a7a00000| PB 0x00000000a7a00000| Complete |  0
|  93|0x00000000a7b00000, 0x00000000a7c00000, 0x00000000a7c00000|100%| E|CS|TAMS 0x00000000a7b00000| PB 0x00000000a7b00000| Complete |  0
|  94|0x00000000a7c00000, 0x00000000a7d00000, 0x00000000a7d00000|100%| E|CS|TAMS 0x00000000a7c00000| PB 0x00000000a7c00000| Complete |  0
|  95|0x00000000a7d00000, 0x00000000a7e00000, 0x00000000a7e00000|100%| E|CS|TAMS 0x00000000a7d00000| PB 0x00000000a7d00000| Complete |  0

Card table byte_map: [0x000001f4fd460000,0x000001f4fd760000] _byte_map_base: 0x000001f4fcf51000

Marking Bits: (CMBitMap*) 0x000001f4fcdb5ec0
 Bits: [0x000001f4fd760000, 0x000001f4feee8000)

Polling page: 0x000001f4fab70000

Metaspace:

Usage:
  Non-class:     13.58 MB used.
      Class:      1.90 MB used.
       Both:     15.48 MB used.

Virtual space:
  Non-class space:       64.00 MB reserved,      13.75 MB ( 21%) committed,  1 nodes.
      Class space:        1.00 GB reserved,       2.00 MB ( <1%) committed,  1 nodes.
             Both:        1.06 GB reserved,      15.75 MB (  1%) committed. 

Chunk freelists:
   Non-Class:  2.09 MB
       Class:  13.89 MB
        Both:  15.98 MB

MaxMetaspaceSize: unlimited
CompressedClassSpaceSize: 1.00 GB
Initial GC threshold: 21.00 MB
Current GC threshold: 21.00 MB
CDS: on
 - commit_granule_bytes: 65536.
 - commit_granule_words: 8192.
 - virtual_space_node_default_size: 8388608.
 - enlarge_chunks_in_place: 1.
 - use_allocation_guard: 0.


Internal statistics:

num_allocs_failed_limit: 0.
num_arena_births: 164.
num_arena_deaths: 0.
num_vsnodes_births: 2.
num_vsnodes_deaths: 0.
num_space_committed: 252.
num_space_uncommitted: 0.
num_chunks_returned_to_freelist: 0.
num_chunks_taken_from_freelist: 685.
num_chunk_merges: 0.
num_chunk_splits: 476.
num_chunks_enlarged: 391.
num_inconsistent_stats: 0.

CodeHeap 'non-profiled nmethods': size=120064Kb used=1225Kb max_used=1225Kb free=118838Kb
 bounds [0x000001f490140000, 0x000001f4903b0000, 0x000001f497680000]
CodeHeap 'profiled nmethods': size=120000Kb used=5651Kb max_used=5651Kb free=114348Kb
 bounds [0x000001f488680000, 0x000001f488c10000, 0x000001f48fbb0000]
CodeHeap 'non-nmethods': size=5696Kb used=1398Kb max_used=1427Kb free=4297Kb
 bounds [0x000001f48fbb0000, 0x000001f48fe20000, 0x000001f490140000]
CodeCache: size=245760Kb, used=8274Kb, max_used=8303Kb, free=237483Kb
 total_blobs=4243, nmethods=3741, adapters=407, full_count=0
Compilation: enabled, stopped_count=0, restarted_count=0

Compilation events (20 events):
Event: 5.330 Thread 0x000001f4df87d5d0 nmethod 3500 0x000001f490261d88 code [0x000001f490261fe0, 0x000001f4902633d0]
Event: 5.330 Thread 0x000001f4ff8fd4d0 nmethod 3554 0x000001f488ba3c88 code [0x000001f488ba3ee0, 0x000001f488ba4cb8]
Event: 5.330 Thread 0x000001f4df87d5d0 3534       4       java.lang.invoke.Invokers$Holder::linkToTargetMethod (9 bytes)
Event: 5.330 Thread 0x000001f4ff8fd4d0 3553       1       org.apache.maven.model.Parent::getGroupId (5 bytes)
Event: 5.330 Thread 0x000001f4ff8fd4d0 nmethod 3553 0x000001f490263508 code [0x000001f490263620, 0x000001f4902636e8]
Event: 5.330 Thread 0x000001f4ff8fd4d0 3556       3       java.util.Collections::singletonIterator (9 bytes)
Event: 5.331 Thread 0x000001f4ff8fd4d0 nmethod 3556 0x000001f488ba4d88 code [0x000001f488ba4ec0, 0x000001f488ba5128]
Event: 5.331 Thread 0x000001f4ff8fd4d0 3555       1       org.eclipse.aether.graph.Dependency::getScope (5 bytes)
Event: 5.331 Thread 0x000001f4ff8fd4d0 nmethod 3555 0x000001f490263808 code [0x000001f490263920, 0x000001f4902639e8]
Event: 5.331 Thread 0x000001f4df87d5d0 nmethod 3534 0x000001f490263b08 code [0x000001f490263c20, 0x000001f490263d18]
Event: 5.331 Thread 0x000001f4df87d5d0 3518       4       java.util.concurrent.ConcurrentHashMap$EntryIterator::next (51 bytes)
Event: 5.335 Thread 0x000001f4ff8fd4d0 3557       3       org.codehaus.plexus.util.xml.pull.MXParser::skipS (17 bytes)
Event: 5.335 Thread 0x000001f4ff8fd4d0 nmethod 3557 0x000001f488ba5188 code [0x000001f488ba52c0, 0x000001f488ba55d8]
Event: 5.335 Thread 0x000001f4ff8fd4d0 3558       3       java.util.Collections::unmodifiableMap (22 bytes)
Event: 5.336 Thread 0x000001f4ff8fd4d0 nmethod 3558 0x000001f488ba5608 code [0x000001f488ba5760, 0x000001f488ba5be8]
Event: 5.336 Thread 0x000001f4ff8fd4d0 3559       3       java.util.Collections$UnmodifiableMap::<init> (22 bytes)
Event: 5.336 Thread 0x000001f4ff8fd4d0 nmethod 3559 0x000001f488ba5c08 code [0x000001f488ba5d40, 0x000001f488ba5ff8]
Event: 5.336 Thread 0x000001f4ff8fd4d0 3560       3       org.apache.maven.model.ModelBase::getDependencies (23 bytes)
Event: 5.336 Thread 0x000001f4ff8fd4d0 nmethod 3560 0x000001f488ba6088 code [0x000001f488ba61c0, 0x000001f488ba6598]
Event: 5.336 Thread 0x000001f4ff8fd4d0 3567       3       org.codehaus.plexus.interpolation.reflection.ReflectionValueExtractor::evaluate (242 bytes)

GC Heap History (4 events):
Event: 2.154 GC heap before
{Heap before GC invocations=0 (full 0):
 garbage-first heap   total reserved 1542144K, committed 98304K, used 24576K [0x00000000a1e00000, 0x0000000100000000)
  region size 1024K, 24 young (24576K), 0 survivors (0K)
 Metaspace       used 5939K, committed 6144K, reserved 1114112K
  class space    used 729K, committed 832K, reserved 1048576K
}
Event: 2.177 GC heap after
{Heap after GC invocations=1 (full 0):
 garbage-first heap   total reserved 1542144K, committed 98304K, used 3823K [0x00000000a1e00000, 0x0000000100000000)
  region size 1024K, 3 young (3072K), 3 survivors (3072K)
 Metaspace       used 5939K, committed 6144K, reserved 1114112K
  class space    used 729K, committed 832K, reserved 1048576K
}
Event: 2.937 GC heap before
{Heap before GC invocations=1 (full 0):
 garbage-first heap   total reserved 1542144K, committed 98304K, used 26351K [0x00000000a1e00000, 0x0000000100000000)
  region size 1024K, 25 young (25600K), 3 survivors (3072K)
 Metaspace       used 8432K, committed 8640K, reserved 1114112K
  class space    used 1020K, committed 1152K, reserved 1048576K
}
Event: 2.945 GC heap after
{Heap after GC invocations=2 (full 0):
 garbage-first heap   total reserved 1542144K, committed 98304K, used 5328K [0x00000000a1e00000, 0x0000000100000000)
  region size 1024K, 2 young (2048K), 2 survivors (2048K)
 Metaspace       used 8432K, committed 8640K, reserved 1114112K
  class space    used 1020K, committed 1152K, reserved 1048576K
}

Dll operation events (8 events):
Event: 0.020 Loaded shared library C:\Program Files\Java\jdk-23\bin\java.dll
Event: 0.103 Loaded shared library C:\Program Files\Java\jdk-23\bin\jsvml.dll
Event: 0.144 Loaded shared library C:\Program Files\Java\jdk-23\bin\net.dll
Event: 0.148 Loaded shared library C:\Program Files\Java\jdk-23\bin\nio.dll
Event: 0.157 Loaded shared library C:\Program Files\Java\jdk-23\bin\zip.dll
Event: 0.623 Loaded shared library C:\Program Files\Java\jdk-23\bin\jimage.dll
Event: 0.693 Loaded shared library C:\Program Files\NetBeans-24\netbeans\java\maven\lib\jansi-native\Windows\x86_64\jansi.dll
Event: 0.730 Loaded shared library C:\Program Files\Java\jdk-23\bin\verify.dll

Deoptimization events (20 events):
Event: 5.179 Thread 0x000001f4fcd69770 Uncommon trap: trap_request=0xffffff45 fr.pc=0x000001f490245600 relative=0x00000000000008c0
Event: 5.179 Thread 0x000001f4fcd69770 Uncommon trap: reason=unstable_if action=reinterpret pc=0x000001f490245600 method=java.util.HashMap.hash(Ljava/lang/Object;)I @ 1 c2
Event: 5.179 Thread 0x000001f4fcd69770 DEOPT PACKING pc=0x000001f490245600 sp=0x000000a5fc9fe650
Event: 5.179 Thread 0x000001f4fcd69770 DEOPT UNPACKING pc=0x000001f48fc04402 sp=0x000000a5fc9fe5e0 mode 2
Event: 5.202 Thread 0x000001f4fcd69770 Uncommon trap: trap_request=0xffffff45 fr.pc=0x000001f4902409c8 relative=0x00000000000013a8
Event: 5.202 Thread 0x000001f4fcd69770 Uncommon trap: reason=unstable_if action=reinterpret pc=0x000001f4902409c8 method=org.codehaus.plexus.util.xml.pull.MXParser.nextImpl()I @ 973 c2
Event: 5.202 Thread 0x000001f4fcd69770 DEOPT PACKING pc=0x000001f4902409c8 sp=0x000000a5fc9fd310
Event: 5.202 Thread 0x000001f4fcd69770 DEOPT UNPACKING pc=0x000001f48fc04402 sp=0x000000a5fc9fd2b8 mode 2
Event: 5.234 Thread 0x000001f4fcd69770 Uncommon trap: trap_request=0xffffff45 fr.pc=0x000001f49023c560 relative=0x0000000000000240
Event: 5.234 Thread 0x000001f4fcd69770 Uncommon trap: reason=unstable_if action=reinterpret pc=0x000001f49023c560 method=org.codehaus.plexus.util.xml.pull.MXParser.isS(C)Z @ 21 c2
Event: 5.234 Thread 0x000001f4fcd69770 DEOPT PACKING pc=0x000001f49023c560 sp=0x000000a5fc9fd070
Event: 5.234 Thread 0x000001f4fcd69770 DEOPT UNPACKING pc=0x000001f48fc04402 sp=0x000000a5fc9fcf98 mode 2
Event: 5.274 Thread 0x000001f4fcd69770 Uncommon trap: trap_request=0xffffff45 fr.pc=0x000001f49021cddc relative=0x000000000000005c
Event: 5.274 Thread 0x000001f4fcd69770 Uncommon trap: reason=unstable_if action=reinterpret pc=0x000001f49021cddc method=org.codehaus.plexus.util.xml.pull.MXParser.isValidCodePoint(I)Z @ 3 c2
Event: 5.274 Thread 0x000001f4fcd69770 DEOPT PACKING pc=0x000001f49021cddc sp=0x000000a5fc9fc4a0
Event: 5.274 Thread 0x000001f4fcd69770 DEOPT UNPACKING pc=0x000001f48fc04402 sp=0x000000a5fc9fc430 mode 2
Event: 5.330 Thread 0x000001f4fcd69770 Uncommon trap: trap_request=0xffffffde fr.pc=0x000001f49017c0a4 relative=0x0000000000000e44
Event: 5.330 Thread 0x000001f4fcd69770 Uncommon trap: reason=class_check action=maybe_recompile pc=0x000001f49017c0a4 method=java.util.concurrent.ConcurrentHashMap.putVal(Ljava/lang/Object;Ljava/lang/Object;Z)Ljava/lang/Object; @ 242 c2
Event: 5.330 Thread 0x000001f4fcd69770 DEOPT PACKING pc=0x000001f49017c0a4 sp=0x000000a5fc9fcff0
Event: 5.330 Thread 0x000001f4fcd69770 DEOPT UNPACKING pc=0x000001f48fc04402 sp=0x000000a5fc9fcf60 mode 2

Classes loaded (20 events):
Event: 4.462 Loading class java/nio/file/AccessMode
Event: 4.462 Loading class java/nio/file/AccessMode done
Event: 4.462 Loading class sun/nio/fs/WindowsFileSystemProvider$1
Event: 4.462 Loading class sun/nio/fs/WindowsFileSystemProvider$1 done
Event: 4.469 Loading class sun/nio/ch/FileLockImpl
Event: 4.469 Loading class sun/nio/ch/FileLockImpl done
Event: 4.469 Loading class sun/nio/ch/FileLockTable
Event: 4.469 Loading class sun/nio/ch/FileLockTable done
Event: 4.469 Loading class sun/nio/ch/FileKey
Event: 4.469 Loading class sun/nio/ch/FileKey done
Event: 4.469 Loading class sun/nio/ch/FileLockTable$FileLockReference
Event: 4.469 Loading class sun/nio/ch/FileLockTable$FileLockReference done
Event: 4.470 Loading class java/util/AbstractMap$2
Event: 4.470 Loading class java/util/AbstractMap$2 done
Event: 4.471 Loading class java/util/AbstractMap$ValueIterator
Event: 4.471 Loading class java/util/AbstractMap$ValueIterator done
Event: 4.488 Loading class java/util/Formatter$FixedString
Event: 4.488 Loading class java/util/Formatter$FixedString done
Event: 4.531 Loading class java/util/stream/Streams$RangeIntSpliterator
Event: 4.531 Loading class java/util/stream/Streams$RangeIntSpliterator done

Classes unloaded (0 events):
No events

Classes redefined (0 events):
No events

Internal exceptions (20 events):
Event: 3.468 Thread 0x000001f4fcd69770 Exception <a 'java/lang/NoSuchMethodError'{0x00000000a7054618}: 'long java.lang.invoke.DirectMethodHandle$Holder.invokeStatic(java.lang.Object, java.lang.Object, int)'> (0x00000000a7054618) 
thrown [s\open\src\hotspot\share\interpreter\linkResolver.cpp, line 796]
Event: 3.471 Thread 0x000001f4fcd69770 Exception <a 'java/lang/NoSuchMethodError'{0x00000000a7067c18}: 'java.lang.Object java.lang.invoke.DirectMethodHandle$Holder.invokeStatic(java.lang.Object, java.lang.Object, java.lang.Object, java.lang.Object, int)'> (0x00000000a7067c18) 
thrown [s\open\src\hotspot\share\interpreter\linkResolver.cpp, line 796]
Event: 3.472 Thread 0x000001f4fcd69770 Exception <a 'java/lang/NoSuchMethodError'{0x00000000a706fe00}: 'java.lang.Object java.lang.invoke.DirectMethodHandle$Holder.invokeSpecial(java.lang.Object, java.lang.Object, java.lang.Object, java.lang.Object, long)'> (0x00000000a706fe00) 
thrown [s\open\src\hotspot\share\interpreter\linkResolver.cpp, line 796]
Event: 3.473 Thread 0x000001f4fcd69770 Exception <a 'java/lang/NoSuchMethodError'{0x00000000a707bbf0}: 'java.lang.Object java.lang.invoke.DirectMethodHandle$Holder.invokeSpecial(java.lang.Object, java.lang.Object, java.lang.Object, int, java.lang.Object)'> (0x00000000a707bbf0) 
thrown [s\open\src\hotspot\share\interpreter\linkResolver.cpp, line 796]
Event: 3.478 Thread 0x000001f4fcd69770 Implicit null exception at 0x000001f4901b1ebd to 0x000001f4901b2050
Event: 3.481 Thread 0x000001f4fcd69770 Exception <a 'java/lang/NoSuchMethodError'{0x00000000a70a4c30}: 'java.lang.Object java.lang.invoke.Invokers$Holder.invokeExact_MT(java.lang.Object, int, java.lang.Object)'> (0x00000000a70a4c30) 
thrown [s\open\src\hotspot\share\interpreter\linkResolver.cpp, line 796]
Event: 3.875 Thread 0x000001f4fcd69770 Exception <a 'java/lang/NoSuchMethodError'{0x00000000a68dfee8}: 'void java.lang.invoke.Invokers$Holder.invokeExact_MT(java.lang.Object, java.lang.Object, java.lang.Object, java.lang.Object)'> (0x00000000a68dfee8) 
thrown [s\open\src\hotspot\share\interpreter\linkResolver.cpp, line 796]
Event: 3.904 Thread 0x000001f4fcd69770 Exception <a 'java/lang/NoClassDefFoundError'{0x00000000a65721c0}: com/google/inject/servlet/ServletModuleTargetVisitor> (0x00000000a65721c0) 
thrown [s\open\src\hotspot\share\classfile\systemDictionary.cpp, line 302]
Event: 4.008 Thread 0x000001f4fcd69770 Exception <a 'java/lang/NoSuchMethodError'{0x00000000a6216948}: 'void java.lang.invoke.DirectMethodHandle$Holder.invokeVirtual(java.lang.Object, java.lang.Object)'> (0x00000000a6216948) 
thrown [s\open\src\hotspot\share\interpreter\linkResolver.cpp, line 796]
Event: 4.068 Thread 0x000001f4fcd69770 Exception <a 'java/lang/NoSuchMethodError'{0x00000000a62a5da0}: 'java.lang.Object java.lang.invoke.DirectMethodHandle$Holder.invokeStaticInit(java.lang.Object, int, int, int, int)'> (0x00000000a62a5da0) 
thrown [s\open\src\hotspot\share\interpreter\linkResolver.cpp, line 796]
Event: 4.321 Thread 0x000001f4fcd69770 Exception <a 'java/lang/NoSuchMethodError'{0x00000000a5d41fb0}: 'void java.lang.invoke.DirectMethodHandle$Holder.invokeSpecial(java.lang.Object, java.lang.Object, java.lang.Object, java.lang.Object, java.lang.Object)'> (0x00000000a5d41fb0) 
thrown [s\open\src\hotspot\share\interpreter\linkResolver.cpp, line 796]
Event: 4.327 Thread 0x000001f4fcd69770 Exception <a 'java/lang/NoSuchMethodError'{0x00000000a5d5c448}: 'java.lang.Object java.lang.invoke.DirectMethodHandle$Holder.invokeVirtual(java.lang.Object, java.lang.Object, java.lang.Object)'> (0x00000000a5d5c448) 
thrown [s\open\src\hotspot\share\interpreter\linkResolver.cpp, line 796]
Event: 4.332 Thread 0x000001f4fcd69770 Exception <a 'java/lang/NoSuchMethodError'{0x00000000a5d698b0}: 'void java.lang.invoke.DirectMethodHandle$Holder.invokeSpecial(java.lang.Object, java.lang.Object, java.lang.Object, java.lang.Object, java.lang.Object, java.lang.Object)'> (0x00000000a5d698b0) 
thrown [s\open\src\hotspot\share\interpreter\linkResolver.cpp, line 796]
Event: 4.397 Thread 0x000001f4fcd69770 Exception <a 'java/lang/NoSuchMethodError'{0x00000000a5b0bcb0}: 'void java.lang.invoke.DirectMethodHandle$Holder.invokeVirtual(java.lang.Object, java.lang.Object, int)'> (0x00000000a5b0bcb0) 
thrown [s\open\src\hotspot\share\interpreter\linkResolver.cpp, line 796]
Event: 4.397 Thread 0x000001f4fcd69770 Exception <a 'java/lang/NoSuchMethodError'{0x00000000a5b0fac8}: 'void java.lang.invoke.DirectMethodHandle$Holder.invokeSpecial(java.lang.Object, java.lang.Object, java.lang.Object, int)'> (0x00000000a5b0fac8) 
thrown [s\open\src\hotspot\share\interpreter\linkResolver.cpp, line 796]
Event: 4.398 Thread 0x000001f4fcd69770 Exception <a 'java/lang/NoSuchMethodError'{0x00000000a5b131b0}: 'void java.lang.invoke.DelegatingMethodHandle$Holder.reinvoke_L(java.lang.Object, java.lang.Object, int)'> (0x00000000a5b131b0) 
thrown [s\open\src\hotspot\share\interpreter\linkResolver.cpp, line 796]
Event: 5.178 Thread 0x000001f4fcd69770 Implicit null exception at 0x000001f4901e67e8 to 0x000001f4901e69d8
Event: 5.178 Thread 0x000001f4fcd69770 Implicit null exception at 0x000001f490242d3f to 0x000001f4902445e8
Event: 5.178 Thread 0x000001f4fcd69770 Implicit null exception at 0x000001f4901e77e8 to 0x000001f4901e79c4
Event: 5.179 Thread 0x000001f4fcd69770 Implicit null exception at 0x000001f490244d7d to 0x000001f4902455e4

VM Operations (20 events):
Event: 3.430 Executing VM operation: HandshakeAllThreads (Deoptimize)
Event: 3.430 Executing VM operation: HandshakeAllThreads (Deoptimize) done
Event: 3.540 Executing VM operation: HandshakeAllThreads (Deoptimize)
Event: 3.540 Executing VM operation: HandshakeAllThreads (Deoptimize) done
Event: 3.543 Executing VM operation: HandshakeAllThreads (Deoptimize)
Event: 3.543 Executing VM operation: HandshakeAllThreads (Deoptimize) done
Event: 3.641 Executing VM operation: HandshakeAllThreads (Deoptimize)
Event: 3.641 Executing VM operation: HandshakeAllThreads (Deoptimize) done
Event: 3.867 Executing VM operation: HandshakeAllThreads (Deoptimize)
Event: 3.867 Executing VM operation: HandshakeAllThreads (Deoptimize) done
Event: 4.023 Executing VM operation: HandshakeAllThreads (Deoptimize)
Event: 4.023 Executing VM operation: HandshakeAllThreads (Deoptimize) done
Event: 4.090 Executing VM operation: HandshakeAllThreads (Deoptimize)
Event: 4.090 Executing VM operation: HandshakeAllThreads (Deoptimize) done
Event: 4.145 Executing VM operation: HandshakeAllThreads (Deoptimize)
Event: 4.145 Executing VM operation: HandshakeAllThreads (Deoptimize) done
Event: 4.244 Executing VM operation: HandshakeAllThreads (Deoptimize)
Event: 4.244 Executing VM operation: HandshakeAllThreads (Deoptimize) done
Event: 4.247 Executing VM operation: HandshakeAllThreads (Deoptimize)
Event: 4.247 Executing VM operation: HandshakeAllThreads (Deoptimize) done

Memory protections (0 events):
No events

Nmethod flushes (0 events):
No events

Events (20 events):
Event: 0.063 Thread 0x000001f4fcd69770 Thread added: 0x000001f4fcd69770
Event: 0.092 Thread 0x000001f4fcd69770 Thread added: 0x000001f4ff8f1710
Event: 0.093 Thread 0x000001f4fcd69770 Thread added: 0x000001f4ff8f37f0
Event: 0.093 Thread 0x000001f4fcd69770 Thread added: 0x000001f4ff8f62a0
Event: 0.093 Thread 0x000001f4fcd69770 Thread added: 0x000001f4ff8f9ae0
Event: 0.093 Thread 0x000001f4fcd69770 Thread added: 0x000001f4ff8fa9c0
Event: 0.093 Thread 0x000001f4fcd69770 Thread added: 0x000001f4ff8fb420
Event: 0.094 Thread 0x000001f4fcd69770 Thread added: 0x000001f4ff8fc510
Event: 0.094 Thread 0x000001f4fcd69770 Thread added: 0x000001f4ff8fd4d0
Event: 0.132 Thread 0x000001f4fcd69770 Thread added: 0x000001f4997566c0
Event: 0.138 Thread 0x000001f4fcd69770 Thread added: 0x000001f49975d170
Event: 0.601 Thread 0x000001f4fcd69770 Thread added: 0x000001f4999a1650
Event: 1.847 Thread 0x000001f4999a1650 Thread exited: 0x000001f4999a1650
Event: 2.042 Thread 0x000001f4ff8fd4d0 Thread added: 0x000001f4df7e4b90
Event: 2.069 Thread 0x000001f4ff8fd4d0 Thread added: 0x000001f4df7beb50
Event: 2.621 Thread 0x000001f4df7beb50 Thread exited: 0x000001f4df7beb50
Event: 4.722 Thread 0x000001f4df7e4b90 Thread exited: 0x000001f4df7e4b90
Event: 4.785 Thread 0x000001f4ff8fc510 Thread added: 0x000001f4e0243ca0
Event: 5.169 Thread 0x000001f4e0243ca0 Thread exited: 0x000001f4e0243ca0
Event: 5.279 Thread 0x000001f4ff8fd4d0 Thread added: 0x000001f4df87d5d0


Dynamic libraries:
0x00007ff763c70000 - 0x00007ff763c80000 	C:\Program Files\Java\jdk-23\bin\java.exe
0x00007ffd3ab10000 - 0x00007ffd3ad27000 	C:\WINDOWS\SYSTEM32\ntdll.dll
0x00007ffd39450000 - 0x00007ffd39514000 	C:\WINDOWS\System32\KERNEL32.DLL
0x00007ffd38130000 - 0x00007ffd384ea000 	C:\WINDOWS\System32\KERNELBASE.dll
0x00007ffd38590000 - 0x00007ffd386a1000 	C:\WINDOWS\System32\ucrtbase.dll
0x00007ffd33010000 - 0x00007ffd3302b000 	C:\Program Files\Java\jdk-23\bin\VCRUNTIME140.dll
0x00007ffd0c240000 - 0x00007ffd0c257000 	C:\Program Files\Java\jdk-23\bin\jli.dll
0x00007ffd3a5b0000 - 0x00007ffd3a75e000 	C:\WINDOWS\System32\USER32.dll
0x00007ffd37dd0000 - 0x00007ffd37df6000 	C:\WINDOWS\System32\win32u.dll
0x00007ffd38f90000 - 0x00007ffd38fb9000 	C:\WINDOWS\System32\GDI32.dll
0x00007ffd37080000 - 0x00007ffd37312000 	C:\WINDOWS\WinSxS\amd64_microsoft.windows.common-controls_6595b64144ccf1df_6.0.22621.4541_none_2710d1c57384c085\COMCTL32.dll
0x00007ffd386b0000 - 0x00007ffd387cb000 	C:\WINDOWS\System32\gdi32full.dll
0x00007ffd3a760000 - 0x00007ffd3a807000 	C:\WINDOWS\System32\msvcrt.dll
0x00007ffd384f0000 - 0x00007ffd3858a000 	C:\WINDOWS\System32\msvcp_win.dll
0x00007ffd393b0000 - 0x00007ffd393e1000 	C:\WINDOWS\System32\IMM32.DLL
0x00007ffd337a0000 - 0x00007ffd337ac000 	C:\Program Files\Java\jdk-23\bin\vcruntime140_1.dll
0x00007ffd04990000 - 0x00007ffd04a1e000 	C:\Program Files\Java\jdk-23\bin\msvcp140.dll
0x00007ffced380000 - 0x00007ffcee0d0000 	C:\Program Files\Java\jdk-23\bin\server\jvm.dll
0x00007ffd38860000 - 0x00007ffd38912000 	C:\WINDOWS\System32\ADVAPI32.dll
0x00007ffd39680000 - 0x00007ffd39727000 	C:\WINDOWS\System32\sechost.dll
0x00007ffd37da0000 - 0x00007ffd37dc8000 	C:\WINDOWS\System32\bcrypt.dll
0x00007ffd38e70000 - 0x00007ffd38f84000 	C:\WINDOWS\System32\RPCRT4.dll
0x00007ffd387d0000 - 0x00007ffd38841000 	C:\WINDOWS\System32\WS2_32.dll
0x00007ffd32f40000 - 0x00007ffd32f74000 	C:\WINDOWS\SYSTEM32\WINMM.dll
0x00007ffd34090000 - 0x00007ffd3409a000 	C:\WINDOWS\SYSTEM32\VERSION.dll
0x00007ffd37c70000 - 0x00007ffd37cbd000 	C:\WINDOWS\SYSTEM32\POWRPROF.dll
0x00007ffd37c50000 - 0x00007ffd37c63000 	C:\WINDOWS\SYSTEM32\UMPDC.dll
0x00007ffd35ec0000 - 0x00007ffd35ed8000 	C:\WINDOWS\SYSTEM32\kernel.appcore.dll
0x00007ffd22b80000 - 0x00007ffd22b8a000 	C:\Program Files\Java\jdk-23\bin\jimage.dll
0x00007ffd37610000 - 0x00007ffd37842000 	C:\WINDOWS\SYSTEM32\DBGHELP.DLL
0x00007ffd38a40000 - 0x00007ffd38dd1000 	C:\WINDOWS\System32\combase.dll
0x00007ffd39530000 - 0x00007ffd39607000 	C:\WINDOWS\System32\OLEAUT32.dll
0x00007ffd37500000 - 0x00007ffd37532000 	C:\WINDOWS\SYSTEM32\dbgcore.DLL
0x00007ffd37f70000 - 0x00007ffd37feb000 	C:\WINDOWS\System32\bcryptPrimitives.dll
0x00007ffd32fe0000 - 0x00007ffd32ffe000 	C:\Program Files\Java\jdk-23\bin\java.dll
0x00007ffd3a8f0000 - 0x00007ffd3aa95000 	C:\WINDOWS\System32\ole32.dll
0x00007ffd398b0000 - 0x00007ffd3a129000 	C:\WINDOWS\System32\SHELL32.dll
0x00007ffd34dc0000 - 0x00007ffd356c9000 	C:\WINDOWS\SYSTEM32\windows.storage.dll
0x00007ffd34c80000 - 0x00007ffd34dbf000 	C:\WINDOWS\SYSTEM32\wintypes.dll
0x00007ffd392a0000 - 0x00007ffd3939a000 	C:\WINDOWS\System32\SHCORE.dll
0x00007ffd393f0000 - 0x00007ffd3944e000 	C:\WINDOWS\System32\shlwapi.dll
0x00007ffd37cd0000 - 0x00007ffd37cfb000 	C:\WINDOWS\SYSTEM32\profapi.dll
0x00007ffd04a20000 - 0x00007ffd04af7000 	C:\Program Files\Java\jdk-23\bin\jsvml.dll
0x00007ffd210d0000 - 0x00007ffd210e0000 	C:\Program Files\Java\jdk-23\bin\net.dll
0x00007ffd36300000 - 0x00007ffd36369000 	C:\WINDOWS\system32\mswsock.dll
0x00007ffd157e0000 - 0x00007ffd157f6000 	C:\Program Files\Java\jdk-23\bin\nio.dll
0x00007ffd10f80000 - 0x00007ffd10f97000 	C:\Program Files\Java\jdk-23\bin\zip.dll
0x00007ffd0c210000 - 0x00007ffd0c234000 	C:\Program Files\NetBeans-24\netbeans\java\maven\lib\jansi-native\Windows\x86_64\jansi.dll
0x00007ffd20d50000 - 0x00007ffd20d60000 	C:\Program Files\Java\jdk-23\bin\verify.dll

dbghelp: loaded successfully - version: 4.0.5 - missing functions: none
symbol engine: initialized successfully - sym options: 0x614 - pdb path: .;C:\Program Files\Java\jdk-23\bin;C:\WINDOWS\SYSTEM32;C:\WINDOWS\WinSxS\amd64_microsoft.windows.common-controls_6595b64144ccf1df_6.0.22621.4541_none_2710d1c57384c085;C:\Program Files\Java\jdk-23\bin\server;C:\Program Files\NetBeans-24\netbeans\java\maven\lib\jansi-native\Windows\x86_64

VM Arguments:
jvm_args: -Dclassworlds.conf=C:\Program Files\NetBeans-24\netbeans\java\maven\bin\m2.conf -Dmaven.home=C:\Program Files\NetBeans-24\netbeans\java\maven -Dlibrary.jansi.path=C:\Program Files\NetBeans-24\netbeans\java\maven\lib\jansi-native -Dmaven.multiModuleProjectDirectory=C:\Users\Familia Pedraza\Documents\NetBeansProjects\Scanner 
java_command: org.codehaus.plexus.classworlds.launcher.Launcher -Dexec.vmArgs= -Dexec.args=${exec.vmArgs} -classpath %classpath ${exec.mainClass} ${exec.appArgs} -Dexec.appArgs= -Dexec.mainClass=com.mycompany.scanner.Scanner -Dexec.executable=C:\Program Files\Java\jdk-23\bin\java.exe -Dmaven.ext.class.path=C:\Program Files\NetBeans-24\netbeans\java\maven-nblib\netbeans-eventspy.jar --no-transfer-progress process-classes org.codehaus.mojo:exec-maven-plugin:3.1.0:exec
java_class_path (initial): C:\Program Files\NetBeans-24\netbeans\java\maven\boot\plexus-classworlds-2.8.0.jar
Launcher Type: SUN_STANDARD

[Global flags]
     intx CICompilerCount                          = 4                                         {product} {ergonomic}
     uint ConcGCThreads                            = 2                                         {product} {ergonomic}
     uint G1ConcRefinementThreads                  = 8                                         {product} {ergonomic}
   size_t G1HeapRegionSize                         = 1048576                                   {product} {ergonomic}
   size_t InitialHeapSize                          = 100663296                                 {product} {ergonomic}
   size_t MarkStackSize                            = 4194304                                   {product} {ergonomic}
   size_t MarkStackSizeMax                         = 536870912                                 {product} {ergonomic}
   size_t MaxHeapSize                              = 1579155456                                {product} {ergonomic}
   size_t MaxNewSize                               = 946864128                                 {product} {ergonomic}
   size_t MinHeapDeltaBytes                        = 1048576                                   {product} {ergonomic}
   size_t MinHeapSize                              = 8388608                                   {product} {ergonomic}
    uintx NonNMethodCodeHeapSize                   = 5832704                                {pd product} {ergonomic}
    uintx NonProfiledCodeHeapSize                  = 122945536                              {pd product} {ergonomic}
    uintx ProfiledCodeHeapSize                     = 122880000                              {pd product} {ergonomic}
    uintx ReservedCodeCacheSize                    = 251658240                              {pd product} {ergonomic}
     bool SegmentedCodeCache                       = true                                      {product} {ergonomic}
   size_t SoftMaxHeapSize                          = 1579155456                             {manageable} {ergonomic}
     bool UseCompressedOops                        = true                           {product lp64_product} {ergonomic}
     bool UseG1GC                                  = true                                      {product} {ergonomic}
     bool UseLargePagesIndividualAllocation        = false                                  {pd product} {ergonomic}

Logging:
Log output configuration:
 #0: stdout all=warning uptime,level,tags foldmultilines=false
 #1: stderr all=off uptime,level,tags foldmultilines=false

Environment Variables:
JAVA_HOME=C:\Program Files\Java\jdk-23
PATH=C:\Program Files\Common Files\Oracle\Java\javapath;C:\WINDOWS\system32;C:\WINDOWS;C:\WINDOWS\System32\Wbem;C:\WINDOWS\System32\WindowsPowerShell\v1.0\;C:\WINDOWS\System32\OpenSSH\;C:\Program Files (x86)\dotnet\;C:\Users\Familia Pedraza\AppData\Local\Microsoft\WindowsApps;
USERNAME=Familia Pedraza
TMPDIR=C:\Users\Public\Documents\Wondershare\CreatorTemp
OS=Windows_NT
PROCESSOR_IDENTIFIER=AMD64 Family 23 Model 24 Stepping 1, AuthenticAMD
TMP=C:\Users\FAMILI~1\AppData\Local\Temp
TEMP=C:\Users\FAMILI~1\AppData\Local\Temp




Periodic native trim disabled

---------------  S Y S T E M  ---------------

OS:
 Windows 11 , 64 bit Build 22621 (10.0.22621.4391)
OS uptime: 0 days 0:03 hours

CPU: total 8 (initial active 8) (8 cores per cpu, 2 threads per core) family 23 model 24 stepping 1 microcode 0x0, cx8, cmov, fxsr, ht, mmx, 3dnowpref, sse, sse2, sse3, ssse3, sse4a, sse4.1, sse4.2, popcnt, lzcnt, tsc, tscinvbit, avx, avx2, aes, clmul, bmi1, bmi2, adx, sha, fma, vzeroupper, clflush, clflushopt, rdtscp, f16c
Processor Information for the first 8 processors :
  Max Mhz: 2300, Current Mhz: 2300, Mhz Limit: 2300

Memory: 4k page, system-wide physical 6020M (801M free)
TotalPageFile size 15236M (AvailPageFile size 9949M)
current process WorkingSet (physical memory assigned to process): 142M, peak: 142M
current process commit charge ("private bytes"): 220M, peak: 221M

vm_info: Java HotSpot(TM) 64-Bit Server VM (23.0.2+7-58) for windows-amd64 JRE (23.0.2+7-58), built on 2024-11-29T09:34:55Z with MS VC++ 17.6 (VS2022)

END.
